 0.0000e+00  8.2270e-01  3.9424e+00  6.3404e+00
 1.0000e-02  8.2274e-01  3.9426e+00  6.3405e+00
 2.0000e-02  8.2284e-01  3.9431e+00  6.3408e+00
 3.0000e-02  8.2301e-01  3.9440e+00  6.3413e+00
 4.0000e-02  8.2324e-01  3.9452e+00  6.3420e+00
 5.0000e-02  8.2355e-01  3.9467e+00  6.3429e+00
 6.0000e-02  8.2392e-01  3.9487e+00  6.3441e+00
 7.0000e-02  8.2435e-01  3.9509e+00  6.3454e+00
 8.0000e-02  8.2486e-01  3.9535e+00  6.3469e+00
 9.0000e-02  8.2543e-01  3.9565e+00  6.3487e+00
 1.0000e-01  8.2607e-01  3.9598e+00  6.3506e+00
 1.1000e-01  8.2677e-01  3.9635e+00  6.3528e+00
 1.2000e-01  8.2754e-01  3.9675e+00  6.3551e+00
 1.3000e-01  8.2837e-01  3.9718e+00  6.3577e+00
 1.4000e-01  8.2927e-01  3.9766e+00  6.3604e+00
 1.5000e-01  8.3023e-01  3.9816e+00  6.3634e+00
 1.6000e-01  8.3125e-01  3.9871e+00  6.3665e+00
 1.7000e-01  8.3234e-01  3.9929e+00  6.3698e+00
 1.8000e-01  8.3349e-01  3.9990e+00  6.3734e+00
 1.9000e-01  8.3471e-01  4.0055e+00  6.3771e+00
 2.0000e-01  8.3598e-01  4.0124e+00  6.3810e+00
 2.1000e-01  8.3732e-01  4.0196e+00  6.3851e+00
 2.2000e-01  8.3871e-01  4.0272e+00  6.3894e+00
 2.3000e-01  8.4016e-01  4.0352e+00  6.3938e+00
 2.4000e-01  8.4167e-01  4.0435e+00  6.3985e+00
 2.5000e-01  8.4324e-01  4.0522e+00  6.4033e+00
 2.6000e-01  8.4487e-01  4.0613e+00  6.4083e+00
 2.7000e-01  8.4654e-01  4.0707e+00  6.4135e+00
 2.8000e-01  8.4828e-01  4.0806e+00  6.4188e+00
 2.9000e-01  8.5006e-01  4.0908e+00  6.4243e+00
 3.0000e-01  8.5190e-01  4.1013e+00  6.4300e+00
 3.1000e-01  8.5379e-01  4.1123e+00  6.4358e+00
 3.2000e-01  8.5573e-01  4.1236e+00  6.4418e+00
 3.3000e-01  8.5771e-01  4.1353e+00  6.4480e+00
 3.4000e-01  8.5973e-01  4.1474e+00  6.4542e+00
 3.5000e-01  8.6180e-01  4.1598e+00  6.4607e+00
 3.6000e-01  8.6392e-01  4.1727e+00  6.4673e+00
 3.7000e-01  8.6607e-01  4.1859e+00  6.4740e+00
 3.8000e-01  8.6826e-01  4.1996e+00  6.4808e+00
 3.9000e-01  8.7048e-01  4.2136e+00  6.4878e+00
 4.0000e-01  8.7274e-01  4.2280e+00  6.4949e+00
 4.1000e-01  8.7503e-01  4.2428e+00  6.5022e+00
 4.2000e-01  8.7734e-01  4.2580e+00  6.5095e+00
 4.3000e-01  8.7969e-01  4.2736e+00  6.5170e+00
 4.4000e-01  8.8208e-01  4.2896e+00  6.5245e+00
 4.5000e-01  8.8447e-01  4.3059e+00  6.5322e+00
 4.6000e-01  8.8687e-01  4.3227e+00  6.5399e+00
 4.7000e-01  8.8930e-01  4.3399e+00  6.5478e+00
 4.8000e-01  8.9173e-01  4.3574e+00  6.5557e+00
 4.9000e-01  8.9416e-01  4.3754e+00  6.5637e+00
 5.0000e-01  8.9660e-01  4.3937e+00  6.5717e+00
 5.1000e-01  8.9908e-01  4.4125e+00  6.5798e+00
 5.2000e-01  9.0152e-01  4.4316e+00  6.5880e+00
 5.3000e-01  9.0395e-01  4.4511e+00  6.5962e+00
 5.4000e-01  9.0637e-01  4.4710e+00  6.6044e+00
 5.5000e-01  9.0881e-01  4.4913e+00  6.6127e+00
 5.6000e-01  9.1119e-01  4.5120e+00  6.6210e+00
 5.7000e-01  9.1355e-01  4.5330e+00  6.6292e+00
 5.8000e-01  9.1591e-01  4.5544e+00  6.6375e+00
 5.9000e-01  9.1820e-01  4.5762e+00  6.6458e+00
 6.0000e-01  9.2045e-01  4.5984e+00  6.6540e+00
 6.1000e-01  9.2266e-01  4.6209e+00  6.6622e+00
 6.2000e-01  9.2484e-01  4.6438e+00  6.6704e+00
 6.3000e-01  9.2693e-01  4.6671e+00  6.6785e+00
 6.4000e-01  9.2896e-01  4.6907e+00  6.6865e+00
 6.5000e-01  9.3092e-01  4.7146e+00  6.6944e+00
 6.6000e-01  9.3281e-01  4.7389e+00  6.7022e+00
 6.7000e-01  9.3464e-01  4.7635e+00  6.7099e+00
 6.8000e-01  9.3632e-01  4.7884e+00  6.7175e+00
 6.9000e-01  9.3793e-01  4.8137e+00  6.7249e+00
 7.0000e-01  9.3943e-01  4.8392e+00  6.7322e+00
 7.1000e-01  9.4082e-01  4.8650e+00  6.7393e+00
 7.2000e-01  9.4209e-01  4.8911e+00  6.7461e+00
 7.3000e-01  9.4322e-01  4.9175e+00  6.7528e+00
 7.4000e-01  9.4417e-01  4.9441e+00  6.7592e+00
 7.5000e-01  9.4503e-01  4.9709e+00  6.7653e+00
 7.6000e-01  9.4565e-01  4.9980e+00  6.7711e+00
 7.7000e-01  9.4618e-01  5.0253e+00  6.7765e+00
 7.8000e-01  9.4648e-01  5.0528e+00  6.7815e+00
 7.9000e-01  9.4658e-01  5.0804e+00  6.7860e+00
 8.0000e-01  9.4644e-01  5.1083e+00  6.7899e+00
 8.1000e-01  9.4615e-01  5.1362e+00  6.7928e+00
 8.2000e-01  9.4554e-01  5.1643e+00  6.7943e+00
 8.3000e-01  9.4464e-01  5.1925e+00  6.7937e+00
 8.4000e-01  9.4337e-01  5.2208e+00  6.7897e+00
 8.5000e-01  9.4162e-01  5.2491e+00  6.7801e+00
 8.6000e-01  9.3921e-01  5.2775e+00  6.7612e+00
 8.7000e-01  9.3595e-01  5.3058e+00  6.7268e+00
 8.8000e-01  9.3131e-01  5.3341e+00  6.6676e+00
 8.9000e-01  9.2463e-01  5.3624e+00  6.5675e+00
 9.0000e-01  9.1477e-01  5.3905e+00  6.4044e+00
 9.1000e-01  9.0008e-01  5.4184e+00  6.1419e+00
 9.2000e-01  8.7797e-01  5.4459e+00  5.7243e+00
 9.3000e-01  8.4481e-01  5.4728e+00  5.0790e+00
 9.4000e-01  7.9529e-01  5.4988e+00  4.0966e+00
 9.5000e-01  7.2219e-01  5.5232e+00  2.6324e+00
