Circular: qc = 0.8, qa = 2.8, mu = 2.0, epsa = 0.2, bw = 1.2
 8.0000e-01  2.8000e+00  5.0000e-04  2.0000e+00  2.0000e-01 3.559e-01  7.535e-02 2.805e-01 4.540e+01 6.940e-03 1.533e-01 1.654e+00 5.208e-02 9.700e-01
 8.0000e-01  2.8000e+00  5.0000e-03  2.0000e+00  2.0000e-01 3.559e-01  7.506e-02 2.809e-01 2.649e+01 1.501e-01 3.316e-01 1.252e+00 5.257e-01 9.797e-01
 8.0000e-01  2.8000e+00  1.0000e-02  2.0000e+00  2.0000e-01 3.559e-01  7.463e-02 2.812e-01 1.859e+01 4.338e-01 4.794e-01 9.951e-01 1.057e+00 9.854e-01
 8.0000e-01  2.8000e+00  1.5000e-02  2.0000e+00  2.0000e-01 3.557e-01  7.405e-02 2.816e-01 1.444e+01 7.915e-01 5.832e-01 8.359e-01 1.589e+00 9.888e-01
 8.0000e-01  2.8000e+00  2.0000e-02  2.0000e+00  2.0000e-01 3.553e-01  7.329e-02 2.821e-01 1.189e+01 1.188e+00 6.564e-01 7.316e-01 2.121e+00 9.908e-01
 8.0000e-01  2.8000e+00  2.5000e-02  2.0000e+00  2.0000e-01 3.548e-01  7.230e-02 2.825e-01 1.018e+01 1.603e+00 7.090e-01 6.619e-01 2.652e+00 9.922e-01 
 8.0000e-01  2.8000e+00  3.0000e-02  2.0000e+00  2.0000e-01 3.540e-01  7.104e-02 2.830e-01 8.959e+00 2.027e+00 7.473e-01 6.166e-01 3.183e+00 9.931e-01
 8.0000e-01  2.8000e+00  3.5000e-02  2.0000e+00  2.0000e-01 3.529e-01  6.942e-02 2.835e-01 8.061e+00 2.455e+00 7.758e-01 5.903e-01 3.712e+00 9.937e-01
 8.0000e-01  2.8000e+00  4.0000e-02  2.0000e+00  2.0000e-01 3.514e-01  6.735e-02 2.841e-01 7.384e+00 2.882e+00 7.971e-01 5.803e-01 4.240e+00 9.941e-01
 8.0000e-01  2.8000e+00  4.5000e-02  2.0000e+00  2.0000e-01 3.494e-01  6.470e-02 2.847e-01 6.863e+00 3.306e+00 8.130e-01 5.861e-01 4.766e+00 9.943e-01
 8.0000e-01  2.8000e+00  5.0000e-02  2.0000e+00  2.0000e-01 3.468e-01  6.128e-02 2.855e-01 6.462e+00 3.726e+00 8.249e-01 6.085e-01 5.291e+00 9.943e-01
 8.0000e-01  2.8000e+00  5.5000e-02  2.0000e+00  2.0000e-01 3.432e-01  5.681e-02 2.864e-01 6.151e+00 4.140e+00 8.334e-01 6.507e-01 5.813e+00 9.941e-01
 8.0000e-01  2.8000e+00  6.0000e-02  2.0000e+00  2.0000e-01 3.384e-01  5.086e-02 2.875e-01 5.915e+00 4.547e+00 8.392e-01 7.186e-01 6.332e+00 9.936e-01
 8.0000e-01  2.8000e+00  6.5000e-02  2.0000e+00  2.0000e-01 3.318e-01  4.273e-02 2.891e-01 5.741e+00 4.944e+00 8.426e-01 8.228e-01 6.848e+00 9.929e-01
 8.0000e-01  2.8000e+00  7.0000e-02  2.0000e+00  2.0000e-01 3.224e-01  3.122e-02 2.912e-01 5.621e+00 5.330e+00 8.437e-01 9.840e-01 7.359e+00 9.917e-01
 8.0000e-01  2.8000e+00  7.5000e-02  2.0000e+00  2.0000e-01 3.084e-01  1.404e-02 2.944e-01 5.547e+00 5.703e+00 8.426e-01 1.245e+00 7.860e+00 9.897e-01
 8.0000e-01  2.8000e+00  8.0000e-02  2.0000e+00  2.0000e-01 2.861e-01 -1.372e-02 2.998e-01 5.518e+00 6.057e+00 8.393e-01 1.710e+00 8.344e+00 9.860e-01
 8.0000e-01  2.8000e+00  8.2500e-02  2.0000e+00  2.0000e-01 2.694e-01 -3.489e-02 3.043e-01 5.520e+00 6.227e+00 8.368e-01 2.102e+00 8.572e+00 9.827e-01
 8.0000e-01  2.8000e+00  8.5000e-02  2.0000e+00  2.0000e-01 2.463e-01 -6.483e-02 3.112e-01 5.532e+00 6.390e+00 8.336e-01 2.718e+00 8.780e+00 9.774e-01 
 8.0000e-01  2.8000e+00  8.7500e-02  2.0000e+00  2.0000e-01 2.124e-01 -1.100e-01 3.224e-01 5.554e+00 6.547e+00 8.297e-01 3.814e+00 8.941e+00 9.674e-01 
 8.0000e-01  2.8000e+00  8.8750e-02  2.0000e+00  2.0000e-01 1.888e-01 -1.424e-01 3.312e-01 5.570e+00 6.623e+00 8.276e-01 4.755e+00 8.980e+00 9.582e-01 
 8.0000e-01  2.8000e+00  9.0000e-02  2.0000e+00  2.0000e-01 1.581e-01 -1.855e-01 3.436e-01 5.587e+00 6.696e+00 8.252e-01 6.282e+00 8.950e+00 9.421e-01
 8.0000e-01  2.8000e+00  9.1250e-02  2.0000e+00  2.0000e-01 1.168e-01 -2.453e-01 3.621e-01 5.607e+00 6.768e+00 8.226e-01 9.166e+00 8.737e+00 9.072e-01
 8.0000e-01  2.8000e+00  9.2500e-02  2.0000e+00  2.0000e-01 5.840e-02 -3.335e-01 3.919e-01 5.630e+00 6.837e+00 8.198e-01 1.644e+01 7.756e+00 7.946e-01
 8.0000e-01  2.8000e+00  9.3000e-02  2.0000e+00  2.0000e-01 2.767e-02 -3.815e-01 4.092e-01 5.641e+00 6.863e+00 8.186e-01 2.336e+01 6.472e+00 6.597e-01
 8.0000e-01  2.8000e+00  9.3300e-02  2.0000e+00  2.0000e-01 6.449e-03 -4.152e-01 4.217e-01 5.646e+00 6.880e+00 8.179e-01 3.042e+01 4.987e+00 5.067e-01 