Circular: qc = 0.8, qa = 2.8, mu = 2.0, epsa = 0.2, bw = 1.2
 8.0000e-01  2.8000e+00  5.0000e-04  2.0000e+00  2.0000e-01   1  2.9084e-01  4.2786e-01  2  8.3186e-01  8.4618e-01   1/1    4.9967e+02 -5.2058e-21   1/2   -2.2687e+01 -1.7599e-13   2/1   -2.2687e+01  1.7599e-13   2/2    3.1682e+00  1.5637e-20
 8.0000e-01  2.8000e+00  5.0000e-03  2.0000e+00  2.0000e-01   1  2.9106e-01  4.2810e-01  2  8.3211e-01  8.4638e-01   1/1    5.1301e+02 -7.7222e-21   1/2   -2.5135e+01 -1.9279e-13   2/1   -2.5135e+01  1.9278e-13   2/2    3.3801e+00  3.3911e-21
 8.0000e-01  2.8000e+00  1.0000e-02  2.0000e+00  2.0000e-01   1  2.9131e-01  4.2838e-01  2  8.3239e-01  8.4661e-01   1/1    5.3009e+02 -1.0764e-20   1/2   -2.8103e+01 -2.3466e-13   2/1   -2.8103e+01  2.3466e-13   2/2    3.6510e+00  1.7008e-20
 8.0000e-01  2.8000e+00  1.5000e-02  2.0000e+00  2.0000e-01   1  2.9157e-01  4.2866e-01  2  8.3268e-01  8.4685e-01   1/1    5.4995e+02 -1.1717e-20   1/2   -3.1383e+01 -2.8370e-13   2/1   -3.1383e+01  2.8370e-13   2/2    3.9657e+00  1.6417e-20
 8.0000e-01  2.8000e+00  2.0000e-02  2.0000e+00  2.0000e-01   1  2.9183e-01  4.2895e-01  2  8.3297e-01  8.4709e-01   1/1    5.7312e+02 -1.6244e-20   1/2   -3.5044e+01 -3.0195e-13   2/1   -3.5044e+01  3.0195e-13   2/2    4.3324e+00  7.7246e-21
 8.0000e-01  2.8000e+00  2.5000e-02  2.0000e+00  2.0000e-01   1  2.9211e-01  4.2925e-01  2  8.3327e-01  8.4734e-01   1/1    6.0029e+02 -1.8197e-20   1/2   -3.9176e+01 -3.8469e-13   2/1   -3.9176e+01  3.8469e-13   2/2    4.7619e+00 -8.8623e-21
 8.0000e-01  2.8000e+00  3.0000e-02  2.0000e+00  2.0000e-01   1  2.9239e-01  4.2956e-01  2  8.3358e-01  8.4759e-01   1/1    6.3237e+02 -2.6544e-20   1/2   -4.3893e+01 -4.2166e-13   2/1   -4.3893e+01  4.2166e-13   2/2    5.2685e+00  3.4865e-20
 8.0000e-01  2.8000e+00  3.5000e-02  2.0000e+00  2.0000e-01   1  2.9268e-01  4.2987e-01  2  8.3389e-01  8.4785e-01   1/1    6.7057e+02 -1.9597e-20   1/2   -4.9350e+01 -5.3508e-13   2/1   -4.9350e+01  5.3508e-13   2/2    5.8715e+00 -5.4238e-20
 8.0000e-01  2.8000e+00  4.0000e-02  2.0000e+00  2.0000e-01   1  2.9298e-01  4.3019e-01  2  8.3421e-01  8.4810e-01   1/1    7.1658e+02 -1.3814e-19   1/2   -5.5761e+01 -5.5428e-13   2/1   -5.5760e+01  5.5428e-13   2/2    6.5972e+00 -6.1927e-21
 8.0000e-01  2.8000e+00  4.5000e-02  2.0000e+00  2.0000e-01   1  2.9328e-01  4.3052e-01  2  8.3453e-01  8.4837e-01   1/1    7.7278e+02 -4.3069e-20   1/2   -6.3424e+01 -6.9873e-13   2/1   -6.3424e+01  6.9873e-13   2/2    7.4832e+00 -1.0873e-20
 8.0000e-01  2.8000e+00  5.0000e-02  2.0000e+00  2.0000e-01   1  2.9359e-01  4.3085e-01  2  8.3486e-01  8.4863e-01   1/1    8.4266e+02 -6.5407e-20   1/2   -7.2780e+01 -8.3738e-13   2/1   -7.2780e+01  8.3738e-13   2/2    8.5842e+00 -4.8629e-21
 8.0000e-01  2.8000e+00  5.5000e-02  2.0000e+00  2.0000e-01   1  2.9391e-01  4.3119e-01  2  8.3519e-01  8.4890e-01   1/1    9.3151e+02 -7.8519e-20   1/2   -8.4492e+01 -1.0655e-12   2/1   -8.4492e+01  1.0655e-12   2/2    9.9835e+00 -6.5541e-21
 8.0000e-01  2.8000e+00  6.0000e-02  2.0000e+00  2.0000e-01   1  2.9423e-01  4.3153e-01  2  8.3553e-01  8.4917e-01   1/1    1.0478e+03 -1.1779e-19   1/2   -9.9627e+01 -1.2554e-12   2/1   -9.9627e+01  1.2554e-12   2/2    1.1814e+01 -4.6194e-21
 8.0000e-01  2.8000e+00  6.5000e-02  2.0000e+00  2.0000e-01   1  2.9456e-01  4.3188e-01  2  8.3587e-01  8.4945e-01   1/1    1.2060e+03 -1.6432e-19   1/2   -1.2000e+02 -1.4692e-12   2/1   -1.2000e+02  1.4692e-12   2/2    1.4304e+01  3.6266e-20
 8.0000e-01  2.8000e+00  7.0000e-02  2.0000e+00  2.0000e-01   1  2.9490e-01  4.3224e-01  2  8.3621e-01  8.4973e-01   1/1    1.4330e+03 -2.5207e-19   1/2   -1.4897e+02 -2.0128e-12   2/1   -1.4897e+02  2.0128e-12   2/2    1.7875e+01 -3.3949e-20
 8.0000e-01  2.8000e+00  7.5000e-02  2.0000e+00  2.0000e-01   1  2.9524e-01  4.3260e-01  2  8.3656e-01  8.5001e-01   1/1    1.7847e+03 -4.3868e-19   1/2   -1.9357e+02 -2.6204e-12   2/1   -1.9356e+02  2.6204e-12   2/2    2.3408e+01  1.0333e-20
 8.0000e-01  2.8000e+00  8.0000e-02  2.0000e+00  2.0000e-01   1  2.9559e-01  4.3296e-01  2  8.3691e-01  8.5029e-01   1/1    2.4008e+03 -9.7506e-19   1/2   -2.7131e+02 -3.8493e-12   2/1   -2.7131e+02  3.8493e-12   2/2    3.3098e+01  9.3727e-20
 8.0000e-01  2.8000e+00  8.2500e-02  2.0000e+00  2.0000e-01   1  2.9576e-01  4.3315e-01  2  8.3709e-01  8.5043e-01   1/1    2.9219e+03 -1.4500e-18   1/2   -3.3689e+02 -4.8300e-12   2/1   -3.3689e+02  4.8300e-12   2/2    4.1294e+01 -1.1455e-19
 8.0000e-01  2.8000e+00  8.5000e-02  2.0000e+00  2.0000e-01   1  2.9594e-01  4.3333e-01  2  8.3727e-01  8.5057e-01   1/1    3.7544e+03 -2.5182e-18   1/2   -4.4151e+02 -6.3314e-12   2/1   -4.4151e+02  6.3314e-12   2/2    5.4385e+01 -1.6822e-19
 8.0000e-01  2.8000e+00  8.7500e-02  2.0000e+00  2.0000e-01   1  2.9612e-01  4.3352e-01  2  8.3744e-01  8.5072e-01   1/1    5.2951e+03 -5.4222e-18   1/2   -6.3494e+02 -9.8063e-12   2/1   -6.3493e+02  9.8063e-12   2/2    7.8613e+01 -9.0831e-20
 8.0000e-01  2.8000e+00  8.8750e-02  2.0000e+00  2.0000e-01   1  2.9621e-01  4.3361e-01  2  8.3753e-01  8.5079e-01   1/1    6.6891e+03 -9.0122e-18   1/2   -8.0985e+02 -1.2562e-11   2/1   -8.0985e+02  1.2562e-11   2/2    1.0053e+02 -1.7317e-19
 8.0000e-01  2.8000e+00  9.0000e-02  2.0000e+00  2.0000e-01   1  2.9630e-01  4.3371e-01  2  8.3762e-01  8.5086e-01   1/1    9.1131e+03 -1.6076e-17   1/2   -1.1139e+03 -1.6518e-11   2/1   -1.1139e+03  1.6518e-11   2/2    1.3865e+02 -7.4264e-21
 8.0000e-01  2.8000e+00  9.1250e-02  2.0000e+00  2.0000e-01   1  2.9639e-01  4.3380e-01  2  8.3771e-01  8.5093e-01   1/1    1.4376e+04 -4.1125e-17   1/2   -1.7740e+03 -2.6959e-11   2/1   -1.7740e+03  2.6959e-11   2/2    2.2141e+02 -3.4152e-19
 8.0000e-01  2.8000e+00  9.2500e-02  2.0000e+00  2.0000e-01   1  2.9648e-01  4.3390e-01  2  8.3780e-01  8.5100e-01   1/1    3.4510e+04 -2.3921e-16   1/2   -4.2988e+03 -6.6332e-11   2/1   -4.2988e+03  6.6332e-11   2/2    5.3800e+02 -2.8954e-18
 8.0000e-01  2.8000e+00  9.3000e-02  2.0000e+00  2.0000e-01   1  2.9651e-01  4.3394e-01  2  8.3784e-01  8.5103e-01   1/1    7.9180e+04 -1.2858e-15   1/2   -9.9004e+03 -1.5008e-10   2/1   -9.9004e+03  1.5008e-10   2/2    1.2404e+03 -2.3198e-17
 8.0000e-01  2.8000e+00  9.3300e-02  2.0000e+00  2.0000e-01   1  2.9654e-01  4.3396e-01  2  8.3786e-01  8.5105e-01   1/1    3.5853e+05 -2.6473e-14   1/2   -4.4931e+04 -6.9373e-10   2/1   -4.4930e+04  6.9374e-10   2/2    5.6331e+03 -4.2038e-16
