circular: qc = 1.5, p_sig = 1.31, mu = 2.0, epsa = 0.2
 1.5000e+00  3.5950e+00  0.0000e-02  2.0000e+00  2.0000e-01  9.709E-02 3.427E-01  4.398E-01  1.198e-01 4.304e-01  5.502e-01
 1.5000e+00  3.6030e+00  1.0000e-02  2.0000e+00	 2.0000e-01  8.873E-02 3.305E-01  4.192E-01  1.072e-01 4.166e-01  5.238e-01
 1.5000e+00  3.6110e+00  2.0000e-02  2.0000e+00  2.0000e-01  8.008E-02 3.186E-01  3.987E-01  9.348e-02 4.032e-01  4.967e-01
 1.5000e+00  3.6200e+00  3.0000e-02  2.0000e+00  2.0000e-01  7.082E-02 3.067E-01  3.775E-01  7.812e-02 3.884e-01  4.665e-01
 1.5000e+00  3.6270e+00  4.0000e-02  2.0000e+00  2.0000e-01  6.150E-02 2.957E-01  3.572E-01  6.247e-02 3.782e-01  4.406e-01
 1.5000e+00  3.6370e+00  5.0000e-02  2.0000e+00  2.0000e-01  5.151E-02 2.835E-01  3.350E-01  4.426e-02 3.627e-01  4.069e-01
 1.5000e+00  3.6450e+00  6.0000e-02  2.0000e+00  2.0000e-01  4.107E-02 2.724E-01  3.135E-01  2.526e-02 3.519e-01  3.772e-01
 1.5000e+00  3.6530e+00  7.0000e-02  2.0000e+00  2.0000e-01  2.997E-02 2.626E-01  2.926E-01  4.413e-03 3.421e-01  3.465e-01
 1.5000e+00  3.6620e+00  8.0000e-02  2.0000e+00  2.0000e-01  1.790E-02 2.526E-01  2.705E-01 -1.859e-02 3.316e-01  3.130e-01
 1.5000e+00  3.6720e+00  9.0000e-02  2.0000e+00  2.0000e-01  5.042E-03 2.416E-01  2.466E-01 -4.376e-02 3.206e-01  2.769e-01
 1.5000e+00  3.6800e+00  1.0000e-01  2.0000e+00  2.0000e-01 -9.939E-03 2.340E-01  2.240E-01 -7.204e-02 3.153e-01  2.432e-01
 1.5000e+00  3.6890e+00  1.1000e-01  2.0000e+00  2.0000e-01 -2.645E-02 2.259E-01  1.994E-01 -1.037e-01 3.104e-01  2.067e-01
 1.5000e+00  3.6990e+00  1.2000e-01  2.0000e+00  2.0000e-01 -4.579E-02 2.189E-01  1.731E-01 -1.391e-01 3.066e-01  1.675e-01
 1.5000e+00  3.7080e+00  1.3000e-01  2.0000e+00  2.0000e-01 -7.037E-02 2.146E-01  1.443E-01 -1.808e-01 3.088e-01  1.280e-01
 1.5000e+00  3.7180e+00  1.4000e-01  2.0000e+00  2.0000e-01 -1.019E-01 2.135E-01  1.116E-01 -2.289e-01 3.144e-01  8.548e-02
 1.5000e+00  3.7270e+00  1.5000e-01  2.0000e+00  2.0000e-01 -1.466E-01 2.187E-01  7.210E-02 -2.881e-01 3.293e-01  4.111e-02
 1.5000e+00  3.7370e+00  1.6000e-01  2.0000e+00  2.0000e-01 -2.165E-01 2.366E-01  2.019E-02 -3.599e-01 3.526e-01 -7.292e-03
 1.5000e+00  3.7470e+00  1.7000e-01  2.0000e+00  2.0000e-01 -3.451E-01 2.872E-01 -5.791E-02 -4.510e-01 3.908e-01 -6.020e-02
 1.5000e+00  3.7590e+00  1.8000e-01  2.0000e+00  2.0000e-01 -6.505E-01 4.455E-01 -2.050E-01 -5.656e-01 4.468e-01 -1.188e-01	       