
(m, m) coupling coefficients:

         2
lmm0 := m

lmm2 := 0

mmm0 := 0

mmm2 := 0

nmm0 := 0

nmm2 := 0

                  2
pmm0 := (m - n*q0)

          - 2*(m*n*q0 + 4)*(m - n*q0)*q2
pmm2 := ---------------------------------
                      m*q0

l00 := 0

m00 := 0

n00 := 0

(0, 0) coupling coefficients:

l000 := 0

l002 := 0

m000 := 0

m002 := 0

n000 := 0

n002 := 0

p000 := (n*q0 + 2)*(n*q0 - 2)

             2   2
         2*(n *q0  + 8)*q2
p002 := -------------------
                q0

(m, m+1) coupling coefficients:

lmmp10 := 0

                              2
            - (m + 1)*(4*p2*q0  - 1)*m
lmmp12 := -----------------------------
                        4

mmnp10 := 0

                   2               2                     2
           (4*p2*q0  + 3 + (4*p2*q0  - 3)*n*q0 - (4*p2*q0  - 3)*m)*m
mmmp12 := -----------------------------------------------------------
                                       4

nmmp10 := 0

                        2                  3                   2
            - (4*m*p2*q0  - 3*m - 4*n*p2*q0  + 3*n*q0 + 8*p2*q0 )*(m + 1)
nmmp12 := ----------------------------------------------------------------
                                         4

pmmp10 := 0

                                   2          2               2                        2
            - (((n*q0 - 1)*n*q0 + m )*(4*p2*q0  - 5) + 8*p2*q0  - (2*n*q0 - 1)*(4*p2*q0  - 5)*m)
pmmp12 := ---------------------------------------------------------------------------------------
                                                     4

(0, 1) coupling coefficients:

l010 := 0

l012 := 0

m010 := 0

m012 := 0

n010 := 0

                 2
         (4*p2*q0  - 3)*n*q0 - 2
n012 := -------------------------
                    4

p010 := 0

                       2                2       2   2           2
          - (2*(8*p2*q0  + 3) + (4*p2*q0  - 5)*n *q0  + (4*p2*q0  - 1)*n*q0)
p012 := ---------------------------------------------------------------------
                                          4

mx :=  - m

(-m, -m-1) coupling coefficients:

lmxmm10 := 0

                               2
             - (m + 1)*(4*p2*q0  - 1)*m
lmxmm12 := -----------------------------
                         4

mmxnm10 := 0

                       2               2                     2
             - (4*p2*q0  + 3 - (4*p2*q0  - 3)*n*q0 - (4*p2*q0  - 3)*m)*m
mmxmm12 := --------------------------------------------------------------
                                         4

nmxmm10 := 0

                      2                  3                   2
            (4*m*p2*q0  - 3*m + 4*n*p2*q0  - 3*n*q0 + 8*p2*q0 )*(m + 1)
nmxmm12 := -------------------------------------------------------------
                                         4

pmxmm10 := 0

                                    2          2               2                        2
             - (((n*q0 + 1)*n*q0 + m )*(4*p2*q0  - 5) + 8*p2*q0  + (2*n*q0 + 1)*(4*p2*q0  - 5)*m)
pmxmm12 := ---------------------------------------------------------------------------------------
                                                      4

(0, -1) coupling coefficients:

l0m10 := 0

l0m12 := 0

m0m10 := 0

m0m12 := 0

n0m10 := 0

                  2
          (4*p2*q0  - 3)*n*q0 + 2
n0m12 := -------------------------
                     4

p0m10 := 0

                        2                2       2   2           2
           - (2*(8*p2*q0  + 3) + (4*p2*q0  - 5)*n *q0  - (4*p2*q0  - 1)*n*q0)
p0m12 := ---------------------------------------------------------------------
                                           4

(m, m+2) coupling coefficients:

lmmp20 :=  - (h20 + i*v20)*(m + 2)*m

            - (h20 + i*v20)*(m + 2)*m*q2
lmmp22 := -------------------------------
                        q0

mmnp20 := (n*q0 - 2 - m)*(h20 + i*v20)*m

           (2*(n*q0 - 1) - m)*(h20 + i*v20)*m*q2
mmmp22 := ---------------------------------------
                            q0

nmmp20 :=  - (h20 + i*v20)*(m - n*q0)*(m + 2)

            - (h20 + i*v20)*(m - 2*n*q0)*(m + 2)*q2
nmmp22 := ------------------------------------------
                              q0

pmmp20 :=  - (h20 + i*v20)*(m - n*q0 + 2)*(m - n*q0)

                                    2
            - ((3*n*q0 - 4)*n*q0 + m  - 2*(2*n*q0 - 1)*m)*(h20 + i*v20)*q2
pmmp22 := -----------------------------------------------------------------
                                         q0

(0, 2) coupling coefficients:

l020 := 0

l022 := 0

m020 := 0

m022 := 0

n020 := 2*(h20 + i*v20)*(n*q0 + 2)

n022 := 4*(h20 + i*v20)*n*q2

p020 :=  - (h20 + i*v20)*(n*q0 + 2)*(n*q0 - 2)

p022 :=  - (h20 + i*v20)*(3*n*q0 - 2)*n*q2

(-m, -m-2) coupling coefficients:

lmxmm20 :=  - (h20 - i*v20)*(m + 2)*m

             - (h20 - i*v20)*(m + 2)*m*q2
lmxmm22 := -------------------------------
                         q0

mmxnm20 := (n*q0 + 2 + m)*(h20 - i*v20)*m

            (2*(n*q0 + 1) + m)*(h20 - i*v20)*m*q2
mmxmm22 := ---------------------------------------
                             q0

nmxmm20 := (h20 - i*v20)*(m + n*q0)*(m + 2)

            (h20 - i*v20)*(m + 2*n*q0)*(m + 2)*q2
nmxmm22 := ---------------------------------------
                             q0

pmxmm20 :=  - (h20 - i*v20)*(m + n*q0 + 2)*(m + n*q0)

                                     2
             - ((3*n*q0 + 4)*n*q0 + m  + 2*(2*n*q0 + 1)*m)*(h20 - i*v20)*q2
pmxmm22 := -----------------------------------------------------------------
                                          q0

(0, -2) coupling coefficients:

l0m20 := 0

l0m22 := 0

m0m20 := 0

m0m22 := 0

n0m20 := 2*(h20 - i*v20)*(n*q0 - 2)

n0m22 := 4*(h20 - i*v20)*n*q2

p0m20 :=  - (h20 - i*v20)*(n*q0 + 2)*(n*q0 - 2)

p0m22 :=  - (h20 - i*v20)*(3*n*q0 + 2)*n*q2

(m, m+3) coupling coefficients:

lmmp30 := 0

lmmp32 :=  - 2*(h30 + i*v30)*(m + 3)*m

mmnp30 := 0

mmmp32 := 2*(n*q0 - 3 - m)*(h30 + i*v30)*m

nmmp30 := 0

nmmp32 :=  - 2*(h30 + i*v30)*(m - n*q0)*(m + 3)

pmmp30 := 0

pmmp32 :=  - 2*(h30 + i*v30)*(m - n*q0 + 3)*(m - n*q0)

(0, 3) coupling coefficients:

l030 := 0

l032 := 0

m030 := 0

m032 := 0

n030 := 0

n032 := 6*(h30 + i*v30)*(n*q0 + 2)

p030 := 0

p032 :=  - 2*(h30 + i*v30)*(n*q0 + 2)*(n*q0 - 3)

(-m, -m-3) coupling coefficients:

lmxmm30 := 0

lmxmm32 :=  - 2*(h30 - i*v30)*(m + 3)*m

mmxnm30 := 0

mmxmm32 := 2*(n*q0 + 3 + m)*(h30 - i*v30)*m

nmxmm30 := 0

nmxmm32 := 2*(h30 - i*v30)*(m + n*q0)*(m + 3)

pmxmm30 := 0

pmxmm32 :=  - 2*(h30 - i*v30)*(m + n*q0 + 3)*(m + n*q0)

(0, -3) coupling coefficients:

l0m30 := 0

l0m32 := 0

m0m30 := 0

m0m32 := 0

n0m30 := 0

n0m32 := 6*(h30 - i*v30)*(n*q0 - 2)

p0m30 := 0

p0m32 :=  - 2*(h30 - i*v30)*(n*q0 + 3)*(n*q0 - 2)

mth solution:

am0 := 1

        m - n*q0
bm0 := ----------
           m

0

0

               - 2*m*q2
am2 := -----------------------
        (m - n*q0)*(m + 1)*q0

         - (m*n*q0 + 2*m + n*q0 + 4)*q2
bm2 := ---------------------------------
                 (m + 1)*m*q0

0

0

(m+1)th solution:

                                  2
         - eps*(m - n*q0 - 4*p2*q0 )
am1 := ------------------------------
                2*(m - n*q0)

bm1 := 0

0

0

(m+2)th solution:

         4*eps*(h20 - i*v20)*q2
am22 := ------------------------
         (m - n*q0)*(m + 1)*q0

bm22 := 0

0

0

(m+3)th solution:

         8*eps*(h30 - i*v30)*q2
am33 := ------------------------
         (m - n*q0)*(m + 1)*q0

bm33 := 0

0

0

0th solution:

a00 := 0

b00 := 1

0

0

a02 := 0

        q2
b02 := ----
        q0

0

0

(0+1)th solution:

a01 := 0

b01 := 0

0

0

(0+2)th solution:

a002 := 0

b002 := 0

0

0

-mth solution:

amm0 := 1

          - (m + n*q0)
bmm0 := ---------------
               m

0

0

                - 2*m*q2
amm2 := -----------------------
         (m + n*q0)*(m + 1)*q0

          - (m*n*q0 - 2*m + n*q0 - 4)*q2
bmm2 := ---------------------------------
                  (m + 1)*m*q0

0

0

(-m-1)th solution:

                                    2
           - eps*(m + n*q0 - 4*p2*q0 )
amm11 := ------------------------------
                  2*(m + n*q0)

bmm11 := 0

0

0

(-m-2)th solution:

          4*eps*(h20 + i*v20)*q2
amm21 := ------------------------
          (m + n*q0)*(m + 1)*q0

bmm21 := 0

0

0

(-m-3)th solution:

          8*eps*(h30 + i*v30)*q2
amm31 := ------------------------
          (m + n*q0)*(m + 1)*q0

bmm31 := 0

0

0

(0-1)th solution:

a011 := 0

b011 := 0

0

0

(0-2)th solution:

a022 := 0

b022 := 0

0

0
