
Jacobian in geometric coordinates:

j := j0 + eps*j1 + eps**2*j2

j0 := r

j1 := sin(2*w)*(v2 - df(v2,r)*r) + sin(3*w)*(2*v3 - df(v3,r)*r) + sin(4*w)*(3*v4 - df(v4,r)*r) - cos(w)*df(h1,r)*r

       + cos(2*w)*(h2 - df(h2,r)*r) + cos(3*w)*(2*h3 - df(h3,r)*r) + cos(4*w)*(3*h4 - df(h4,r)*r)

j2 :=  - p2 - 3*df(v4,r)*v4 - 2*df(v3,r)*v3 - df(v2,r)*v2 - df(p2,r)*r - 3*df(h4,r)*h4 - 2*df(h3,r)*h3 - df(h2,r)*h2 + 

      sin(w)*( - 2*df(v4,r)*h3 + 3*df(v3,r)*h4 - df(v3,r)*h2 + 2*df(v2,r)*h3 + 2*df(h4,r)*v3 - 3*df(h3,r)*v4

               + df(h3,r)*v2 - 2*df(h2,r)*v3 - df(h1,r)*v2)

       + sin(2*w)*( - df(v4,r)*h2 + 3*df(v2,r)*h4 + df(h4,r)*v2 - 3*df(h2,r)*v4 - 2*df(h1,r)*v3)

       - 3*sin(3*w)*df(h1,r)*v4 + cos(w)*( - 2*df(v4,r)*v3 - 3*df(v3,r)*v4 - df(v3,r)*v2 - 2*df(v2,r)*v3 - 2*df(h4,r)*h3

          - 3*df(h3,r)*h4 - df(h3,r)*h2 - 2*df(h2,r)*h3 - df(h1,r)*h2)

       + cos(2*w)*( - df(v4,r)*v2 - 3*df(v2,r)*v4 - df(h4,r)*h2 - 3*df(h2,r)*h4 - 2*df(h1,r)*h3)

       - 3*cos(3*w)*df(h1,r)*h4

j/x := k0 + eps*k1 + eps*eps*k2:

k0 := r

k1 := sin(2*w)*(v2 - df(v2,r)*r) + sin(3*w)*(2*v3 - df(v3,r)*r) + sin(4*w)*(3*v4 - df(v4,r)*r) + cos(w)*r*(r - df(h1,r))

       + cos(2*w)*(h2 - df(h2,r)*r) + cos(3*w)*(2*h3 - df(h3,r)*r) + cos(4*w)*(3*h4 - df(h4,r)*r)

        3
k2 := (r  - 2*p2 - 2*h1*r - 6*df(v4,r)*v4 - 4*df(v3,r)*v3 - 2*df(v2,r)*v2 - 2*df(p2,r)*r - 6*df(h4,r)*h4 - 4*df(h3,r)*h3

                                    2
        - 2*df(h2,r)*h2 - df(h1,r)*r )/2 + (sin(w)*( - r*v2 - 4*df(v4,r)*h3 + 6*df(v3,r)*h4 - 2*df(v3,r)*h2

                         2
             - df(v2,r)*r  + 4*df(v2,r)*h3 + 4*df(h4,r)*v3 - 6*df(h3,r)*v4 + 2*df(h3,r)*v2 - 4*df(h2,r)*v3

             - 2*df(h1,r)*v2))/2

                                                 2
       + (sin(2*w)*( - 2*df(v4,r)*h2 - df(v3,r)*r  + 6*df(v2,r)*h4 + 2*df(h4,r)*v2 - 6*df(h2,r)*v4 - 4*df(h1,r)*v3))/2

                                            2             2
       + (sin(3*w)*(r*v4 + r*v2 - df(v4,r)*r  - df(v2,r)*r  - 6*df(h1,r)*v4))/2 + (sin(4*w)*r*(2*v3 - df(v3,r)*r))/2

       + (sin(5*w)*r*(3*v4 - df(v4,r)*r))/2 + (cos(w)*( - h2*r - 4*df(v4,r)*v3 - 6*df(v3,r)*v4 - 2*df(v3,r)*v2

                                                                                         2
             - 4*df(v2,r)*v3 - 4*df(h4,r)*h3 - 6*df(h3,r)*h4 - 2*df(h3,r)*h2 - df(h2,r)*r  - 4*df(h2,r)*h3

                                               3                                                             2
             - 2*df(h1,r)*h2))/2 + (cos(2*w)*(r  - 2*df(v4,r)*v2 - 6*df(v2,r)*v4 - 2*df(h4,r)*h2 - df(h3,r)*r

                                         2
             - 6*df(h2,r)*h4 - df(h1,r)*r  - 4*df(h1,r)*h3))/2

                                            2             2
       + (cos(3*w)*(h4*r + h2*r - df(h4,r)*r  - df(h2,r)*r  - 6*df(h1,r)*h4))/2 + (cos(4*w)*r*(2*h3 - df(h3,r)*r))/2

       + (cos(5*w)*r*(3*h4 - df(h4,r)*r))/2

Choice of P2 with associated residual:

               2       2       2    4        2       2       2         2
q2 := ( - 12*v4  - 8*v3  - 4*v2  + r  - 12*h4  - 8*h3  - 4*h2  - 4*h1*r )/(8*r)

res2 := 0

Straight field-line flux-surface label:

rst := abs(r)

theta := tt0 + eps*tt1 + eps**2*tt2

tt0 := w

tt1 := sin(w)*(r - df(h1,r)) + (sin(2*w)*(h2 - df(h2,r)*r))/(2*r) + (sin(3*w)*(2*h3 - df(h3,r)*r))/(3*r)

        + (sin(4*w)*(3*h4 - df(h4,r)*r))/(4*r) + (cos(2*w)*( - v2 + df(v2,r)*r))/(2*r)

        + (cos(3*w)*( - 2*v3 + df(v3,r)*r))/(3*r) + (cos(4*w)*( - 3*v4 + df(v4,r)*r))/(4*r)

tt2 := (sin(w)*( - h2*r - 4*df(v4,r)*v3 - 6*df(v3,r)*v4 - 2*df(v3,r)*v2 - 4*df(v2,r)*v3 - 4*df(h4,r)*h3 - 6*df(h3,r)*h4

                                             2                                                       3
                 - 2*df(h3,r)*h2 - df(h2,r)*r  - 4*df(h2,r)*h3 - 2*df(h1,r)*h2))/(2*r) + (sin(2*w)*(r  - 2*df(v4,r)*v2

                                                          2                             2
              - 6*df(v2,r)*v4 - 2*df(h4,r)*h2 - df(h3,r)*r  - 6*df(h2,r)*h4 - df(h1,r)*r  - 4*df(h1,r)*h3))/(4*r)

                                             2             2
        + (sin(3*w)*(h4*r + h2*r - df(h4,r)*r  - df(h2,r)*r  - 6*df(h1,r)*h4))/(6*r) + (sin(4*w)*(2*h3 - df(h3,r)*r))/8

        + (sin(5*w)*(3*h4 - df(h4,r)*r))/10 + (cos(w)*(r*v2 + 4*df(v4,r)*h3 - 6*df(v3,r)*h4 + 2*df(v3,r)*h2

                          2
              + df(v2,r)*r  - 4*df(v2,r)*h3 - 4*df(h4,r)*v3 + 6*df(h3,r)*v4 - 2*df(h3,r)*v2 + 4*df(h2,r)*v3

              + 2*df(h1,r)*v2))/(2*r)

                                               2
        + (cos(2*w)*(2*df(v4,r)*h2 + df(v3,r)*r  - 6*df(v2,r)*h4 - 2*df(h4,r)*v2 + 6*df(h2,r)*v4 + 4*df(h1,r)*v3))/(4*r)

                                                2             2
        + (cos(3*w)*( - r*v4 - r*v2 + df(v4,r)*r  + df(v2,r)*r  + 6*df(h1,r)*v4))/(6*r)

        + (cos(4*w)*( - 2*v3 + df(v3,r)*r))/8 + (cos(5*w)*( - 3*v4 + df(v4,r)*r))/10

Secular variation residual:

rest := 0

Evaluate covariant metric tensor in geometric coordinates:

Evaluate contravariant metric tensor in geometric coordinates:

Transform contravariant metric tensor to straight coordinates:

Express geometric angle in terms of straight angle:

Contravariant metric tensor elements in straight coordinates:

gr2 := gr20 + eps*gr21 + eps**2*gr22

gr20 := 1

gr21 := 2*sin(2*t)*df(v2,r) + 2*sin(3*t)*df(v3,r) + 2*sin(4*t)*df(v4,r) + 2*cos(t)*df(h1,r) + 2*cos(2*t)*df(h2,r)

         + 2*cos(3*t)*df(h3,r) + 2*cos(4*t)*df(h4,r)

              2        2       2      4        2        2       2         2             2  2             2  2
gr22 := (30*v4  + 16*v3  + 6*v2  + 3*r  + 30*h4  + 16*h3  + 6*h2  - 4*h1*r  + 2*df(v4,r) *r  + 2*df(v3,r) *r

                      2  2             2  2             2  2             2  2             2  2      2
          + 2*df(v2,r) *r  + 2*df(h4,r) *r  + 2*df(h3,r) *r  + 2*df(h2,r) *r  + 2*df(h1,r) *r )/(4*r )

Residuals of gr2 elements:

0

0

0

grt2 := grt20 + eps*grt21 + eps**2*grt22

grt20 := 0

                                                                                                  2       2
grt21 := (sin(t)*(r - df(h1,r) - df(h1,r,2)*r))/r + (sin(2*t)*( - 3*h2 - df(h2,r)*r - df(h2,r,2)*r ))/(2*r )

                                                          2       2
          + (sin(3*t)*( - 8*h3 - df(h3,r)*r - df(h3,r,2)*r ))/(3*r )

                                                           2       2
          + (sin(4*t)*( - 15*h4 - df(h4,r)*r - df(h4,r,2)*r ))/(4*r )

                                                       2       2
          + (cos(2*t)*(3*v2 + df(v2,r)*r + df(v2,r,2)*r ))/(2*r )

                                                       2       2
          + (cos(3*t)*(8*v3 + df(v3,r)*r + df(v3,r,2)*r ))/(3*r )

                                                        2       2
          + (cos(4*t)*(15*v4 + df(v4,r)*r + df(v4,r,2)*r ))/(4*r )

grt22 := (36*df(v4,r)*h4 + 9*df(v4,r,2)*h4*r + 24*df(v3,r)*h3 + 8*df(v3,r,2)*h3*r + 12*df(v2,r)*h2 + 6*df(v2,r,2)*h2*r

                                                     2                                              2
           - 36*df(h4,r)*v4 + 3*df(h4,r)*df(v4,r,2)*r  - 9*df(h4,r,2)*r*v4 - 3*df(h4,r,2)*df(v4,r)*r  - 24*df(h3,r)*v3

                                    2                                              2
           + 4*df(h3,r)*df(v3,r,2)*r  - 8*df(h3,r,2)*r*v3 - 4*df(h3,r,2)*df(v3,r)*r  - 12*df(h2,r)*v2

                                    2                                              2       2
           + 6*df(h2,r)*df(v2,r,2)*r  - 6*df(h2,r,2)*r*v2 - 6*df(h2,r,2)*df(v2,r)*r )/(24*r )

grt22 := 0

Residuals of grt2 elements:

0

0

0

x*x := x20 + eps*x21 + eps**2*x22

x20 := 1

x21 :=  - 2*cos(t)*r

            2
x22 := ( - r  + 4*h1 + 2*df(h1,r)*r)/2

Residuals of x2 elements:

0

0

0

x2gr2 := x2gr20 + eps*x2gr21 + eps**2*x2gr22

x2gr20 := 1

x2gr21 := 2*sin(2*t)*df(v2,r) + 2*sin(3*t)*df(v3,r) + 2*sin(4*t)*df(v4,r) + 2*cos(t)*( - r + df(h1,r))

           + 2*cos(2*t)*df(h2,r) + 2*cos(3*t)*df(h3,r) + 2*cos(4*t)*df(h4,r)

                2        2       2    4        2        2       2         2             2  2             2  2
x2gr22 := (30*v4  + 16*v3  + 6*v2  + r  + 30*h4  + 16*h3  + 6*h2  + 4*h1*r  + 2*df(v4,r) *r  + 2*df(v3,r) *r

                        2  2             2  2             2  2             2  2               3             2  2      2
            + 2*df(v2,r) *r  + 2*df(h4,r) *r  + 2*df(h3,r) *r  + 2*df(h2,r) *r  - 4*df(h1,r)*r  + 2*df(h1,r) *r )/(4*r )

Residuals of x2gr2 elements:

0

0

0

x2grt2  := x2grt20 + eps*x2grt21 + eps**2*x2grt22

x2grt20 := x2grt21 := (sin(t)*(r - df(h1,r) - df(h1,r,2)*r))/r

                                                 2       2                                                  2       2
 + (sin(2*t)*( - 3*h2 - df(h2,r)*r - df(h2,r,2)*r ))/(2*r ) + (sin(3*t)*( - 8*h3 - df(h3,r)*r - df(h3,r,2)*r ))/(3*r )

                                                  2       2                                               2       2
 + (sin(4*t)*( - 15*h4 - df(h4,r)*r - df(h4,r,2)*r ))/(4*r ) + (cos(2*t)*(3*v2 + df(v2,r)*r + df(v2,r,2)*r ))/(2*r )

                                              2       2                                                2       2
 + (cos(3*t)*(8*v3 + df(v3,r)*r + df(v3,r,2)*r ))/(3*r ) + (cos(4*t)*(15*v4 + df(v4,r)*r + df(v4,r,2)*r ))/(4*r )

x2grt22 := (36*df(v4,r)*h4 + 9*df(v4,r,2)*h4*r + 24*df(v3,r)*h3 + 8*df(v3,r,2)*h3*r + 12*df(v2,r)*h2 + 6*df(v2,r,2)*h2*r

                                                       2                                              2
             - 36*df(h4,r)*v4 + 3*df(h4,r)*df(v4,r,2)*r  - 9*df(h4,r,2)*r*v4 - 3*df(h4,r,2)*df(v4,r)*r  - 24*df(h3,r)*v3

                                      2                                              2
             + 4*df(h3,r)*df(v3,r,2)*r  - 8*df(h3,r,2)*r*v3 - 4*df(h3,r,2)*df(v3,r)*r  - 12*df(h2,r)*v2

                                      2                                              2       2
             + 6*df(h2,r)*df(v2,r,2)*r  - 6*df(h2,r,2)*r*v2 - 6*df(h2,r,2)*df(v2,r)*r )/(24*r )

x2grt22 := 0

Residuals of x2grt2 elements:

                                                                                         2       2
(sin(t)*(r - df(h1,r) - df(h1,r,2)*r))/r + (sin(2*t)*( - 3*h2 - df(h2,r)*r - df(h2,r,2)*r ))/(2*r )

                                                 2       2                                                   2       2
 + (sin(3*t)*( - 8*h3 - df(h3,r)*r - df(h3,r,2)*r ))/(3*r ) + (sin(4*t)*( - 15*h4 - df(h4,r)*r - df(h4,r,2)*r ))/(4*r )

                                              2       2                                               2       2
 + (cos(2*t)*(3*v2 + df(v2,r)*r + df(v2,r,2)*r ))/(2*r ) + (cos(3*t)*(8*v3 + df(v3,r)*r + df(v3,r,2)*r ))/(3*r )

                                               2       2
 + (cos(4*t)*(15*v4 + df(v4,r)*r + df(v4,r,2)*r ))/(4*r )

0

0

gr2ix20 := 1

                 2        2       2       4        2        2       2          2             2  2             2  2
gr2ix22 := (30*v4  + 16*v3  + 6*v2  + 13*r  + 30*h4  + 16*h3  + 6*h2  - 12*h1*r  + 2*df(v4,r) *r  + 2*df(v3,r) *r

                         2  2             2  2             2  2             2  2               3             2  2
             + 2*df(v2,r) *r  + 2*df(h4,r) *r  + 2*df(h3,r) *r  + 2*df(h2,r) *r  + 4*df(h1,r)*r  + 2*df(h1,r) *r )

                2
           /(4*r )

Residuals of gr2ix2 element:

0
