                 Q               Pr        RE(delta)        IM(delta)              psi              jxb
  -3.00000000E-001  1.00000000E+000 -1.98587711E-001 -8.71308309E-001  1.13415625E+000 -1.10790984E+000
  -2.94000000E-001  1.00000000E+000 -1.92942062E-001 -8.62265560E-001  1.14721122E+000 -1.12166124E+000
  -2.88000000E-001  1.00000000E+000 -1.87287492E-001 -8.53038113E-001  1.16079593E+000 -1.13594933E+000
  -2.82000000E-001  1.00000000E+000 -1.81806516E-001 -8.43339211E-001  1.17527419E+000 -1.15106597E+000
  -2.76000000E-001  1.00000000E+000 -1.76044801E-001 -8.34320109E-001  1.18923425E+000 -1.16581787E+000
  -2.70000000E-001  1.00000000E+000 -1.70461568E-001 -8.24889734E-001  1.20403898E+000 -1.18135369E+000
  -2.64000000E-001  1.00000000E+000 -1.64951297E-001 -8.15313473E-001  1.21938554E+000 -1.19742148E+000
  -2.58000000E-001  1.00000000E+000 -1.59516168E-001 -8.05663569E-001  1.23519347E+000 -1.21394622E+000
  -2.52000000E-001  1.00000000E+000 -1.54031123E-001 -7.95935432E-001  1.25152675E+000 -1.23102576E+000
  -2.46000000E-001  1.00000000E+000 -1.48667914E-001 -7.86062987E-001  1.26846516E+000 -1.24868834E+000
  -2.40000000E-001  1.00000000E+000 -1.43342675E-001 -7.76131194E-001  1.28592793E+000 -1.26688270E+000
  -2.34000000E-001  1.00000000E+000 -1.38063655E-001 -7.66095962E-001  1.30401107E+000 -1.28569949E+000
  -2.28000000E-001  1.00000000E+000 -1.32843260E-001 -7.55982237E-001  1.32270045E+000 -1.30512314E+000
  -2.22000000E-001  1.00000000E+000 -1.27746919E-001 -7.45750552E-001  1.34207852E+000 -1.32521532E+000
  -2.16000000E-001  1.00000000E+000 -1.22584793E-001 -7.35488968E-001  1.36207731E+000 -1.34596674E+000
  -2.10000000E-001  1.00000000E+000 -1.17530472E-001 -7.25114058E-001  1.38283236E+000 -1.36745923E+000
  -2.04000000E-001  1.00000000E+000 -1.12545188E-001 -7.14666447E-001  1.40431943E+000 -1.38968191E+000
  -1.98000000E-001  1.00000000E+000 -1.07650469E-001 -7.04109666E-001  1.42664553E+000 -1.41273353E+000
  -1.92000000E-001  1.00000000E+000 -1.02827668E-001 -6.93450376E-001  1.44985196E+000 -1.43666101E+000
  -1.86000000E-001  1.00000000E+000 -9.80357964E-002 -6.82753838E-001  1.47386212E+000 -1.46140267E+000
  -1.80000000E-001  1.00000000E+000 -9.33791088E-002 -6.71907838E-001  1.49893865E+000 -1.48718583E+000
  -1.74000000E-001  1.00000000E+000 -8.87203484E-002 -6.61067662E-001  1.52483324E+000 -1.51380810E+000
  -1.68000000E-001  1.00000000E+000 -8.42006842E-002 -6.50075958E-001  1.55192158E+000 -1.54159772E+000
  -1.62000000E-001  1.00000000E+000 -7.97037181E-002 -6.39060585E-001  1.58000198E+000 -1.57039078E+000
  -1.56000000E-001  1.00000000E+000 -7.53281295E-002 -6.27916149E-001  1.60937323E+000 -1.60045362E+000
  -1.50000000E-001  1.00000000E+000 -7.10330694E-002 -6.16728214E-001  1.63990812E+000 -1.63167337E+000
  -1.44000000E-001  1.00000000E+000 -6.68590441E-002 -6.05343968E-001  1.67209260E+000 -1.66451844E+000
  -1.38000000E-001  1.00000000E+000 -6.27418426E-002 -5.94007552E-001  1.70536632E+000 -1.69845414E+000
  -1.32000000E-001  1.00000000E+000 -5.86523060E-002 -5.82666334E-001  1.73994955E+000 -1.73370405E+000
  -1.26000000E-001  1.00000000E+000 -5.46902549E-002 -5.71170039E-001  1.77636698E+000 -1.77076064E+000
  -1.20000000E-001  1.00000000E+000 -5.10465116E-002 -5.59581253E-001  1.81451340E+000 -1.80947368E+000
  -1.14000000E-001  1.00000000E+000 -4.70904947E-002 -5.47962538E-001  1.85446305E+000 -1.85007103E+000
  -1.08000000E-001  1.00000000E+000 -4.33954808E-002 -5.36277450E-001  1.89632432E+000 -1.89251787E+000
  -1.02000000E-001  1.00000000E+000 -4.00151398E-002 -5.24520049E-001  1.94026020E+000 -1.93696715E+000
  -9.60000000E-002  1.00000000E+000 -3.64205808E-002 -5.12604071E-001  1.98689436E+000 -1.98415481E+000
  -9.00000000E-002  1.00000000E+000 -3.30056284E-002 -5.00786152E-001  2.03531246E+000 -2.03308007E+000
  -8.40000000E-002  1.00000000E+000 -2.99422258E-002 -4.88772634E-001  2.08686457E+000 -2.08505662E+000
  -7.80000000E-002  1.00000000E+000 -2.65977153E-002 -4.76807275E-001  2.14085886E+000 -2.13950689E+000
  -7.20000000E-002  1.00000000E+000 -2.35508488E-002 -4.64724954E-001  2.19815575E+000 -2.19718037E+000
  -6.60000000E-002  1.00000000E+000 -2.06126782E-002 -4.52601563E-001  2.25871921E+000 -2.25807017E+000
  -6.00000000E-002  1.00000000E+000 -1.77885053E-002 -4.40432961E-001  2.32286192E+000 -2.32248174E+000
  -5.40000000E-002  1.00000000E+000 -1.50577394E-002 -4.28214159E-001  2.39094459E+000 -2.39076976E+000
  -4.80000000E-002  1.00000000E+000 -1.24391327E-002 -4.15944912E-001  2.46334396E+000 -2.46329950E+000
  -4.20000000E-002  1.00000000E+000 -9.93574808E-003 -4.03622368E-001  2.54050600E+000 -2.54050596E+000
  -3.60000000E-002  1.00000000E+000 -7.55072160E-003 -3.91267461E-001  2.62277657E+000 -2.62272246E+000
  -3.00000000E-002  1.00000000E+000 -5.28646677E-003 -3.78856116E-001  2.71086290E+000 -2.71064159E+000
  -2.40000000E-002  1.00000000E+000 -3.12613220E-003 -3.66416124E-001  2.80518756E+000 -2.80466600E+000
  -1.80000000E-002  1.00000000E+000 -1.10280062E-003 -3.53948023E-001  2.90644379E+000 -2.90547186E+000
  -1.20000000E-002  1.00000000E+000  8.22148944E-004 -3.41419817E-001  3.01571371E+000 -3.01410720E+000
  -6.00000000E-003  1.00000000E+000  2.62347178E-003 -3.28881790E-001  3.13350401E+000 -3.13105162E+000
   0.00000000E+000  1.00000000E+000  4.29777605E-003 -3.16303581E-001  3.26118400E+000 -3.25763694E+000
   6.00000000E-003  1.00000000E+000  5.86115209E-003 -3.03711718E-001  3.39974536E+000 -3.39479890E+000
   1.20000000E-002  1.00000000E+000  7.29974556E-003 -2.91090361E-001  3.55085623E+000 -3.54415030E+000
   1.80000000E-002  1.00000000E+000  8.61515150E-003 -2.78442585E-001  3.71626682E+000 -3.70736366E+000
   2.40000000E-002  1.00000000E+000  9.81558053E-003 -2.65772159E-001  3.89804884E+000 -3.88640289E+000
   3.00000000E-002  1.00000000E+000  1.08781898E-002 -2.53090826E-001  4.09859993E+000 -4.08356646E+000
   3.60000000E-002  1.00000000E+000  1.18235657E-002 -2.40391412E-001  4.32109709E+000 -4.30184081E+000
   4.20000000E-002  1.00000000E+000  1.26478099E-002 -2.27679832E-001  4.56923907E+000 -4.54470772E+000
   4.80000000E-002  1.00000000E+000  1.33507439E-002 -2.14959369E-001  4.84765658E+000 -4.81649892E+000
   5.40000000E-002  1.00000000E+000  1.39196115E-002 -2.02227472E-001  5.16235714E+000 -5.12284892E+000
   6.00000000E-002  1.00000000E+000  1.43760166E-002 -1.89497149E-001  5.52044734E+000 -5.47023646E+000
   6.60000000E-002  1.00000000E+000  1.47037555E-002 -1.76761260E-001  5.93186241E+000 -5.86782708E+000
   7.20000000E-002  1.00000000E+000  1.48965854E-002 -1.64024663E-001  6.40927718E+000 -6.32715357E+000
   7.80000000E-002  1.00000000E+000  1.49859879E-002 -1.51293773E-001  6.96932144E+000 -6.86284220E+000
   8.40000000E-002  1.00000000E+000  1.49409898E-002 -1.38567349E-001  7.63567570E+000 -7.49593202E+000
   9.00000000E-002  1.00000000E+000  1.47634121E-002 -1.25849577E-001  8.44119299E+000 -8.25471559E+000
   9.60000000E-002  1.00000000E+000  1.44787874E-002 -1.13138240E-001  9.43366521E+000 -9.17868860E+000
   1.02000000E-001  1.00000000E+000  1.40603291E-002 -1.00442505E-001  1.06851107E+001 -1.03259648E+001
   1.08000000E-001  1.00000000E+000  1.35287784E-002 -8.77594177E-002  1.23090274E+001 -1.17814971E+001
   1.14000000E-001  1.00000000E+000  1.28689079E-002 -7.50917152E-002  1.44944002E+001 -1.36749647E+001
   1.20000000E-001  1.00000000E+000  1.20875078E-002 -6.24411476E-002  1.75738186E+001 -1.61958769E+001
   1.26000000E-001  1.00000000E+000  1.11858593E-002 -4.98044999E-002  2.21771534E+001 -1.95768933E+001
   1.32000000E-001  1.00000000E+000  1.01651531E-002 -3.71730355E-002  2.95526125E+001 -2.37317584E+001
   1.38000000E-001  1.00000000E+000  9.02904248E-003 -2.45116548E-002  4.17868103E+001 -2.53393452E+001
   1.44000000E-001  1.00000000E+000  7.79931722E-003 -1.16312137E-002  5.59474776E+001 -5.10589584E+000
   1.50000000E-001  1.00000000E+000  5.44601344E-003 -2.67159088E-003  5.84920455E+001  2.50728274E+001
   1.56000000E-001  1.00000000E+000  4.58356585E-003  1.16165044E-002  3.83495568E+001  3.17911442E+001
   1.62000000E-001  1.00000000E+000  2.89546533E-003  2.44281608E-002  2.72005266E+001  2.54723166E+001
   1.68000000E-001  1.00000000E+000  1.06223621E-003  3.69684996E-002  2.07238286E+001  2.01718936E+001
   1.74000000E-001  1.00000000E+000 -8.87039573E-004  4.94249937E-002  1.66334885E+001  1.64412876E+001
   1.80000000E-001  1.00000000E+000 -2.94778659E-003  6.18287439E-002  1.38553839E+001  1.37890834E+001
   1.86000000E-001  1.00000000E+000 -5.11150182E-003  7.41904179E-002  1.18578636E+001  1.18379245E+001
   1.92000000E-001  1.00000000E+000 -7.38111896E-003  8.65099643E-002  1.03578116E+001  1.03540002E+001
   1.98000000E-001  1.00000000E+000 -9.75437762E-003  9.87860377E-002  9.19233271E+000  9.19230928E+000
   2.04000000E-001  1.00000000E+000 -1.22241816E-002  1.11019546E-001  8.26173280E+000  8.26033784E+000
   2.10000000E-001  1.00000000E+000 -1.47960711E-002  1.23205397E-001  7.50234204E+000  7.49748387E+000
   2.16000000E-001  1.00000000E+000 -1.74644051E-002  1.35342455E-001  6.87124637E+000  6.86220253E+000
   2.22000000E-001  1.00000000E+000 -2.02346033E-002  1.47431124E-001  6.33860380E+000  6.32525167E+000
   2.28000000E-001  1.00000000E+000 -2.30888581E-002  1.59468494E-001  5.88328044E+000  5.86581106E+000
   2.34000000E-001  1.00000000E+000 -2.60429437E-002  1.71449266E-001  5.48976656E+000  5.46843393E+000
   2.40000000E-001  1.00000000E+000 -2.90847876E-002  1.83375031E-001  5.14629588E+000  5.12141418E+000
   2.46000000E-001  1.00000000E+000 -3.22230853E-002  1.95242840E-001  4.84396478E+000  4.81581692E+000
   2.52000000E-001  1.00000000E+000 -3.54370778E-002  2.07056422E-001  4.57578287E+000  4.54468152E+000
   2.58000000E-001  1.00000000E+000 -3.87550215E-002  2.18798292E-001  4.33654811E+000  4.30270049E+000
   2.64000000E-001  1.00000000E+000 -4.21574040E-002  2.30481955E-001  4.12162958E+000  4.08526665E+000
   2.70000000E-001  1.00000000E+000 -4.56271918E-002  2.42102847E-001  3.92760913E+000  3.88896712E+000
   2.76000000E-001  1.00000000E+000 -4.92018305E-002  2.53655294E-001  3.75158868E+000  3.71079471E+000
   2.82000000E-001  1.00000000E+000 -5.28340431E-002  2.65139901E-001  3.59125536E+000  3.54851095E+000
   2.88000000E-001  1.00000000E+000 -5.65678857E-002  2.76554558E-001  3.44454903E+000  3.39994634E+000
   2.94000000E-001  1.00000000E+000 -6.03592592E-002  2.87907067E-001  3.30979474E+000  3.26349483E+000
   3.00000000E-001  1.00000000E+000 -6.42308142E-002  2.99186099E-001  3.18566627E+000  3.13776572E+000
