Circular: qc = 1.1, qa = 3.6, mu = 2.0, epsa = 0.2
 1.1000e+00  3.6000e+00  1.0000e-03  2.0000e+00  2.0000e-01   2  6.5661e-01  7.1374e-01  3  9.0866e-01  9.1587e-01   2/2    5.6137e+00  6.0897e-22   2/3   -1.7911e+00 -2.0220e-14   3/2   -1.7911e+00  2.0220e-14   3/3   -1.7597e+00  3.1234e-21
 1.1000e+00  3.6000e+00  1.0000e-02  2.0000e+00  2.0000e-01   2  6.5776e-01  7.1468e-01  3  9.0916e-01  9.1627e-01   2/2    5.6433e+00  8.6712e-22   2/3   -1.9437e+00 -2.1431e-14   3/2   -1.9437e+00  2.1431e-14   3/3   -1.6795e+00 -6.3676e-22
 1.1000e+00  3.6000e+00  2.0000e-02  2.0000e+00  2.0000e-01   2  6.5915e-01  7.1579e-01  3  9.0975e-01  9.1674e-01   2/2    5.6898e+00  4.2467e-21   2/3   -2.1225e+00 -2.0184e-14   3/2   -2.1225e+00  2.0184e-14   3/3   -1.5683e+00 -2.6012e-21
 1.1000e+00  3.6000e+00  3.0000e-02  2.0000e+00  2.0000e-01   2  6.6063e-01  7.1698e-01  3  9.1037e-01  9.1723e-01   2/2    5.7513e+00 -1.2330e-20   2/3   -2.3124e+00 -1.9631e-14   3/2   -2.3123e+00  1.9631e-14   3/3   -1.4332e+00 -9.9803e-21
 1.1000e+00  3.6000e+00  4.0000e-02  2.0000e+00  2.0000e-01   2  6.6219e-01  7.1822e-01  3  9.1101e-01  9.1773e-01   2/2    5.8286e+00 -1.0971e-20   2/3   -2.5150e+00 -1.6642e-14   3/2   -2.5150e+00  1.6642e-14   3/3   -1.2736e+00 -2.0906e-21
 1.1000e+00  3.6000e+00  5.0000e-02  2.0000e+00  2.0000e-01   2  6.6383e-01  7.1952e-01  3  9.1167e-01  9.1825e-01   2/2    5.9228e+00  3.6613e-21   2/3   -2.7321e+00 -1.5529e-14   3/2   -2.7321e+00  1.5529e-14   3/3   -1.0887e+00 -1.8909e-20
 1.1000e+00  3.6000e+00  6.0000e-02  2.0000e+00  2.0000e-01   2  6.6553e-01  7.2086e-01  3  9.1235e-01  9.1877e-01   2/2    6.0355e+00 -1.6602e-20   2/3   -2.9658e+00 -1.2927e-14   3/2   -2.9658e+00  1.2927e-14   3/3   -8.7700e-01  7.6619e-22
 1.1000e+00  3.6000e+00  7.0000e-02  2.0000e+00  2.0000e-01   2  6.6727e-01  7.2223e-01  3  9.1303e-01  9.1930e-01   2/2    6.1679e+00  1.2792e-21   2/3   -3.2182e+00 -1.2360e-14   3/2   -3.2182e+00  1.2360e-14   3/3   -6.3699e-01  2.4892e-20
 1.1000e+00  3.6000e+00  8.0000e-02  2.0000e+00  2.0000e-01   2  6.6906e-01  7.2362e-01  3  9.1371e-01  9.1982e-01   2/2    6.3222e+00 -1.2482e-20   2/3   -3.4917e+00 -7.0830e-15   3/2   -3.4917e+00  7.0831e-15   3/3   -3.6641e-01 -5.1422e-21
 1.1000e+00  3.6000e+00  9.0000e-02  2.0000e+00  2.0000e-01   2  6.7087e-01  7.2503e-01  3  9.1440e-01  9.2035e-01   2/2    6.5006e+00  3.4544e-20   2/3   -3.7894e+00 -5.2652e-15   3/2   -3.7894e+00  5.2650e-15   3/3   -6.2447e-02  1.7231e-20
 1.1000e+00  3.6000e+00  1.0000e-01  2.0000e+00  2.0000e-01   2  6.7271e-01  7.2645e-01  3  9.1509e-01  9.2087e-01   2/2    6.7060e+00  1.0587e-20   2/3   -4.1148e+00  2.7390e-15   3/2   -4.1148e+00 -2.7391e-15   3/3    2.7848e-01 -3.3955e-21
 1.1000e+00  3.6000e+00  1.1000e-01  2.0000e+00  2.0000e-01   2  6.7455e-01  7.2787e-01  3  9.1578e-01  9.2139e-01   2/2    6.9416e+00  4.2319e-20   2/3   -4.4719e+00  4.5911e-15   3/2   -4.4720e+00 -4.5913e-15   3/3    6.6091e-01  1.6827e-20
 1.1000e+00  3.6000e+00  1.2000e-01  2.0000e+00  2.0000e-01   2  6.7640e-01  7.2929e-01  3  9.1646e-01  9.2191e-01   2/2    7.2117e+00  9.3764e-20   2/3   -4.8659e+00  1.0454e-14   3/2   -4.8660e+00 -1.0455e-14   3/3    1.0906e+00  3.7549e-20
 1.1000e+00  3.6000e+00  1.3000e-01  2.0000e+00  2.0000e-01   2  6.7824e-01  7.3071e-01  3  9.1713e-01  9.2241e-01   2/2    7.5214e+00  2.1255e-20   2/3   -5.3030e+00  1.8371e-14   3/2   -5.3030e+00 -1.8371e-14   3/3    1.5747e+00 -9.8882e-20
 1.1000e+00  3.6000e+00  1.4000e-01  2.0000e+00  2.0000e-01   2  6.8007e-01  7.3211e-01  3  9.1780e-01  9.2291e-01   2/2    7.8768e+00  4.5915e-20   2/3   -5.7907e+00  5.4745e-14   3/2   -5.7907e+00 -5.4744e-14   3/3    2.1223e+00 -1.0888e-18
 1.1000e+00  3.6000e+00  1.5000e-01  2.0000e+00  2.0000e-01   2  6.8189e-01  7.3349e-01  3  9.1845e-01  9.2339e-01   2/2    8.2861e+00 -8.0254e-20   2/3   -6.3388e+00  5.5055e-14   3/2   -6.3388e+00 -5.5055e-14   3/3    2.7453e+00 -7.8432e-20
 1.1000e+00  3.6000e+00  1.6000e-01  2.0000e+00  2.0000e-01   2  6.8369e-01  7.3485e-01  3  9.1909e-01  9.2387e-01   2/2    8.7590e+00 -2.0732e-20   2/3   -6.9595e+00  1.3706e-13   3/2   -6.9595e+00 -1.3706e-13   3/3    3.4585e+00  2.7272e-19
 1.1000e+00  3.6000e+00  1.7000e-01  2.0000e+00  2.0000e-01   2  6.8547e-01  7.3619e-01  3  9.1972e-01  9.2434e-01   2/2    9.3088e+00 -8.3408e-20   2/3   -7.6688e+00  7.6739e-14   3/2   -7.6688e+00 -7.6739e-14   3/3    4.2816e+00  1.7025e-19
 1.1000e+00  3.6000e+00  1.8000e-01  2.0000e+00  2.0000e-01   2  6.8722e-01  7.3751e-01  3  9.2034e-01  9.2479e-01   2/2    9.9523e+00  5.0990e-19   2/3   -8.4877e+00  1.4994e-12   3/2   -8.4877e+00 -1.4994e-12   3/3    5.2404e+00 -1.1627e-17
 1.1000e+00  3.6000e+00  1.9000e-01  2.0000e+00  2.0000e-01   2  6.8894e-01  7.3879e-01  3  9.2094e-01  9.2523e-01   2/2    1.0713e+01 -3.2555e-19   2/3   -9.4443e+00  6.0821e-13   3/2   -9.4444e+00 -6.0821e-13   3/3    6.3697e+00  9.3256e-19
 1.1000e+00  3.6000e+00  2.0000e-01  2.0000e+00  2.0000e-01   2  6.9062e-01  7.4005e-01  3  9.2153e-01  9.2566e-01   2/2    1.1621e+01  1.3467e-18   2/3   -1.0577e+01  6.5364e-12   3/2   -1.0577e+01 -6.5363e-12   3/3    7.7175e+00 -3.8861e-17
 1.1000e+00  3.6000e+00  2.1000e-01  2.0000e+00  2.0000e-01   2  6.9228e-01  7.4128e-01  3  9.2211e-01  9.2608e-01   2/2    1.2722e+01 -7.4302e-18   2/3   -1.1942e+01  3.9804e-11   3/2   -1.1942e+01 -3.9804e-11   3/3    9.3513e+00 -3.2563e-17
 1.1000e+00  3.6000e+00  2.2000e-01  2.0000e+00  2.0000e-01   2  6.9389e-01  7.4247e-01  3  9.2267e-01  9.2648e-01   2/2    1.4080e+01 -3.1322e-18   2/3   -1.3617e+01  2.0612e-10   3/2   -1.3617e+01 -2.0612e-10   3/3    1.1371e+01  1.3095e-15
 1.1000e+00  3.6000e+00  2.3000e-01  2.0000e+00  2.0000e-01   2  6.9547e-01  7.4363e-01  3  9.2322e-01  9.2687e-01   2/2    1.5805e+01  2.3489e-18   2/3   -1.5741e+01  1.4564e-09   3/2   -1.5741e+01 -1.4564e-09   3/3    1.3946e+01  2.5252e-14
 1.1000e+00  3.6000e+00  2.4000e-01  2.0000e+00  2.0000e-01   2  6.9701e-01  7.4476e-01  3  9.2375e-01  9.2725e-01   2/2    1.7994e+01  2.3590e-16   2/3   -1.8431e+01 -2.3927e-09   3/2   -1.8431e+01  2.3926e-09   3/3    1.7224e+01  3.6596e-14
 1.1000e+00  3.6000e+00  2.5000e-01  2.0000e+00  2.0000e-01   2  6.9851e-01  7.4585e-01  3  9.2427e-01  9.2762e-01   2/2    2.0982e+01  1.9217e-16   2/3   -2.2104e+01 -6.0501e-10   3/2   -2.2104e+01  6.0501e-10   3/3    2.1720e+01  1.7298e-15
 1.1000e+00  3.6000e+00  2.6000e-01  2.0000e+00  2.0000e-01   2  6.9997e-01  7.4691e-01  3  9.2478e-01  9.2798e-01   2/2    2.5210e+01  6.6209e-16   2/3   -2.7309e+01 -9.4930e-10   3/2   -2.7309e+01  9.4930e-10   3/3    2.8116e+01  3.2567e-15
 1.1000e+00  3.6000e+00  2.7000e-01  2.0000e+00  2.0000e-01   2  7.0139e-01  7.4794e-01  3  9.2527e-01  9.2832e-01   2/2    3.1661e+01  1.9448e-15   2/3   -3.5261e+01 -3.2756e-09   3/2   -3.5261e+01  3.2756e-09   3/3    3.7920e+01  2.2179e-14
 1.1000e+00  3.6000e+00  2.8000e-01  2.0000e+00  2.0000e-01   2  7.0277e-01  7.4893e-01  3  9.2575e-01  9.2866e-01   2/2    4.2707e+01  2.8149e-15   2/3   -4.8906e+01 -3.7599e-09   3/2   -4.8906e+01  3.7599e-09   3/3    5.4788e+01 -6.8808e-15
 1.1000e+00  3.6000e+00  2.8500e-01  2.0000e+00  2.0000e-01   2  7.0345e-01  7.4941e-01  3  9.2598e-01  9.2882e-01   2/2    5.1821e+01  9.3697e-15   2/3   -6.0182e+01 -5.5919e-09   3/2   -6.0182e+01  5.5919e-09   3/3    6.8747e+01  1.7086e-14
 1.1000e+00  3.6000e+00  2.9000e-01  2.0000e+00  2.0000e-01   2  7.0411e-01  7.4989e-01  3  9.2621e-01  9.2898e-01   2/2    6.5984e+01  1.6127e-14   2/3   -7.7719e+01 -8.7238e-09   3/2   -7.7719e+01  8.7239e-09   3/3    9.0475e+01 -8.1696e-14
 1.1000e+00  3.6000e+00  2.9250e-01  2.0000e+00  2.0000e-01   2  7.0444e-01  7.5012e-01  3  9.2633e-01  9.2906e-01   2/2    7.6480e+01  2.5691e-14   2/3   -9.0724e+01 -1.2693e-08   3/2   -9.0724e+01  1.2693e-08   3/3    1.0660e+02  2.4088e-14
 1.1000e+00  3.6000e+00  2.9500e-01  2.0000e+00  2.0000e-01   2  7.0476e-01  7.5035e-01  3  9.2644e-01  9.2914e-01   2/2    9.0998e+01  1.5367e-14   2/3   -1.0872e+02 -1.1027e-08   3/2   -1.0872e+02  1.1027e-08   3/3    1.2891e+02 -7.2338e-14
 1.1000e+00  3.6000e+00  2.9750e-01  2.0000e+00  2.0000e-01   2  7.0509e-01  7.5058e-01  3  9.2655e-01  9.2922e-01   2/2    1.1240e+02  7.0865e-14   2/3   -1.3525e+02 -2.6104e-08   3/2   -1.3525e+02  2.6104e-08   3/3    1.6182e+02 -6.3387e-14
 1.1000e+00  3.6000e+00  3.0000e-01  2.0000e+00  2.0000e-01   2  7.0541e-01  7.5081e-01  3  9.2666e-01  9.2929e-01   2/2    1.4710e+02  9.1261e-14   2/3   -1.7830e+02 -3.4021e-08   3/2   -1.7830e+02  3.4020e-08   3/3    2.1521e+02  3.7494e-13
 1.1000e+00  3.6000e+00  3.0250e-01  2.0000e+00  2.0000e-01   2  7.0572e-01  7.5103e-01  3  9.2677e-01  9.2937e-01   2/2    2.1311e+02  4.2450e-14   2/3   -2.6018e+02 -1.4914e-08   3/2   -2.6018e+02  1.4914e-08   3/3    3.1681e+02  1.3524e-13
 1.1000e+00  3.6000e+00  3.0500e-01  2.0000e+00  2.0000e-01   2  7.0604e-01  7.5126e-01  3  9.2688e-01  9.2944e-01   2/2    3.8760e+02  7.5162e-13   2/3   -4.7668e+02 -7.0802e-08   3/2   -4.7669e+02  7.0800e-08   3/3    5.8544e+02  9.4369e-13
 1.1000e+00  3.6000e+00  3.0625e-01  2.0000e+00  2.0000e-01   2  7.0620e-01  7.5137e-01  3  9.2694e-01  9.2948e-01   2/2    6.5742e+02  1.9611e-12   2/3   -8.1148e+02 -1.3223e-07   3/2   -8.1149e+02  1.3222e-07   3/3    1.0009e+03  4.0849e-12
 1.1000e+00  3.6000e+00  3.0750e-01  2.0000e+00  2.0000e-01   2  7.0635e-01  7.5148e-01  3  9.2699e-01  9.2952e-01   2/2    2.1719e+03 -6.6982e-13   2/3   -2.6907e+03 -4.5124e-07   3/2   -2.6907e+03  4.5124e-07   3/3    3.3328e+03  3.1726e-12
