Circular: qc = 0.8, qa = 2.8, mu = 2.0, epsa = 0.2, bw = 1.05
8.0000e-01  2.8000e+00  1.0000e-03  2.0000e+00  2.0000e-01  1.025e+00   7.946e-02   9.460e-01   4.178e+01   1.586e-02   1.752e-01   8.135e-01   1.058e-01   9.852e-01
8.0000e-01  2.8000e+00  2.5000e-03  2.0000e+00  2.0000e-01  1.0255e+00  7.9495e-02  9.4600e-01  3.4104e+01  5.3853e-02  2.3796e-01  7.4071e-01  2.6492e-01  9.8708e-01
8.0000e-01  2.8000e+00  5.0000e-03  2.0000e+00  2.0000e-01  1.026e+00   7.955e-02   9.460e-01   2.647e+01   1.503e-01   3.322e-01   6.471e-01   5.309e-01   9.894e-01
8.0000e-01  2.8000e+00  1.0000e-02  2.0000e+00  2.0000e-01  1.026e+00   7.958e-02   9.461e-01   1.856e+01   4.346e-01   4.802e-01   5.222e-01   1.064e+00   9.923e-01
8.0000e-01  2.8000e+00  1.5000e-02  2.0000e+00  2.0000e-01  1.0256e+00  7.9502e-02  9.4615e-01  1.4416e+01  7.9303e-01  5.8431e-01  4.4494e-01  1.5972e+00  9.9399e-01
8.0000e-01  2.8000e+00  2.0000e-02  2.0000e+00  2.0000e-01  1.025e+00   7.929e-02   9.462e-01   1.186e+01   1.190e+00   6.578e-01   3.952e-01   2.130e+00   9.950e-01
8.0000e-01  2.8000e+00  2.5000e-02  2.0000e+00  2.0000e-01  1.0251e+00  7.8915e-02  9.4618e-01  1.0140e+01  1.6066e+00  7.1055e-01  3.6326e-01  2.6618e+00  9.9572e-01
8.0000e-01  2.8000e+00  3.0000e-02  2.0000e+00  2.0000e-01  1.024e+00   7.833e-02   9.462e-01   8.918e+00   2.032e+00   7.491e-01   3.445e-01   3.193e+00   9.962e-01
8.0000e-01  2.8000e+00  3.5000e-02  2.0000e+00  2.0000e-01  1.0236e+00  7.7475e-02  9.4616e-01  8.0160e+00  2.4612e+00  7.7785e-01  3.3651e-01  3.7223e+00  9.9643e-01
8.0000e-01  2.8000e+00  4.0000e-02  2.0000e+00  2.0000e-01  1.022e+00   7.628e-02   9.461e-01   7.332e+00   2.890e+00   7.995e-01   3.383e-01   4.251e+00   9.966e-01
8.0000e-01  2.8000e+00  4.5000e-02  2.0000e+00  2.0000e-01  1.0208e+00  7.4653e-02  9.4614e-01  6.8044e+00  3.3172e+00  8.1578e-01  3.4990e-01  4.7774e+00  9.9659e-01
8.0000e-01  2.8000e+00  5.0000e-02  2.0000e+00  2.0000e-01  1.019e+00   7.244e-02   9.462e-01   6.394e+00   3.740e+00   8.281e-01   3.723e-01   5.303e+00   9.965e-01
8.0000e-01  2.8000e+00  5.5000e-02  2.0000e+00  2.0000e-01  1.0157e+00  6.9446e-02  9.4623e-01  6.0730e+00  4.1586e+00  8.3714e-01  4.0755e-01  5.8260e+00  9.9630e-01
8.0000e-01  2.8000e+00  6.0000e-02  2.0000e+00  2.0000e-01  1.012e+00   6.536e-02   9.464e-01   5.825e+00   4.570e+00   8.436e-01   4.594e-01   6.347e+00   9.960e-01
8.0000e-01  2.8000e+00  6.5000e-02  2.0000e+00  2.0000e-01  1.0063e+00  5.9687e-02  9.4666e-01  5.6367e+00  4.9744e+00  8.4771e-01  5.3400e-01  6.8656e+00  9.9543e-01
8.0000e-01  2.8000e+00  7.0000e-02  2.0000e+00  2.0000e-01  9.988e-01   5.161e-02   9.472e-01   5.500e+00   5.369e+00   8.498e-01   6.422e-01   7.380e+00   9.946e-01
8.0000e-01  2.8000e+00  7.5000e-02  2.0000e+00  2.0000e-01  9.878e-01   3.963e-02   9.481e-01   5.406e+00   5.752e+00   8.500e-01   8.043e-01   7.890e+00   9.934e-01
8.0000e-01  2.8000e+00  8.0000e-02  2.0000e+00  2.0000e-01  9.707e-01   2.066e-02   9.500e-01   5.353e+00   6.122e+00   8.483e-01   1.062e+00   8.391e+00   9.915e-01
8.0000e-01  2.8000e+00  8.5000e-02  2.0000e+00  2.0000e-01  9.413e-01  -1.270e-02   9.540e-01   5.337e+00   6.474e+00   8.446e-01   1.520e+00   8.873e+00   9.879e-01
8.0000e-01  2.8000e+00  9.0000e-02  2.0000e+00  2.0000e-01  8.810e-01  -8.395e-02   9.649e-01   5.358e+00   6.806e+00   8.387e-01   2.519e+00   9.307e+00   9.796e-01
8.0000e-01  2.8000e+00  9.1000e-02  2.0000e+00  2.0000e-01  8.606e-01  -1.088e-01   9.694e-01   5.366e+00   6.869e+00   8.372e-01   2.875e+00   9.379e+00   9.765e-01
8.0000e-01  2.8000e+00  9.2000e-02  2.0000e+00  2.0000e-01  8.349e-01  -1.406e-01   9.756e-01   5.375e+00   6.932e+00   8.357e-01   3.337e+00   9.439e+00   9.723e-01
8.0000e-01  2.8000e+00  9.3000e-02  2.0000e+00  2.0000e-01  8.017e-01  -1.827e-01   9.844e-01   5.387e+00   6.993e+00   8.341e-01   3.961e+00   9.483e+00   9.665e-01
8.0000e-01  2.8000e+00  9.4000e-02  2.0000e+00  2.0000e-01  7.570e-01  -2.408e-01   9.978e-01   5.399e+00   7.053e+00   8.323e-01   4.845e+00   9.497e+00   9.578e-01
8.0000e-01  2.8000e+00  9.5000e-02  2.0000e+00  2.0000e-01  6.937e-01  -3.259e-01   1.020e+00   5.413e+00   7.112e+00   8.305e-01   6.197e+00   9.452e+00   9.435e-01
8.0000e-01  2.8000e+00  9.6000e-02  2.0000e+00  2.0000e-01  5.974e-01  -4.617e-01   1.059e+00   5.428e+00   7.169e+00   8.285e-01   8.506e+00   9.272e+00   9.161e-01
8.0000e-01  2.8000e+00  9.7000e-02  2.0000e+00  2.0000e-01  4.333e-01  -7.098e-01   1.143e+00   5.445e+00   7.226e+00   8.264e-01   1.327e+01   8.665e+00   8.475e-01
8.0000e-01  2.8000e+00  9.7500e-02  2.0000e+00  2.0000e-01  2.993e-01  -9.274e-01   1.227e+00   5.454e+00   7.253e+00   8.254e-01   1.810e+01   7.836e+00   7.625e-01 
8.0000e-01  2.8000e+00  9.8000e-02  2.0000e+00  2.0000e-01  9.396e-02  -1.285e+00   1.379e+00   5.463e+00   7.280e+00   8.242e-01   2.729e+01   5.886e+00   5.699e-01
8.0000e-01  2.8000e+00  9.8100e-02  2.0000e+00  2.0000e-01  3.918e-02  -1.385e+00   1.424e+00   5.447e+00   7.295e+00   8.251e-01   3.008e+01   5.245e+00   5.073e-01 