Circular: qc = 1.5, qa = 3.6, mu = 2.0, epsa = 0.2, bw = 1.1
 1.5000e+00  3.6000e+00  1.0000e-03  2.0000e+00  2.0000e-01  1.2678e+00  1.2465e-01  1.1432e+00  3.4187e+00  1.4090e-01  9.0087e-01 -5.6436e-01  1.2632e-01  1.0111e+00
 1.5000e+00  3.6000e+00  5.0000e-03  2.0000e+00  2.0000e-01  1.2676e+00  1.2317e-01  1.1445e+00  1.7577e+00  7.4831e-01  9.5728e-01 -5.4109e-01  6.3040e-01  1.0100e+00
 1.5000e+00  3.6000e+00  1.0000e-02  2.0000e+00  2.0000e-01  1.2671e+00  1.2106e-01  1.1460e+00  1.0137e+00  1.5302e+00  9.7925e-01 -5.2812e-01  1.2583e+00  1.0092e+00
 1.5000e+00  3.6000e+00  2.0000e-02  2.0000e+00  2.0000e-01  1.2650e+00  1.1596e-01  1.1490e+00  4.6097e-01  3.0985e+00  9.9254e-01 -5.3204e-01  2.5086e+00  1.0084e+00
 1.5000e+00  3.6000e+00  3.0000e-02  2.0000e+00  2.0000e-01  1.2614e+00  1.0953e-01  1.1519e+00  2.3148e-01  4.6624e+00  9.9681e-01 -5.5775e-01  3.7525e+00  1.0081e+00
 1.5000e+00  3.6000e+00  4.0000e-02  2.0000e+00  2.0000e-01  1.2564e+00  1.0161e-01  1.1548e+00  1.0210e-01  6.2213e+00  9.9876e-01 -5.9482e-01  4.9907e+00  1.0080e+00
 1.5000e+00  3.6000e+00  5.0000e-02  2.0000e+00  2.0000e-01  1.2497e+00  9.2042e-02  1.1577e+00  1.6392e-02  7.7755e+00  9.9982e-01 -6.3810e-01  6.2230e+00  1.0081e+00
 1.5000e+00  3.6000e+00  6.0000e-02  2.0000e+00  2.0000e-01  1.2414e+00  8.0625e-02  1.1608e+00 -4.6424e-02  9.3251e+00  1.0005e+00 -6.8489e-01  7.4497e+00  1.0083e+00
 1.5000e+00  3.6000e+00  7.0000e-02  2.0000e+00  2.0000e-01  1.2314e+00  6.7165e-02  1.1642e+00 -9.5633e-02  1.0870e+01  1.0009e+00 -7.3344e-01  8.6707e+00  1.0084e+00
 1.5000e+00  3.6000e+00  8.0000e-02  2.0000e+00  2.0000e-01  1.2196e+00  5.1458e-02  1.1681e+00 -1.3617e-01  1.2411e+01  1.0012e+00 -7.8271e-01  9.8862e+00  1.0086e+00
 1.5000e+00  3.6000e+00  9.0000e-02  2.0000e+00  2.0000e-01  1.2060e+00  3.3288e-02  1.1727e+00 -1.7082e-01  1.3949e+01  1.0014e+00 -8.3192e-01  1.1096e+01  1.0088e+00
 1.5000e+00  3.6000e+00  1.0000e-01  2.0000e+00  2.0000e-01  1.1905e+00  1.2439e-02  1.1781e+00 -2.0130e-01  1.5482e+01  1.0016e+00 -8.8045e-01  1.2301e+01  1.0090e+00
 1.5000e+00  3.6000e+00  1.1000e-01  2.0000e+00  2.0000e-01  1.1732e+00 -1.1306e-02  1.1845e+00 -2.2869e-01  1.7011e+01  1.0017e+00 -9.2805e-01  1.3501e+01  1.0092e+00
 1.5000e+00  3.6000e+00  1.2000e-01  2.0000e+00  2.0000e-01  1.1541e+00 -3.8152e-02  1.1923e+00 -2.5379e-01  1.8538e+01  1.0018e+00 -9.7433e-01  1.4697e+01  1.0093e+00
 1.5000e+00  3.6000e+00  1.3000e-01  2.0000e+00  2.0000e-01  1.1333e+00 -6.8287e-02  1.2015e+00 -2.7707e-01  2.0061e+01  1.0018e+00 -1.0193e+00  1.5888e+01  1.0095e+00
 1.5000e+00  3.6000e+00  1.4000e-01  2.0000e+00  2.0000e-01  1.1108e+00 -1.0186e-01  1.2126e+00 -2.9900e-01  2.1582e+01  1.0019e+00 -1.0628e+00  1.7076e+01  1.0096e+00
 1.5000e+00  3.6000e+00  1.5000e-01  2.0000e+00  2.0000e-01  1.0869e+00 -1.3896e-01  1.2258e+00 -3.1987e-01  2.3101e+01  1.0019e+00 -1.1050e+00  1.8260e+01  1.0097e+00
 1.5000e+00  3.6000e+00  1.6000e-01  2.0000e+00  2.0000e-01  1.0617e+00 -1.7960e-01  1.2413e+00 -3.3993e-01  2.4618e+01  1.0019e+00 -1.1463e+00  1.9441e+01  1.0098e+00
 1.5000e+00  3.6000e+00  1.7000e-01  2.0000e+00  2.0000e-01  1.0356e+00 -2.2366e-01  1.2592e+00 -3.5946e-01  2.6134e+01  1.0019e+00 -1.1870e+00  2.0620e+01  1.0099e+00
 1.5000e+00  3.6000e+00  1.8000e-01  2.0000e+00  2.0000e-01  1.0089e+00 -2.7088e-01  1.2797e+00 -3.7870e-01  2.7649e+01  1.0020e+00 -1.2277e+00  2.1796e+01  1.0100e+00
 1.5000e+00  3.6000e+00  1.9000e-01  2.0000e+00  2.0000e-01  9.8201e-01 -3.2078e-01  1.3028e+00 -3.9788e-01  2.9163e+01  1.0020e+00 -1.2692e+00  2.2972e+01  1.0101e+00
 1.5000e+00  3.6000e+00  2.0000e-01  2.0000e+00  2.0000e-01  9.5553e-01 -3.7270e-01  1.3282e+00 -4.1719e-01  3.0677e+01  1.0020e+00 -1.3130e+00  2.4147e+01  1.0102e+00
 1.5000e+00  3.6000e+00  2.1000e-01  2.0000e+00  2.0000e-01  9.2997e-01 -4.2566e-01  1.3556e+00 -4.3690e-01  3.2192e+01  1.0020e+00 -1.3600e+00  2.5322e+01  1.0103e+00
 1.5000e+00  3.6000e+00  2.2000e-01  2.0000e+00  2.0000e-01  9.0594e-01 -4.7831e-01  1.3843e+00 -4.5716e-01  3.3708e+01  1.0021e+00 -1.4117e+00  2.6498e+01  1.0104e+00
 1.5000e+00  3.6000e+00  2.3000e-01  2.0000e+00  2.0000e-01  8.8399e-01 -5.2982e-01  1.4138e+00 -4.7809e-01  3.5226e+01  1.0021e+00 -1.4693e+00  2.7675e+01  1.0106e+00
 1.5000e+00  3.6000e+00  2.4000e-01  2.0000e+00  2.0000e-01  8.6471e-01 -5.7814e-01  1.4428e+00 -4.9971e-01  3.6745e+01  1.0021e+00 -1.5343e+00  2.8855e+01  1.0108e+00
 1.5000e+00  3.6000e+00  2.5000e-01  2.0000e+00  2.0000e-01  8.4856e-01 -6.2179e-01  1.4704e+00 -5.2195e-01  3.8267e+01  1.0022e+00 -1.6077e+00  3.0037e+01  1.0111e+00
 1.5000e+00  3.6000e+00  2.6000e-01  2.0000e+00  2.0000e-01  8.3593e-01 -6.5918e-01  1.4951e+00 -5.4453e-01  3.9791e+01  1.0023e+00 -1.6901e+00  3.1223e+01  1.0114e+00
 1.5000e+00  3.6000e+00  2.7000e-01  2.0000e+00  2.0000e-01  8.2708e-01 -6.8881e-01  1.5159e+00 -5.6713e-01  4.1320e+01  1.0024e+00 -1.7814e+00  3.2412e+01  1.0117e+00
 1.5000e+00  3.6000e+00  2.8000e-01  2.0000e+00  2.0000e-01  8.2214e-01 -7.0944e-01  1.5316e+00 -5.8913e-01  4.2852e+01  1.0024e+00 -1.8813e+00  3.3605e+01  1.0120e+00
 1.5000e+00  3.6000e+00  2.9000e-01  2.0000e+00  2.0000e-01  8.2097e-01 -7.2066e-01  1.5416e+00 -6.1004e-01  4.4388e+01  1.0026e+00 -1.9888e+00  3.4803e+01  1.0124e+00
 1.5000e+00  3.6000e+00  3.0000e-01  2.0000e+00  2.0000e-01  8.2308e-01 -7.2323e-01  1.5463e+00 -6.2928e-01  4.5928e+01  1.0027e+00 -2.1010e+00  3.6004e+01  1.0127e+00
 1.5000e+00  3.6000e+00  3.1000e-01  2.0000e+00  2.0000e-01  8.2776e-01 -7.1839e-01  1.5462e+00 -6.4613e-01  4.7474e+01  1.0028e+00 -2.2161e+00  3.7209e+01  1.0130e+00
