Circular: qc = 1.5, qa = 3.6, mu = 2.0, epsa = 0.2, bw = 1.1
 1.5000e+00  3.6000e+00  1.0000e-03  2.0000e+00  2.0000e-01   2  4.8918e-01  6.2123e-01  3  8.8518e-01  9.0904e-01   2/2    8.5122e+00  2.2501e-22   2/3   -1.5859e+00  1.4152e-14   3/2   -1.5859e+00 -1.4152e-14   3/3   -1.1040e+00 -4.2744e-20
 1.5000e+00  3.6000e+00  5.0000e-03  2.0000e+00  2.0000e-01   2  4.8954e-01  6.2153e-01  3  8.8538e-01  9.0919e-01   2/2    8.5370e+00  1.4614e-23   2/3   -1.7340e+00  1.0761e-14   3/2   -1.7340e+00 -1.0761e-14   3/3   -1.0971e+00 -7.0148e-20
 1.5000e+00  3.6000e+00  1.0000e-02  2.0000e+00  2.0000e-01   2  4.9001e-01  6.2193e-01  3  8.8563e-01  9.0938e-01   2/2    8.5792e+00  5.8557e-22   2/3   -1.9204e+00  7.9149e-15   3/2   -1.9204e+00 -7.9149e-15   3/3   -1.0791e+00 -7.7778e-20
 1.5000e+00  3.6000e+00  2.0000e-02  2.0000e+00  2.0000e-01   2  4.9101e-01  6.2277e-01  3  8.8615e-01  9.0976e-01   2/2    8.7015e+00  8.4859e-22   2/3   -2.3000e+00  9.7035e-16   3/2   -2.3000e+00 -9.7037e-16   3/3   -1.0123e+00 -7.7185e-20
 1.5000e+00  3.6000e+00  3.0000e-02  2.0000e+00  2.0000e-01   2  4.9209e-01  6.2366e-01  3  8.8670e-01  9.1016e-01   2/2    8.8745e+00  2.9361e-21   2/3   -2.6927e+00 -9.6797e-15   3/2   -2.6927e+00  9.6796e-15   3/3   -9.0470e-01 -2.5015e-19
 1.5000e+00  3.6000e+00  4.0000e-02  2.0000e+00  2.0000e-01   2  4.9321e-01  6.2459e-01  3  8.8726e-01  9.1056e-01   2/2    9.0988e+00  4.4334e-21   2/3   -3.1030e+00 -2.1737e-14   3/2   -3.1030e+00  2.1737e-14   3/3   -7.5577e-01 -2.1888e-19
 1.5000e+00  3.6000e+00  5.0000e-02  2.0000e+00  2.0000e-01   2  4.9439e-01  6.2555e-01  3  8.8783e-01  9.1097e-01   2/2    9.3761e+00  2.3747e-20   2/3   -3.5351e+00 -3.8910e-14   3/2   -3.5350e+00  3.8909e-14   3/3   -5.6469e-01 -1.1171e-20
 1.5000e+00  3.6000e+00  6.0000e-02  2.0000e+00  2.0000e-01   2  4.9559e-01  6.2653e-01  3  8.8841e-01  9.1138e-01   2/2    9.7075e+00  1.4459e-20   2/3   -3.9930e+00 -5.7009e-14   3/2   -3.9930e+00  5.7009e-14   3/3   -3.3017e-01 -6.9272e-20
 1.5000e+00  3.6000e+00  7.0000e-02  2.0000e+00  2.0000e-01   2  4.9680e-01  6.2752e-01  3  8.8898e-01  9.1179e-01   2/2    1.0096e+01  2.6701e-20   2/3   -4.4807e+00 -7.8244e-14   3/2   -4.4807e+00  7.8244e-14   3/3   -5.0400e-02 -2.8637e-19
 1.5000e+00  3.6000e+00  8.0000e-02  2.0000e+00  2.0000e-01   2  4.9802e-01  6.2850e-01  3  8.8955e-01  9.1219e-01   2/2    1.0542e+01  4.7642e-20   2/3   -5.0018e+00 -9.9391e-14   3/2   -5.0018e+00  9.9390e-14   3/3    2.7677e-01 -1.9777e-19
 1.5000e+00  3.6000e+00  9.0000e-02  2.0000e+00  2.0000e-01   2  4.9923e-01  6.2947e-01  3  8.9012e-01  9.1258e-01   2/2    1.1049e+01  1.0104e-19   2/3   -5.5597e+00 -1.3510e-13   3/2   -5.5597e+00  1.3510e-13   3/3    6.5369e-01 -3.0378e-19
 1.5000e+00  3.6000e+00  1.0000e-01  2.0000e+00  2.0000e-01   2  5.0042e-01  6.3041e-01  3  8.9067e-01  9.1297e-01   2/2    1.1617e+01  1.9308e-20   2/3   -6.1573e+00 -1.5807e-13   3/2   -6.1573e+00  1.5807e-13   3/3    1.0829e+00 -2.9429e-19
 1.5000e+00  3.6000e+00  1.1000e-01  2.0000e+00  2.0000e-01   2  5.0157e-01  6.3133e-01  3  8.9121e-01  9.1334e-01   2/2    1.2248e+01  1.3659e-19   2/3   -6.7971e+00 -1.8629e-13   3/2   -6.7970e+00  1.8629e-13   3/3    1.5670e+00 -6.1507e-19
 1.5000e+00  3.6000e+00  1.2000e-01  2.0000e+00  2.0000e-01   2  5.0269e-01  6.3222e-01  3  8.9173e-01  9.1370e-01   2/2    1.2941e+01  1.8092e-20   2/3   -7.4802e+00 -2.0119e-13   3/2   -7.4802e+00  2.0119e-13   3/3    2.1081e+00 -5.9412e-19
 1.5000e+00  3.6000e+00  1.3000e-01  2.0000e+00  2.0000e-01   2  5.0376e-01  6.3305e-01  3  8.9223e-01  9.1404e-01   2/2    1.3694e+01  3.7473e-19   2/3   -8.2072e+00 -1.5626e-13   3/2   -8.2071e+00  1.5626e-13   3/3    2.7080e+00 -2.9405e-18
 1.5000e+00  3.6000e+00  1.4000e-01  2.0000e+00  2.0000e-01   2  5.0478e-01  6.3385e-01  3  8.9270e-01  9.1436e-01   2/2    1.4502e+01  3.0700e-19   2/3   -8.9760e+00 -3.0282e-13   3/2   -8.9758e+00  3.0281e-13   3/3    3.3670e+00  1.1842e-18
 1.5000e+00  3.6000e+00  1.5000e-01  2.0000e+00  2.0000e-01   2  5.0573e-01  6.3458e-01  3  8.9316e-01  9.1467e-01   2/2    1.5358e+01  5.7627e-19   2/3   -9.7821e+00 -6.8112e-14   3/2   -9.7820e+00  6.8109e-14   3/3    4.0842e+00 -4.9083e-19
 1.5000e+00  3.6000e+00  1.6000e-01  2.0000e+00  2.0000e-01   2  5.0662e-01  6.3527e-01  3  8.9359e-01  9.1496e-01   2/2    1.6249e+01 -3.3586e-19   2/3   -1.0618e+01 -1.5213e-13   3/2   -1.0618e+01  1.5214e-13   3/3    4.8558e+00 -7.4362e-18
 1.5000e+00  3.6000e+00  1.7000e-01  2.0000e+00  2.0000e-01   2  5.0743e-01  6.3588e-01  3  8.9400e-01  9.1522e-01   2/2    1.7159e+01  8.8839e-19   2/3   -1.1471e+01 -6.5256e-14   3/2   -1.1471e+01  6.5257e-14   3/3    5.6747e+00 -8.6913e-18
 1.5000e+00  3.6000e+00  1.8000e-01  2.0000e+00  2.0000e-01   2  5.0816e-01  6.3644e-01  3  8.9438e-01  9.1547e-01   2/2    1.8063e+01  2.1766e-20   2/3   -1.2324e+01  2.7547e-12   3/2   -1.2324e+01 -2.7547e-12   3/3    6.5296e+00 -2.7993e-19
 1.5000e+00  3.6000e+00  1.9000e-01  2.0000e+00  2.0000e-01   2  5.0882e-01  6.3693e-01  3  8.9473e-01  9.1570e-01   2/2    1.8931e+01  2.8159e-18   2/3   -1.3151e+01  4.4291e-12   3/2   -1.3152e+01 -4.4292e-12   3/3    7.4035e+00  3.2391e-17
 1.5000e+00  3.6000e+00  2.0000e-01  2.0000e+00  2.0000e-01   2  5.0939e-01  6.3735e-01  3  8.9506e-01  9.1591e-01   2/2    1.9730e+01  1.9734e-16   2/3   -1.3924e+01 -7.9839e-13   3/2   -1.3924e+01  7.9892e-13   3/3    8.2729e+00 -1.1538e-15
 1.5000e+00  3.6000e+00  2.1000e-01  2.0000e+00  2.0000e-01   2  5.0987e-01  6.3770e-01  3  8.9535e-01  9.1609e-01   2/2    2.0410e+01  4.7717e-16   2/3   -1.4603e+01 -5.2168e-10   3/2   -1.4603e+01  5.2170e-10   3/3    9.1081e+00 -3.2228e-14
 1.5000e+00  3.6000e+00  2.2000e-01  2.0000e+00  2.0000e-01   2  5.1027e-01  6.3797e-01  3  8.9562e-01  9.1626e-01   2/2    2.0928e+01  5.7639e-16   2/3   -1.5145e+01  5.2603e-10   3/2   -1.5144e+01 -5.2601e-10   3/3    9.8720e+00 -2.7879e-15
 1.5000e+00  3.6000e+00  2.3000e-01  2.0000e+00  2.0000e-01   2  5.1058e-01  6.3818e-01  3  8.9587e-01  9.1640e-01   2/2    2.1237e+01  4.1550e-15   2/3   -1.5504e+01  1.1076e-09   3/2   -1.5504e+01 -1.1075e-09   3/3    1.0525e+01 -1.7551e-15
 1.5000e+00  3.6000e+00  2.4000e-01  2.0000e+00  2.0000e-01   2  5.1080e-01  6.3831e-01  3  8.9608e-01  9.1652e-01   2/2    2.1295e+01  2.3335e-14   2/3   -1.5636e+01  2.2653e-09   3/2   -1.5635e+01 -2.2652e-09   3/3    1.1024e+01  6.3016e-15
 1.5000e+00  3.6000e+00  2.5000e-01  2.0000e+00  2.0000e-01   2  5.1093e-01  6.3836e-01  3  8.9627e-01  9.1662e-01   2/2    2.1066e+01  7.3968e-16   2/3   -1.5500e+01  4.4549e-09   3/2   -1.5500e+01 -4.4549e-09   3/3    1.1330e+01  1.7817e-14
 1.5000e+00  3.6000e+00  2.6000e-01  2.0000e+00  2.0000e-01   2  5.1096e-01  6.3834e-01  3  8.9642e-01  9.1670e-01   2/2    2.0549e+01  7.2471e-14   2/3   -1.5072e+01  8.5667e-09   3/2   -1.5071e+01 -8.5664e-09   3/3    1.1408e+01  5.3451e-15
 1.5000e+00  3.6000e+00  2.7000e-01  2.0000e+00  2.0000e-01   2  5.1091e-01  6.3825e-01  3  8.9655e-01  9.1676e-01   2/2    1.9737e+01  2.6035e-13   2/3   -1.4337e+01  2.2223e-08   3/2   -1.4337e+01 -2.2223e-08   3/3    1.1235e+01  2.4811e-14
 1.5000e+00  3.6000e+00  2.8000e-01  2.0000e+00  2.0000e-01   2  5.1076e-01  6.3808e-01  3  8.9665e-01  9.1680e-01   2/2    1.8667e+01  3.5632e-13   2/3   -1.3304e+01  2.8938e-08   3/2   -1.3303e+01 -2.8937e-08   3/3    1.0804e+01  3.5470e-14
 1.5000e+00  3.6000e+00  2.9000e-01  2.0000e+00  2.0000e-01   2  5.1052e-01  6.3784e-01  3  8.9672e-01  9.1681e-01   2/2    1.7389e+01  1.0884e-12   2/3   -1.2002e+01  4.2504e-08   3/2   -1.2001e+01 -4.2503e-08   3/3    1.0128e+01  8.0286e-14
 1.5000e+00  3.6000e+00  3.0000e-01  2.0000e+00  2.0000e-01   2  5.1019e-01  6.3752e-01  3  8.9677e-01  9.1681e-01   2/2    1.5975e+01  5.4344e-13   2/3   -1.0487e+01  1.1716e-07   3/2   -1.0486e+01 -1.1715e-07   3/3    9.2451e+00 -1.4643e-13
 1.5000e+00  3.6000e+00  3.1000e-01  2.0000e+00  2.0000e-01   2  5.0976e-01  6.3713e-01  3  8.9678e-01  9.1678e-01   2/2    1.4514e+01  1.1746e-12   2/3   -8.8256e+00  9.6376e-08   3/2   -8.8259e+00 -9.6382e-08   3/3    8.2074e+00  2.1264e-12
