Circular: qc = 1.5, qa = 3.6, mu = 2.0, epsa = 0.2, bw = 1.2
 1.5000e+00  3.6000e+00  1.0000e-03  2.0000e+00  2.0000e-01  7.9367e-01  1.1931e-01  6.7437e-01  3.4291e+00  1.4086e-01  9.0059e-01  2.2824e-02  1.2489e-01  9.9956e-01
 1.5000e+00  3.6000e+00  5.0000e-03  2.0000e+00  2.0000e-01  7.9298e-01  1.1714e-01  6.7584e-01  1.7639e+00  7.4819e-01  9.5713e-01 -2.0182e-02  6.2437e-01  1.0004e+00
 1.5000e+00  3.6000e+00  1.0000e-02  2.0000e+00  2.0000e-01  7.9182e-01  1.1409e-01  6.7773e-01  1.0180e+00  1.5300e+00  9.7916e-01 -6.7696e-02  1.2483e+00  1.0012e+00
 1.5000e+00  3.6000e+00  2.0000e-02  2.0000e+00  2.0000e-01  7.8846e-01  1.0679e-01  6.8167e-01  4.6423e-01  3.0983e+00  9.9249e-01 -1.4939e-01  2.4935e+00  1.0023e+00
 1.5000e+00  3.6000e+00  3.0000e-02  2.0000e+00  2.0000e-01  7.8360e-01  9.7709e-02  6.8589e-01  2.3464e-01  4.6622e+00  9.9677e-01 -2.1998e-01  3.7342e+00  1.0031e+00
 1.5000e+00  3.6000e+00  4.0000e-02  2.0000e+00  2.0000e-01  7.7710e-01  8.6624e-02  6.9047e-01  1.0556e-01  6.2211e+00  9.9872e-01 -2.8311e-01  4.9696e+00  1.0038e+00
 1.5000e+00  3.6000e+00  5.0000e-02  2.0000e+00  2.0000e-01  7.6879e-01  7.3258e-02  6.9553e-01  2.0432e-02  7.7751e+00  9.9978e-01 -3.4028e-01  6.1994e+00  1.0043e+00
 1.5000e+00  3.6000e+00  6.0000e-02  2.0000e+00  2.0000e-01  7.5852e-01  5.7300e-02  7.0122e-01 -4.1529e-02  9.3247e+00  1.0004e+00 -3.9198e-01  7.4233e+00  1.0047e+00
 1.5000e+00  3.6000e+00  7.0000e-02  2.0000e+00  2.0000e-01  7.4610e-01  3.8393e-02  7.0770e-01 -8.9586e-02  1.0870e+01  1.0009e+00 -4.3811e-01  8.6412e+00  1.0050e+00
 1.5000e+00  3.6000e+00  8.0000e-02  2.0000e+00  2.0000e-01  7.3135e-01  1.6124e-02  7.1522e-01 -1.2860e-01  1.2411e+01  1.0011e+00 -4.7814e-01  9.8530e+00  1.0052e+00
 1.5000e+00  3.6000e+00  9.0000e-02  2.0000e+00  2.0000e-01  7.1407e-01 -9.9805e-03  7.2405e-01 -1.6127e-01  1.3947e+01  1.0013e+00 -5.1130e-01  1.1059e+01  1.0054e+00
 1.5000e+00  3.6000e+00  1.0000e-01  2.0000e+00  2.0000e-01  6.9408e-01 -4.0465e-02  7.3455e-01 -1.8921e-01  1.5480e+01  1.0015e+00 -5.3643e-01  1.2258e+01  1.0055e+00
 1.5000e+00  3.6000e+00  1.1000e-01  2.0000e+00  2.0000e-01  6.7117e-01 -7.5955e-02  7.4713e-01 -2.1335e-01  1.7010e+01  1.0016e+00 -5.5209e-01  1.3452e+01  1.0054e+00
 1.5000e+00  3.6000e+00  1.2000e-01  2.0000e+00  2.0000e-01  6.4515e-01 -1.1717e-01  7.6232e-01 -2.3425e-01  1.8536e+01  1.0016e+00 -5.5618e-01  1.4639e+01  1.0053e+00
 1.5000e+00  3.6000e+00  1.3000e-01  2.0000e+00  2.0000e-01  6.1581e-01 -1.6492e-01  7.8073e-01 -2.5218e-01  2.0059e+01  1.0017e+00 -5.4620e-01  1.5819e+01  1.0051e+00
 1.5000e+00  3.6000e+00  1.4000e-01  2.0000e+00  2.0000e-01  5.8300e-01 -2.2012e-01  8.0312e-01 -2.6714e-01  2.1579e+01  1.0017e+00 -5.1849e-01  1.6993e+01  1.0047e+00
 1.5000e+00  3.6000e+00  1.5000e-01  2.0000e+00  2.0000e-01  5.4658e-01 -2.8376e-01  8.3034e-01 -2.7901e-01  2.3096e+01  1.0017e+00 -4.6811e-01  1.8159e+01  1.0041e+00
 1.5000e+00  3.6000e+00  1.6000e-01  2.0000e+00  2.0000e-01  5.0644e-01 -3.5690e-01  8.6334e-01 -2.8732e-01  2.4612e+01  1.0017e+00 -3.8809e-01  1.9317e+01  1.0033e+00
 1.5000e+00  3.6000e+00  1.7000e-01  2.0000e+00  2.0000e-01  4.6258e-01 -4.4061e-01  9.0319e-01 -2.9170e-01  2.6126e+01  1.0016e+00 -2.6810e-01  2.0464e+01  1.0023e+00
 1.5000e+00  3.6000e+00  1.8000e-01  2.0000e+00  2.0000e-01  4.1511e-01 -5.3581e-01  9.5093e-01 -2.9000e-01  2.7638e+01  1.0016e+00 -9.2531e-02  2.1598e+01  1.0008e+00
 1.5000e+00  3.6000e+00  1.9000e-01  2.0000e+00  2.0000e-01  3.6425e-01 -6.4343e-01  1.0077e+00 -2.8118e-01  2.9148e+01  1.0015e+00  1.6393e-01  2.2714e+01  9.9872e-01
 1.5000e+00  3.6000e+00  2.0000e-01  2.0000e+00  2.0000e-01  3.1044e-01 -7.6377e-01  1.0742e+00 -2.6143e-01  3.0657e+01  1.0013e+00  5.3989e-01  2.3804e+01  9.9582e-01
 1.5000e+00  3.6000e+00  2.1000e-01  2.0000e+00  2.0000e-01  2.5433e-01 -8.9670e-01  1.1510e+00 -2.2438e-01  3.2164e+01  1.0011e+00  1.1086e+00  2.4849e+01  9.9142e-01
 1.5000e+00  3.6000e+00  2.2000e-01  2.0000e+00  2.0000e-01  1.9682e-01 -1.0413e+00  1.2381e+00 -1.5648e-01  3.3666e+01  1.0008e+00  2.0150e+00  2.5808e+01  9.8414e-01
 1.5000e+00  3.6000e+00  2.3000e-01  2.0000e+00  2.0000e-01  1.3907e-01 -1.1956e+00  1.3347e+00 -2.4326e-02  3.5157e+01  1.0001e+00  3.5909e+00  2.6572e+01  9.7033e-01
 1.5000e+00  3.6000e+00  2.3500e-01  2.0000e+00  2.0000e-01  1.1052e-01 -1.2756e+00  1.3861e+00  9.3763e-02  3.5888e+01  9.9941e-01  4.8703e+00  2.6786e+01  9.5785e-01
 1.5000e+00  3.6000e+00  2.4000e-01  2.0000e+00  2.0000e-01  8.2448e-02 -1.3568e+00  1.4392e+00  2.8980e-01  3.6588e+01  9.9785e-01  6.7749e+00  2.6744e+01  9.3690e-01
 1.5000e+00  3.6000e+00  2.4250e-01  2.0000e+00  2.0000e-01  6.8648e-02 -1.3977e+00  1.4663e+00  4.4289e-01  3.6907e+01  9.9626e-01  8.1049e+00  2.6543e+01  9.2046e-01
 1.5000e+00  3.6000e+00  2.4500e-01  2.0000e+00  2.0000e-01  5.5039e-02 -1.4387e+00  1.4937e+00  6.6105e-01  3.7172e+01  9.9326e-01  9.8225e+00  2.6124e+01  8.9692e-01
 1.5000e+00  3.6000e+00  2.4750e-01  2.0000e+00  2.0000e-01  4.1648e-02 -1.4797e+00  1.5213e+00  9.7414e-01  3.7303e+01  9.8677e-01  1.2091e+01  2.5348e+01  8.6167e-01
 1.5000e+00  3.6000e+00  2.5000e-01  2.0000e+00  2.0000e-01  2.8500e-02 -1.5207e+00  1.5492e+00  1.3437e+00  3.7090e+01  9.7140e-01  1.5163e+01  2.3951e+01  8.0623e-01
 1.5000e+00  3.6000e+00  2.5100e-01  2.0000e+00  2.0000e-01  2.3315e-02 -1.5370e+00  1.5603e+00  1.4332e+00  3.6835e+01  9.6088e-01  1.6697e+01  2.3122e+01  7.7528e-01
 1.5000e+00  3.6000e+00  2.5200e-01  2.0000e+00  2.0000e-01  1.8173e-02 -1.5534e+00  1.5715e+00  1.4086e+00  3.6467e+01  9.4754e-01  1.8453e+01  2.2076e+01  7.3733e-01
 1.5000e+00  3.6000e+00  2.5300e-01  2.0000e+00  2.0000e-01  1.3078e-02 -1.5697e+00  1.5827e+00  1.1880e+00  3.6015e+01  9.3211e-01  2.0467e+01  2.0760e+01  6.9068e-01
 1.5000e+00  3.6000e+00  2.5400e-01  2.0000e+00  2.0000e-01  8.0308e-03 -1.5859e+00  1.5940e+00  6.7384e-01  3.5561e+01  9.1676e-01  2.2789e+01  1.9110e+01  6.3335e-01
 1.5000e+00  3.6000e+00  2.5500e-01  2.0000e+00  2.0000e-01  3.0326e-03 -1.6022e+00  1.6052e+00 -2.1560e-01  3.5317e+01  9.0693e-01  2.5491e+01  1.7056e+01  5.6310e-01
