Circular: qc = 1.5, qa = 3.6, mu = 2.0, epsa = 0.2, bw = 1.2
 1.5000e+00  3.6000e+00  1.0000e-03  2.0000e+00  2.0000e-01   2  4.8918e-01  6.2123e-01  3  8.8518e-01  9.0904e-01   2/2    8.5397e+00  2.7591e-22   2/3   -1.6278e+00  1.2516e-14   3/2   -1.6278e+00 -1.2516e-14   3/3    7.5349e-02 -3.4993e-20
 1.5000e+00  3.6000e+00  5.0000e-03  2.0000e+00  2.0000e-01   2  4.8954e-01  6.2153e-01  3  8.8538e-01  9.0919e-01   2/2    8.5671e+00 -4.1775e-22   2/3   -1.7854e+00  9.2281e-15   3/2   -1.7854e+00 -9.2281e-15   3/3    1.1487e-01 -5.8923e-20
 1.5000e+00  3.6000e+00  1.0000e-02  2.0000e+00  2.0000e-01   2  4.9001e-01  6.2193e-01  3  8.8563e-01  9.0938e-01   2/2    8.6136e+00  1.9228e-22   2/3   -1.9858e+00  6.7221e-15   3/2   -1.9858e+00 -6.7221e-15   3/3    1.7724e-01 -6.5922e-20
 1.5000e+00  3.6000e+00  2.0000e-02  2.0000e+00  2.0000e-01   2  4.9101e-01  6.2277e-01  3  8.8615e-01  9.0976e-01   2/2    8.7484e+00  7.8823e-22   2/3   -2.4017e+00  4.7744e-16   3/2   -2.4017e+00 -4.7746e-16   3/3    3.4620e-01 -6.4258e-20
 1.5000e+00  3.6000e+00  3.0000e-02  2.0000e+00  2.0000e-01   2  4.9209e-01  6.2366e-01  3  8.8670e-01  9.1016e-01   2/2    8.9412e+00  2.7161e-21   2/3   -2.8444e+00 -9.4787e-15   3/2   -2.8444e+00  9.4786e-15   3/3    5.7691e-01 -2.2111e-19
 1.5000e+00  3.6000e+00  4.0000e-02  2.0000e+00  2.0000e-01   2  4.9321e-01  6.2459e-01  3  8.8726e-01  9.1056e-01   2/2    9.1957e+00  4.3077e-21   2/3   -3.3221e+00 -2.0962e-14   3/2   -3.3221e+00  2.0962e-14   3/3    8.7425e-01 -1.9094e-19
 1.5000e+00  3.6000e+00  5.0000e-02  2.0000e+00  2.0000e-01   2  4.9439e-01  6.2555e-01  3  8.8783e-01  9.1097e-01   2/2    9.5172e+00  2.3956e-20   2/3   -3.8440e+00 -3.7629e-14   3/2   -3.8440e+00  3.7628e-14   3/3    1.2448e+00  3.3489e-21
 1.5000e+00  3.6000e+00  6.0000e-02  2.0000e+00  2.0000e-01   2  4.9559e-01  6.2653e-01  3  8.8841e-01  9.1138e-01   2/2    9.9121e+00  1.6661e-20   2/3   -4.4204e+00 -5.5622e-14   3/2   -4.4204e+00  5.5622e-14   3/3    1.6975e+00 -4.7308e-20
 1.5000e+00  3.6000e+00  7.0000e-02  2.0000e+00  2.0000e-01   2  4.9680e-01  6.2752e-01  3  8.8898e-01  9.1179e-01   2/2    1.0390e+01  3.1687e-20   2/3   -5.0636e+00 -7.7874e-14   3/2   -5.0636e+00  7.7874e-14   3/3    2.2440e+00 -2.4865e-19
 1.5000e+00  3.6000e+00  8.0000e-02  2.0000e+00  2.0000e-01   2  4.9802e-01  6.2850e-01  3  8.8955e-01  9.1219e-01   2/2    1.0961e+01  5.8256e-20   2/3   -5.7881e+00 -1.0124e-13   3/2   -5.7880e+00  1.0124e-13   3/3    2.8992e+00 -1.6134e-19
 1.5000e+00  3.6000e+00  9.0000e-02  2.0000e+00  2.0000e-01   2  4.9923e-01  6.2947e-01  3  8.9012e-01  9.1258e-01   2/2    1.1640e+01  1.2766e-19   2/3   -6.6116e+00 -1.4224e-13   3/2   -6.6115e+00  1.4224e-13   3/3    3.6828e+00 -2.5731e-19
 1.5000e+00  3.6000e+00  1.0000e-01  2.0000e+00  2.0000e-01   2  5.0042e-01  6.3041e-01  3  8.9067e-01  9.1297e-01   2/2    1.2443e+01  3.6858e-20   2/3   -7.5563e+00 -1.8818e-13   3/2   -7.5563e+00  1.8818e-13   3/3    4.6201e+00 -1.8841e-19
 1.5000e+00  3.6000e+00  1.1000e-01  2.0000e+00  2.0000e-01   2  5.0157e-01  6.3133e-01  3  8.9121e-01  9.1334e-01   2/2    1.3395e+01  2.1086e-19   2/3   -8.6506e+00 -2.3954e-13   3/2   -8.6505e+00  2.3953e-13   3/3    5.7443e+00 -4.5169e-19
 1.5000e+00  3.6000e+00  1.2000e-01  2.0000e+00  2.0000e-01   2  5.0269e-01  6.3222e-01  3  8.9173e-01  9.1370e-01   2/2    1.4524e+01  7.0871e-20   2/3   -9.9305e+00 -2.9958e-13   3/2   -9.9306e+00  2.9958e-13   3/3    7.0997e+00  2.0774e-20
 1.5000e+00  3.6000e+00  1.3000e-01  2.0000e+00  2.0000e-01   2  5.0376e-01  6.3305e-01  3  8.9223e-01  9.1404e-01   2/2    1.5869e+01  5.2131e-19   2/3   -1.1445e+01 -3.7765e-13   3/2   -1.1445e+01  3.7765e-13   3/3    8.7455e+00  1.8578e-19
 1.5000e+00  3.6000e+00  1.4000e-01  2.0000e+00  2.0000e-01   2  5.0478e-01  6.3385e-01  3  8.9270e-01  9.1436e-01   2/2    1.7480e+01  6.2146e-19   2/3   -1.3258e+01 -5.3302e-13   3/2   -1.3258e+01  5.3301e-13   3/3    1.0763e+01 -1.4793e-18
 1.5000e+00  3.6000e+00  1.5000e-01  2.0000e+00  2.0000e-01   2  5.0573e-01  6.3458e-01  3  8.9316e-01  9.1467e-01   2/2    1.9428e+01  9.7374e-19   2/3   -1.5460e+01 -1.4932e-12   3/2   -1.5460e+01  1.4932e-12   3/3    1.3266e+01  1.4528e-18
 1.5000e+00  3.6000e+00  1.6000e-01  2.0000e+00  2.0000e-01   2  5.0662e-01  6.3527e-01  3  8.9359e-01  9.1496e-01   2/2    2.1812e+01  4.7343e-18   2/3   -1.8179e+01 -3.7465e-12   3/2   -1.8179e+01  3.7465e-12   3/3    1.6417e+01  2.6759e-17
 1.5000e+00  3.6000e+00  1.7000e-01  2.0000e+00  2.0000e-01   2  5.0743e-01  6.3588e-01  3  8.9400e-01  9.1522e-01   2/2    2.4779e+01  6.7949e-18   2/3   -2.1604e+01 -2.0170e-11   3/2   -2.1604e+01  2.0170e-11   3/3    2.0460e+01  1.0772e-16
 1.5000e+00  3.6000e+00  1.8000e-01  2.0000e+00  2.0000e-01   2  5.0816e-01  6.3644e-01  3  8.9438e-01  9.1547e-01   2/2    2.8545e+01 -1.9940e-16   2/3   -2.6020e+01  2.5610e-10   3/2   -2.6020e+01 -2.5609e-10   3/3    2.5767e+01  6.3329e-17
 1.5000e+00  3.6000e+00  1.9000e-01  2.0000e+00  2.0000e-01   2  5.0882e-01  6.3693e-01  3  8.9473e-01  9.1570e-01   2/2    3.3466e+01 -2.3435e-16   2/3   -3.1896e+01  1.2892e-10   3/2   -3.1896e+01 -1.2892e-10   3/3    3.2951e+01 -4.5115e-16
 1.5000e+00  3.6000e+00  2.0000e-01  2.0000e+00  2.0000e-01   2  5.0939e-01  6.3735e-01  3  8.9506e-01  9.1591e-01   2/2    4.0151e+01  6.7751e-16   2/3   -4.0032e+01  1.4383e-10   3/2   -4.0031e+01 -1.4382e-10   3/3    4.3062e+01 -2.7710e-15
 1.5000e+00  3.6000e+00  2.1000e-01  2.0000e+00  2.0000e-01   2  5.0987e-01  6.3770e-01  3  8.9535e-01  9.1609e-01   2/2    4.9724e+01  1.0615e-15   2/3   -5.1931e+01  6.0383e-10   3/2   -5.1930e+01 -6.0381e-10   3/3    5.8093e+01 -1.7125e-14
 1.5000e+00  3.6000e+00  2.2000e-01  2.0000e+00  2.0000e-01   2  5.1027e-01  6.3797e-01  3  8.9562e-01  9.1626e-01   2/2    6.4595e+01  4.1924e-16   2/3   -7.0794e+01  3.8587e-11   3/2   -7.0792e+01 -3.8586e-11   3/3    8.2291e+01 -8.4854e-16
 1.5000e+00  3.6000e+00  2.3000e-01  2.0000e+00  2.0000e-01   2  5.1058e-01  6.3818e-01  3  8.9587e-01  9.1640e-01   2/2    9.0901e+01 -1.1360e-15   2/3   -1.0481e+02 -1.9846e-10   3/2   -1.0481e+02  1.9846e-10   3/3    1.2656e+02 -7.8365e-16
 1.5000e+00  3.6000e+00  2.3500e-01  2.0000e+00  2.0000e-01   2  5.1070e-01  6.3825e-01  3  8.9598e-01  9.1646e-01   2/2    1.1353e+02 -1.8373e-15   2/3   -1.3441e+02 -2.8465e-10   3/2   -1.3441e+02  2.8464e-10   3/3    1.6544e+02 -1.5029e-15
 1.5000e+00  3.6000e+00  2.4000e-01  2.0000e+00  2.0000e-01   2  5.1080e-01  6.3831e-01  3  8.9608e-01  9.1652e-01   2/2    1.5053e+02 -2.3929e-14   2/3   -1.8319e+02 -1.4019e-09   3/2   -1.8318e+02  1.4018e-09   3/3    2.2986e+02 -2.0107e-15
 1.5000e+00  3.6000e+00  2.4250e-01  2.0000e+00  2.0000e-01   2  5.1084e-01  6.3833e-01  3  8.9613e-01  9.1655e-01   2/2    1.7956e+02 -2.9043e-15   2/3   -2.2162e+02 -9.6041e-10   3/2   -2.2161e+02  9.6041e-10   3/3    2.8080e+02 -6.4973e-15
 1.5000e+00  3.6000e+00  2.4500e-01  2.0000e+00  2.0000e-01   2  5.1087e-01  6.3834e-01  3  8.9618e-01  9.1657e-01   2/2    2.2222e+02 -1.4448e-14   2/3   -2.7824e+02 -3.6856e-09   3/2   -2.7823e+02  3.6855e-09   3/3    3.5601e+02  4.0067e-14
 1.5000e+00  3.6000e+00  2.4750e-01  2.0000e+00  2.0000e-01   2  5.1090e-01  6.3835e-01  3  8.9622e-01  9.1660e-01   2/2    2.9110e+02  5.1311e-14   2/3   -3.6985e+02 -8.0281e-09   3/2   -3.6986e+02  8.0279e-09   3/3    4.7794e+02  2.3588e-13
 1.5000e+00  3.6000e+00  2.5000e-01  2.0000e+00  2.0000e-01   2  5.1093e-01  6.3836e-01  3  8.9627e-01  9.1662e-01   2/2    4.2127e+02  4.4871e-14   2/3   -5.4329e+02 -9.1489e-09   3/2   -5.4329e+02  9.1488e-09   3/3    7.0908e+02  1.4037e-13
 1.5000e+00  3.6000e+00  2.5100e-01  2.0000e+00  2.0000e-01   2  5.1093e-01  6.3836e-01  3  8.9628e-01  9.1663e-01   2/2    5.1283e+02 -6.5478e-14   2/3   -6.6539e+02 -9.7248e-09   3/2   -6.6537e+02  9.7244e-09   3/3    8.7189e+02  5.7838e-14
 1.5000e+00  3.6000e+00  2.5200e-01  2.0000e+00  2.0000e-01   2  5.1094e-01  6.3836e-01  3  8.9630e-01  9.1664e-01   2/2    6.5502e+02  1.7750e-14   2/3   -8.5509e+02 -3.0659e-09   3/2   -8.5509e+02  3.0658e-09   3/3    1.1250e+03  9.8285e-15
 1.5000e+00  3.6000e+00  2.5300e-01  2.0000e+00  2.0000e-01   2  5.1095e-01  6.3836e-01  3  8.9632e-01  9.1665e-01   2/2    9.0610e+02  4.8278e-14   2/3   -1.1902e+03 -1.9409e-08   3/2   -1.1901e+03  1.9409e-08   3/3    1.5722e+03  6.9728e-13
 1.5000e+00  3.6000e+00  2.5400e-01  2.0000e+00  2.0000e-01   2  5.1095e-01  6.3836e-01  3  8.9633e-01  9.1666e-01   2/2    1.4687e+03  2.9423e-13   2/3   -1.9411e+03 -2.5922e-08   3/2   -1.9411e+03  2.5921e-08   3/3    2.5746e+03  6.0052e-13
 1.5000e+00  3.6000e+00  2.5500e-01  2.0000e+00  2.0000e-01   2  5.1096e-01  6.3836e-01  3  8.9635e-01  9.1666e-01   2/2    3.8704e+03  5.4332e-13   2/3   -5.1477e+03 -5.1659e-08   3/2   -5.1474e+03  5.1654e-08   3/3    6.8553e+03  2.0347e-12
