Circular: qc = 0.8, qa = 2.8, mu = 2.0, epsa = 0.2, bw = 1.05
 8.0000e-01  2.8000e+00  1.0000e-03  2.0000e+00  2.0000e-01   1  2.9086e-01  4.2789e-01  2  8.3189e-01  8.4620e-01   1/1    4.9912e+02 -2.0731e-21   1/2   -2.2185e+01 -1.1313e-13   2/1   -2.2185e+01  1.1313e-13   2/2    1.6232e+00  2.1491e-21
 8.0000e-01  2.8000e+00  5.0000e-03  2.0000e+00  2.0000e-01   1  2.9106e-01  4.2810e-01  2  8.3211e-01  8.4638e-01   1/1    5.1054e+02 -1.6538e-21   1/2   -2.4239e+01 -1.2540e-13   2/1   -2.4239e+01  1.2540e-13   2/2    1.7820e+00  2.3966e-21
 8.0000e-01  2.8000e+00  1.0000e-02  2.0000e+00  2.0000e-01   1  2.9131e-01  4.2838e-01  2  8.3239e-01  8.4661e-01   1/1    5.2681e+02 -2.1184e-21   1/2   -2.7010e+01 -1.5234e-13   2/1   -2.7010e+01  1.5234e-13   2/2    2.0091e+00  1.1246e-20
 8.0000e-01  2.8000e+00  2.0000e-02  2.0000e+00  2.0000e-01   1  2.9183e-01  4.2895e-01  2  8.3297e-01  8.4709e-01   1/1    5.6742e+02 -4.5664e-21   1/2   -3.3417e+01 -1.9422e-13   2/1   -3.3416e+01  1.9422e-13   2/2    2.5795e+00  5.2241e-21
 8.0000e-01  2.8000e+00  3.0000e-02  2.0000e+00  2.0000e-01   1  2.9239e-01  4.2956e-01  2  8.3358e-01  8.4759e-01   1/1    6.2245e+02 -4.0978e-21   1/2   -4.1429e+01 -2.7186e-13   2/1   -4.1429e+01  2.7186e-13   2/2    3.3577e+00  2.2733e-20
 8.0000e-01  2.8000e+00  4.0000e-02  2.0000e+00  2.0000e-01   1  2.9298e-01  4.3019e-01  2  8.3421e-01  8.4810e-01   1/1    6.9900e+02 -5.1239e-20   1/2   -5.1916e+01 -3.5584e-13   2/1   -5.1916e+01  3.5584e-13   2/2    4.4461e+00 -3.5233e-21
 8.0000e-01  2.8000e+00  5.0000e-02  2.0000e+00  2.0000e-01   1  2.9359e-01  4.3085e-01  2  8.3486e-01  8.4863e-01   1/1    8.1014e+02 -2.0991e-20   1/2   -6.6458e+01 -5.1943e-13   2/1   -6.6457e+01  5.1943e-13   2/2    6.0328e+00 -2.4687e-21
 8.0000e-01  2.8000e+00  6.0000e-02  2.0000e+00  2.0000e-01   1  2.9423e-01  4.3153e-01  2  8.3553e-01  8.4917e-01   1/1    9.8270e+02 -3.4255e-20   1/2   -8.8285e+01 -7.5577e-13   2/1   -8.8285e+01  7.5577e-13   2/2    8.5044e+00 -1.9294e-21
 8.0000e-01  2.8000e+00  7.0000e-02  2.0000e+00  2.0000e-01   1  2.9490e-01  4.3224e-01  2  8.3621e-01  8.4973e-01   1/1    1.2817e+03 -7.0534e-20   1/2   -1.2521e+02 -1.1445e-12   2/1   -1.2521e+02  1.1445e-12   2/2    1.2797e+01 -1.7829e-20
 8.0000e-01  2.8000e+00  7.5000e-02  2.0000e+00  2.0000e-01   1  2.9524e-01  4.3260e-01  2  8.3656e-01  8.5001e-01   1/1    1.5295e+03 -1.2088e-19   1/2   -1.5546e+02 -1.4312e-12   2/1   -1.5546e+02  1.4312e-12   2/2    1.6362e+01  8.1158e-21
 8.0000e-01  2.8000e+00  8.0000e-02  2.0000e+00  2.0000e-01   1  2.9559e-01  4.3296e-01  2  8.3691e-01  8.5029e-01   1/1    1.9152e+03 -2.6530e-19   1/2   -2.0223e+02 -1.9541e-12   2/1   -2.0223e+02  1.9541e-12   2/2    2.1911e+01  5.2678e-20
 8.0000e-01  2.8000e+00  8.5000e-02  2.0000e+00  2.0000e-01   1  2.9594e-01  4.3333e-01  2  8.3727e-01  8.5057e-01   1/1    2.5955e+03 -5.3626e-19   1/2   -2.8435e+02 -2.7829e-12   2/1   -2.8434e+02  2.7829e-12   2/2    3.1706e+01 -6.4039e-20
 8.0000e-01  2.8000e+00  9.0000e-02  2.0000e+00  2.0000e-01   1  2.9630e-01  4.3371e-01  2  8.3762e-01  8.5086e-01   1/1    4.1115e+03 -1.4568e-18   1/2   -4.6677e+02 -4.7438e-12   2/1   -4.6677e+02  4.7438e-12   2/2    5.3543e+01  5.1067e-20
 8.0000e-01  2.8000e+00  9.1000e-02  2.0000e+00  2.0000e-01   1  2.9637e-01  4.3378e-01  2  8.3770e-01  8.5092e-01   1/1    4.6689e+03 -2.0592e-18   1/2   -5.3377e+02 -5.7103e-12   2/1   -5.3377e+02  5.7103e-12   2/2    6.1573e+01 -6.1796e-20
 8.0000e-01  2.8000e+00  9.2000e-02  2.0000e+00  2.0000e-01   1  2.9644e-01  4.3386e-01  2  8.3777e-01  8.5097e-01   1/1    5.4073e+03 -2.7232e-18   1/2   -6.2249e+02 -6.6746e-12   2/1   -6.2249e+02  6.6746e-12   2/2    7.2212e+01 -7.8211e-20
 8.0000e-01  2.8000e+00  9.3000e-02  2.0000e+00  2.0000e-01   1  2.9651e-01  4.3394e-01  2  8.3784e-01  8.5103e-01   1/1    6.4318e+03 -3.7836e-18   1/2   -7.4556e+02 -7.7497e-12   2/1   -7.4556e+02  7.7497e-12   2/2    8.6972e+01 -2.0863e-19
 8.0000e-01  2.8000e+00  9.4000e-02  2.0000e+00  2.0000e-01   1  2.9659e-01  4.3401e-01  2  8.3791e-01  8.5109e-01   1/1    7.9483e+03 -5.6587e-18   1/2   -9.2769e+02 -9.8000e-12   2/1   -9.2769e+02  9.8000e-12   2/2    1.0882e+02  1.7068e-20
 8.0000e-01  2.8000e+00  9.5000e-02  2.0000e+00  2.0000e-01   1  2.9666e-01  4.3409e-01  2  8.3798e-01  8.5115e-01   1/1    1.0423e+04 -1.0872e-17   1/2   -1.2249e+03 -1.3741e-11   2/1   -1.2249e+03  1.3740e-11   2/2    1.4448e+02 -6.2694e-20
 8.0000e-01  2.8000e+00  9.6000e-02  2.0000e+00  2.0000e-01   1  2.9673e-01  4.3416e-01  2  8.3806e-01  8.5120e-01   1/1    1.5185e+04 -2.4117e-17   1/2   -1.7965e+03 -2.0312e-11   2/1   -1.7965e+03  2.0312e-11   2/2    2.1309e+02 -8.1725e-19
 8.0000e-01  2.8000e+00  9.7000e-02  2.0000e+00  2.0000e-01   1  2.9681e-01  4.3424e-01  2  8.3813e-01  8.5126e-01   1/1    2.8119e+04 -7.6887e-17   1/2   -3.3492e+03 -3.5377e-11   2/1   -3.3492e+03  3.5377e-11   2/2    3.9946e+02 -1.0681e-18
 8.0000e-01  2.8000e+00  9.7500e-02  2.0000e+00  2.0000e-01   1  2.9684e-01  4.3428e-01  2  8.3816e-01  8.5129e-01   1/1    4.9168e+04 -2.5319e-16   1/2   -5.8759e+03 -6.5264e-11   2/1   -5.8759e+03  6.5263e-11   2/2    7.0275e+02 -3.8837e-18
 8.0000e-01  2.8000e+00  9.8000e-02  2.0000e+00  2.0000e-01   1  2.9688e-01  4.3432e-01  2  8.3820e-01  8.5132e-01   1/1    1.9755e+05 -4.2051e-15   1/2   -2.3687e+04 -2.6697e-10   2/1   -2.3687e+04  2.6697e-10   2/2    2.8408e+03 -6.6107e-17
 8.0000e-01  2.8000e+00  9.8100e-02  2.0000e+00  2.0000e-01   1  2.9689e-01  4.3433e-01  2  8.3821e-01  8.5133e-01   1/1    4.9989e+05 -2.5498e-14   1/2   -5.9980e+04 -6.4995e-10   2/1   -5.9980e+04  6.4996e-10   2/2    7.1973e+03 -3.5737e-16
