Circular: qc = 1.5, qa = 3.6, mu = 2.0, epsa = 0.2
 1.5000e+00  3.6000e+00  1.0000e-03  2.0000e+00  2.0000e-01   2  4.8918e-01  6.2123e-01  3  8.8518e-01  9.0904e-01   2/2    8.5880e+00  3.7275e-23   2/3   -1.6946e+00 -4.7925e-15   3/2   -1.6946e+00  4.7925e-15   3/3    1.3537e+00  1.3006e-20
 1.5000e+00  3.6000e+00  5.0000e-03  2.0000e+00  2.0000e-01   2  4.8954e-01  6.2153e-01  3  8.8538e-01  9.0919e-01   2/2    8.6192e+00 -2.6479e-21   2/3   -1.8670e+00 -3.8750e-15   3/2   -1.8670e+00  3.8750e-15   3/3    1.4443e+00  2.5041e-20
 1.5000e+00  3.6000e+00  1.0000e-02  2.0000e+00  2.0000e-01   2  4.9001e-01  6.2193e-01  3  8.8563e-01  9.0938e-01   2/2    8.6718e+00 -3.1867e-21   2/3   -2.0896e+00 -2.5134e-15   3/2   -2.0896e+00  2.5134e-15   3/3    1.5774e+00  2.5826e-20
 1.5000e+00  3.6000e+00  2.0000e-02  2.0000e+00  2.0000e-01   2  4.9101e-01  6.2277e-01  3  8.8615e-01  9.0976e-01   2/2    8.8252e+00 -1.4824e-21   2/3   -2.5645e+00  1.4804e-15   3/2   -2.5645e+00 -1.4804e-15   3/3    1.9144e+00  2.3693e-20
 1.5000e+00  3.6000e+00  3.0000e-02  2.0000e+00  2.0000e-01   2  4.9209e-01  6.2366e-01  3  8.8670e-01  9.1016e-01   2/2    9.0488e+00 -5.8376e-21   2/3   -3.0914e+00  5.9631e-15   3/2   -3.0914e+00 -5.9630e-15   3/3    2.3568e+00  8.5590e-20
 1.5000e+00  3.6000e+00  4.0000e-02  2.0000e+00  2.0000e-01   2  4.9321e-01  6.2459e-01  3  8.8726e-01  9.1056e-01   2/2    9.3520e+00 -8.6367e-21   2/3   -3.6879e+00  1.2111e-14   3/2   -3.6879e+00 -1.2111e-14   3/3    2.9229e+00  7.4954e-20
 1.5000e+00  3.6000e+00  5.0000e-02  2.0000e+00  2.0000e-01   2  4.9439e-01  6.2555e-01  3  8.8783e-01  9.1097e-01   2/2    9.7490e+00 -4.2529e-20   2/3   -4.3763e+00  2.0637e-14   3/2   -4.3763e+00 -2.0637e-14   3/3    3.6384e+00 -1.7183e-20
 1.5000e+00  3.6000e+00  6.0000e-02  2.0000e+00  2.0000e-01   2  4.9559e-01  6.2653e-01  3  8.8841e-01  9.1138e-01   2/2    1.0259e+01 -1.8887e-20   2/3   -5.1865e+00  2.9453e-14   3/2   -5.1865e+00 -2.9453e-14   3/3    4.5398e+00 -3.1239e-21
 1.5000e+00  3.6000e+00  7.0000e-02  2.0000e+00  2.0000e-01   2  4.9680e-01  6.2752e-01  3  8.8898e-01  9.1179e-01   2/2    1.0913e+01 -3.7289e-20   2/3   -6.1597e+00  4.2044e-14   3/2   -6.1597e+00 -4.2044e-14   3/3    5.6797e+00  7.6728e-20
 1.5000e+00  3.6000e+00  8.0000e-02  2.0000e+00  2.0000e-01   2  4.9802e-01  6.2850e-01  3  8.8955e-01  9.1219e-01   2/2    1.1751e+01 -7.3527e-20   2/3   -7.3552e+00  5.7524e-14   3/2   -7.3551e+00 -5.7524e-14   3/3    7.1363e+00  2.4124e-20
 1.5000e+00  3.6000e+00  9.0000e-02  2.0000e+00  2.0000e-01   2  4.9923e-01  6.2947e-01  3  8.9012e-01  9.1258e-01   2/2    1.2839e+01 -1.5894e-19   2/3   -8.8623e+00  8.1487e-14   3/2   -8.8621e+00 -8.1485e-14   3/3    9.0286e+00  4.0790e-20
 1.5000e+00  3.6000e+00  1.0000e-01  2.0000e+00  2.0000e-01   2  5.0042e-01  6.3041e-01  3  8.9067e-01  9.1297e-01   2/2    1.4281e+01 -4.8127e-20   2/3   -1.0822e+01  1.0818e-13   3/2   -1.0822e+01 -1.0818e-13   3/3    1.1548e+01 -3.0867e-20
 1.5000e+00  3.6000e+00  1.1000e-01  2.0000e+00  2.0000e-01   2  5.0157e-01  6.3133e-01  3  8.9121e-01  9.1334e-01   2/2    1.6252e+01 -2.4825e-19   2/3   -1.3476e+01  1.4166e-13   3/2   -1.3476e+01 -1.4165e-13   3/3    1.5020e+01 -1.9727e-22
 1.5000e+00  3.6000e+00  1.2000e-01  2.0000e+00  2.0000e-01   2  5.0269e-01  6.3222e-01  3  8.9173e-01  9.1370e-01   2/2    1.9075e+01 -1.6623e-19   2/3   -1.7263e+01  2.0517e-13   3/2   -1.7263e+01 -2.0517e-13   3/3    2.0045e+01 -2.9844e-19
 1.5000e+00  3.6000e+00  1.3000e-01  2.0000e+00  2.0000e-01   2  5.0376e-01  6.3305e-01  3  8.9223e-01  9.1404e-01   2/2    2.3421e+01 -7.6680e-19   2/3   -2.3099e+01  3.3556e-13   3/2   -2.3098e+01 -3.3556e-13   3/3    2.7868e+01 -5.0459e-20
 1.5000e+00  3.6000e+00  1.4000e-01  2.0000e+00  2.0000e-01   2  5.0478e-01  6.3385e-01  3  8.9270e-01  9.1436e-01   2/2    3.0931e+01 -1.3407e-18   2/3   -3.3224e+01  4.8160e-13   3/2   -3.3224e+01 -4.8159e-13   3/3    4.1552e+01 -3.0460e-18
 1.5000e+00  3.6000e+00  1.4500e-01  2.0000e+00  2.0000e-01   2  5.0526e-01  6.3422e-01  3  8.9294e-01  9.1452e-01   2/2    3.7186e+01 -1.6832e-18   2/3   -4.1690e+01  6.4653e-13   3/2   -4.1690e+01 -6.4652e-13   3/3    5.3040e+01 -2.9006e-18
 1.5000e+00  3.6000e+00  1.5000e-01  2.0000e+00  2.0000e-01   2  5.0573e-01  6.3458e-01  3  8.9316e-01  9.1467e-01   2/2    4.7017e+01 -3.6855e-18   2/3   -5.5029e+01  1.1245e-12   3/2   -5.5029e+01 -1.1245e-12   3/3    7.1183e+01 -4.9027e-18
 1.5000e+00  3.6000e+00  1.5250e-01  2.0000e+00  2.0000e-01   2  5.0596e-01  6.3476e-01  3  8.9327e-01  9.1474e-01   2/2    5.4393e+01 -4.9428e-18   2/3   -6.5056e+01  1.3137e-12   3/2   -6.5055e+01 -1.3137e-12   3/3    8.4839e+01 -8.2085e-18
 1.5000e+00  3.6000e+00  1.5500e-01  2.0000e+00  2.0000e-01   2  5.0618e-01  6.3493e-01  3  8.9338e-01  9.1481e-01   2/2    6.4727e+01 -8.6819e-18   2/3   -7.9121e+01  1.8925e-12   3/2   -7.9121e+01 -1.8925e-12   3/3    1.0401e+02 -1.5334e-17
 1.5000e+00  3.6000e+00  1.5750e-01  2.0000e+00  2.0000e-01   2  5.0640e-01  6.3510e-01  3  8.9349e-01  9.1489e-01   2/2    8.0254e+01 -1.4603e-17   2/3   -1.0027e+02  2.4917e-12   3/2   -1.0027e+02 -2.4916e-12   3/3    1.3286e+02 -3.0535e-17
 1.5000e+00  3.6000e+00  1.6000e-01  2.0000e+00  2.0000e-01   2  5.0662e-01  6.3527e-01  3  8.9359e-01  9.1496e-01   2/2    1.0621e+02 -2.7147e-17   2/3   -1.3567e+02  3.4258e-12   3/2   -1.3567e+02 -3.4257e-12   3/3    1.8115e+02 -5.0796e-17
 1.5000e+00  3.6000e+00  1.6250e-01  2.0000e+00  2.0000e-01   2  5.0683e-01  6.3543e-01  3  8.9370e-01  9.1503e-01   2/2    1.5846e+02 -6.6050e-17   2/3   -2.0696e+02  6.8222e-12   3/2   -2.0696e+02 -6.8219e-12   3/3    2.7846e+02 -1.5708e-16
 1.5000e+00  3.6000e+00  1.6500e-01  2.0000e+00  2.0000e-01   2  5.0703e-01  6.3558e-01  3  8.9380e-01  9.1509e-01   2/2    3.1805e+02 -2.8929e-16   2/3   -4.2483e+02  1.1914e-11   3/2   -4.2483e+02 -1.1914e-11   3/3    5.7594e+02 -5.5287e-16
 1.5000e+00  3.6000e+00  1.6625e-01  2.0000e+00  2.0000e-01   2  5.0713e-01  6.3566e-01  3  8.9385e-01  9.1513e-01   2/2    6.5092e+02 -1.3188e-15   2/3   -8.7934e+02  2.8570e-11   3/2   -8.7933e+02 -2.8565e-11   3/3    1.1965e+03 -2.5139e-15
 1.5000e+00  3.6000e+00  1.6740e-01  2.0000e+00  2.0000e-01   2  5.0722e-01  6.3573e-01  3  8.9389e-01  9.1516e-01   2/2    2.3729e+04 -4.4116e-12   2/3   -3.2393e+04  2.6222e-09   3/2   -3.2393e+04 -2.6102e-09   3/3    4.4230e+04 -8.2224e-12
