\BOOKMARK [1][-]{section.1}{\376\377\000I\000n\000t\000r\000o\000d\000u\000c\000t\000i\000o\000n}{}% 1
\BOOKMARK [1][-]{section.2}{\376\377\000M\000o\000d\000e\000l\000\040\000P\000l\000a\000s\000m\000a\000\040\000E\000q\000u\000i\000l\000i\000b\000r\000i\000u\000m}{}% 2
\BOOKMARK [2][-]{subsection.2.1}{\376\377\000N\000o\000r\000m\000a\000l\000i\000z\000a\000t\000i\000o\000n}{section.2}% 3
\BOOKMARK [2][-]{subsection.2.2}{\376\377\000C\000o\000o\000r\000d\000i\000n\000a\000t\000e\000s}{section.2}% 4
\BOOKMARK [2][-]{subsection.2.3}{\376\377\000E\000q\000u\000i\000l\000i\000b\000r\000i\000u\000m\000\040\000M\000a\000g\000n\000e\000t\000i\000c\000\040\000F\000i\000e\000l\000d}{section.2}% 5
\BOOKMARK [2][-]{subsection.2.4}{\376\377\000E\000q\000u\000i\000l\000i\000b\000r\000i\000u\000m\000\040\000M\000a\000g\000n\000e\000t\000i\000c\000\040\000F\000l\000u\000x\000-\000S\000u\000r\000f\000a\000c\000e\000s}{section.2}% 6
\BOOKMARK [2][-]{subsection.2.5}{\376\377\000E\000x\000a\000m\000p\000l\000e\000\040\000P\000l\000a\000s\000m\000a\000\040\000E\000q\000u\000i\000l\000i\000b\000r\000i\000u\000m}{section.2}% 7
\BOOKMARK [1][-]{section.3}{\376\377\000P\000e\000r\000t\000u\000r\000b\000e\000d\000\040\000E\000l\000e\000c\000t\000r\000o\000n\000\040\000T\000e\000m\000p\000e\000r\000a\000t\000u\000r\000e\000\040\000i\000n\000\040\000O\000u\000t\000e\000r\000\040\000R\000e\000g\000i\000o\000n}{}% 8
\BOOKMARK [2][-]{subsection.3.1}{\376\377\000P\000e\000r\000t\000u\000r\000b\000a\000t\000i\000o\000n\000\040\000i\000n\000\040\000O\000u\000t\000e\000r\000\040\000R\000e\000g\000i\000o\000n}{section.3}% 9
\BOOKMARK [2][-]{subsection.3.2}{\376\377\000B\000e\000h\000a\000v\000i\000o\000r\000\040\000i\000n\000\040\000V\000i\000c\000i\000n\000i\000t\000y\000\040\000o\000f\000\040\000R\000a\000t\000i\000o\000n\000a\000l\000\040\000S\000u\000r\000f\000a\000c\000e}{section.3}% 10
\BOOKMARK [2][-]{subsection.3.3}{\376\377\000E\000l\000e\000c\000t\000r\000o\000n\000\040\000T\000e\000m\000p\000e\000r\000a\000t\000u\000r\000e\000\040\000i\000n\000\040\000O\000u\000t\000e\000r\000\040\000R\000e\000g\000i\000o\000n}{section.3}% 11
\BOOKMARK [1][-]{section.4}{\376\377\000P\000e\000r\000t\000u\000r\000b\000e\000d\000\040\000E\000l\000e\000c\000t\000r\000o\000n\000\040\000T\000e\000m\000p\000e\000r\000a\000t\000u\000r\000e\000\040\000i\000n\000\040\000I\000n\000n\000e\000r\000\040\000R\000e\000g\000i\000o\000n}{}% 12
\BOOKMARK [2][-]{subsection.4.1}{\376\377\000I\000n\000t\000r\000o\000d\000u\000c\000t\000i\000o\000n}{section.4}% 13
\BOOKMARK [2][-]{subsection.4.2}{\376\377\000I\000s\000l\000a\000n\000d\000\040\000M\000a\000g\000n\000e\000t\000i\000c\000\040\000F\000l\000u\000x\000-\000S\000u\000r\000f\000a\000c\000e\000s}{section.4}% 14
\BOOKMARK [2][-]{subsection.4.3}{\376\377\000C\000o\000o\000r\000d\000i\000n\000a\000t\000e\000\040\000T\000r\000a\000n\000s\000f\000o\000r\000m\000a\000t\000i\000o\000n}{section.4}% 15
\BOOKMARK [2][-]{subsection.4.4}{\376\377\000P\000l\000a\000s\000m\000a\000\040\000D\000i\000s\000p\000l\000a\000c\000e\000m\000e\000n\000t}{section.4}% 16
\BOOKMARK [2][-]{subsection.4.5}{\376\377\000F\000l\000u\000x\000-\000S\000u\000r\000f\000a\000c\000e\000\040\000A\000v\000e\000r\000a\000g\000e\000\040\000O\000p\000e\000r\000a\000t\000o\000r}{section.4}% 17
\BOOKMARK [2][-]{subsection.4.6}{\376\377\000W\000i\000d\000e\000\040\000I\000s\000l\000a\000n\000d\000\040\000L\000i\000m\000i\000t}{section.4}% 18
\BOOKMARK [2][-]{subsection.4.7}{\376\377\000H\000e\000l\000i\000c\000a\000l\000\040\000H\000a\000r\000m\000o\000n\000i\000c\000s\000\040\000o\000f\000\040\000P\000e\000r\000t\000u\000r\000b\000e\000d\000\040\000E\000l\000e\000c\000t\000r\000o\000n\000\040\000T\000e\000m\000p\000e\000r\000a\000t\000u\000r\000e}{section.4}% 19
\BOOKMARK [2][-]{subsection.4.8}{\376\377\000M\000o\000d\000i\000f\000i\000e\000d\000\040\000R\000u\000t\000h\000e\000r\000f\000o\000r\000d\000\040\000E\000q\000u\000a\000t\000i\000o\000n}{section.4}% 20
\BOOKMARK [2][-]{subsection.4.9}{\376\377\000E\000C\000C\000D\000\040\000D\000e\000p\000o\000s\000i\000t\000i\000o\000n\000\040\000P\000r\000o\000f\000i\000l\000e}{section.4}% 21
\BOOKMARK [2][-]{subsection.4.10}{\376\377\000R\000e\000s\000u\000l\000t\000s}{section.4}% 22
\BOOKMARK [1][-]{section.5}{\376\377\000G\000l\000o\000b\000a\000l\000\040\000P\000e\000r\000t\000u\000r\000b\000e\000d\000\040\000E\000l\000e\000c\000t\000r\000o\000n\000\040\000T\000e\000m\000p\000e\000r\000a\000t\000u\000r\000e}{}% 23
\BOOKMARK [2][-]{subsection.5.1}{\376\377\000A\000s\000y\000m\000p\000t\000o\000t\000i\000c\000\040\000M\000a\000t\000c\000h\000i\000n\000g}{section.5}% 24
\BOOKMARK [2][-]{subsection.5.2}{\376\377\000R\000e\000s\000u\000l\000t\000s}{section.5}% 25
\BOOKMARK [1][-]{section.6}{\376\377\000S\000y\000n\000t\000h\000e\000t\000i\000c\000\040\000E\000C\000E\000\040\000D\000i\000a\000g\000n\000o\000s\000t\000i\000c}{}% 26
\BOOKMARK [2][-]{subsection.6.1}{\376\377\000I\000n\000t\000r\000o\000d\000u\000c\000t\000i\000o\000n}{section.6}% 27
\BOOKMARK [2][-]{subsection.6.2}{\376\377\000R\000e\000l\000a\000t\000i\000v\000i\000s\000t\000i\000c\000\040\000M\000a\000s\000s\000\040\000I\000n\000c\000r\000e\000a\000s\000e}{section.6}% 28
\BOOKMARK [2][-]{subsection.6.3}{\376\377\000R\000e\000a\000b\000s\000o\000r\000p\000t\000i\000o\000n}{section.6}% 29
\BOOKMARK [2][-]{subsection.6.4}{\376\377\000S\000p\000a\000t\000i\000a\000l\000\040\000C\000o\000n\000v\000o\000l\000u\000t\000i\000o\000n\000\040\000F\000u\000n\000c\000t\000i\000o\000n}{section.6}% 30
\BOOKMARK [2][-]{subsection.6.5}{\376\377\000R\000e\000s\000u\000l\000t\000s}{section.6}% 31
\BOOKMARK [1][-]{section.7}{\376\377\000S\000u\000m\000m\000a\000r\000y\000\040\000a\000n\000d\000\040\000D\000i\000s\000c\000u\000s\000s\000i\000o\000n}{}% 32
\BOOKMARK [1][-]{appendix.A}{\376\377\000E\000l\000e\000c\000t\000r\000o\000n\000\040\000C\000y\000c\000l\000o\000t\000r\000o\000n\000\040\000E\000m\000i\000s\000s\000i\000o\000n}{}% 33
\BOOKMARK [2][-]{subsection.A.1}{\376\377\000I\000n\000t\000r\000o\000d\000u\000c\000t\000i\000o\000n}{appendix.A}% 34
\BOOKMARK [2][-]{subsection.A.2}{\376\377\000O\000r\000d\000e\000r\000i\000n\000g\000s}{appendix.A}% 35
\BOOKMARK [2][-]{subsection.A.3}{\376\377\000E\000C\000E\000\040\000S\000i\000g\000n\000a\000l}{appendix.A}% 36
\BOOKMARK [2][-]{subsection.A.4}{\376\377\000F\000i\000r\000s\000t\000\040\000H\000a\000r\000m\000o\000n\000i\000c\000\040\000O\000-\000M\000o\000d\000e\000\040\000A\000b\000s\000o\000r\000p\000t\000i\000o\000n\000\040\000C\000o\000e\000f\000f\000i\000c\000i\000e\000n\000t}{appendix.A}% 37
\BOOKMARK [2][-]{subsection.A.5}{\376\377\000S\000e\000c\000o\000n\000d\000\040\000H\000a\000r\000m\000o\000n\000i\000c\000\040\000X\000-\000M\000o\000d\000e\000\040\000A\000b\000s\000o\000r\000p\000t\000i\000o\000n\000\040\000C\000o\000e\000f\000f\000i\000c\000i\000e\000n\000t}{appendix.A}% 38
