Circular: qc = 0.8, qa = 2.8, mu = 2.0, epsa = 0.2
 8.0000e-01  2.7500e+00  0.0000e+00  2.0000e+00  2.0000e-01   3.341e-01  1.139e-01  2.203e-01 4.847e+01 0.000e-00 2.472e+00 0.000e-00
 8.0000e-01  2.7500e+00  5.0000e-03  2.0000e+00  2.0000e-01   3.335e-01  1.127e-01  2.208e-01 2.632e+01 1.504e-01 1.853e+00 5.084e-01
 8.0000e-01  2.7500e+00  1.0000e-02  2.0000e+00  2.0000e-01   3.327e-01  1.114e-01  2.213e-01 1.848e+01 4.338e-01 1.491e+00 1.024e+00
 8.0000e-01  2.7500e+00  1.5000e-02  2.0000e+00  2.0000e-01   3.315e-01  1.097e-01  2.219e-01 1.436e+01 7.906e-01 1.263e+00 1.542e+00
 8.0000e-01  2.7500e+00  2.0000e-02  2.0000e+00  2.0000e-01   3.301e-01  1.077e-01  2.224e-01 1.183e+01 1.185e+00 1.112e+00 2.061e+00
 8.0000e-01  2.7500e+00  2.5000e-02  2.0000e+00  2.0000e-01   3.283e-01  1.052e-01  2.231e-01 1.014e+01 1.599e+00 1.011e+00 2.579e+00 
 8.0000e-01  2.7500e+00  3.0000e-02  2.0000e+00  2.0000e-01   3.260e-01  1.023e-01  2.237e-01 8.933e+00 2.021e+00 9.446e-01 3.097e+00
 8.0000e-01  2.7500e+00  3.5000e-02  2.0000e+00  2.0000e-01   
 8.0000e-01  2.7500e+00  4.0000e-02  2.0000e+00  2.0000e-01   
 8.0000e-01  2.7500e+00  4.5000e-02  2.0000e+00  2.0000e-01   
 8.0000e-01  2.7500e+00  5.0000e-02  2.0000e+00  2.0000e-01   
 8.0000e-01  2.7500e+00  5.5000e-02  2.0000e+00  2.0000e-01   
 8.0000e-01  2.7500e+00  6.0000e-02  2.0000e+00  2.0000e-01   
 8.0000e-01  2.7500e+00  6.5000e-02  2.0000e+00  2.0000e-01   
 8.0000e-01  2.7500e+00  7.0000e-02  2.0000e+00  2.0000e-01   
 8.0000e-01  2.7500e+00  7.5000e-02  2.0000e+00  2.0000e-01   
 8.0000e-01  2.7500e+00  7.7500e-02  2.0000e+00  2.0000e-01   
 8.0000e-01  2.7500e+00  8.0000e-02  2.0000e+00  2.0000e-01   
 8.0000e-01  2.7500e+00  8.2500e-02  2.0000e+00  2.0000e-01   
 8.0000e-01  2.7500e+00  8.4000e-02  2.0000e+00  2.0000e-01   
 8.0000e-01  2.7500e+00  8.5000e-02  2.0000e+00  2.0000e-01   
 8.0000e-01  2.7500e+00  8.6000e-02  2.0000e+00  2.0000e-01   
 8.0000e-01  2.7500e+00  8.6500e-02  2.0000e+00  2.0000e-01   
 8.0000e-01  2.7500e+00  8.7000e-02  2.0000e+00  2.0000e-01   
 8.0000e-01  2.7500e+00  8.7500e-02  2.0000e+00  2.0000e-01   
