Circular: qc = 0.8, qa = 2.8, mu = 2.0, epsa = 0.2
 8.0000e-01  2.7500e+00  0.0000e+00  2.0000e+00  2.0000e-01   1  2.9484e-01  4.3287e-01  2  8.3982e-01  8.5396e-01   1/1    4.9011e+02 -1.1033e-20   1/2   -2.3196e+01  8.9143e-14   2/1   -2.3196e+01 -8.9143e-14   2/2    4.6270e+00 -3.9872e-22
 8.0000e-01  2.7500e+00  5.0000e-03  2.0000e+00  2.0000e-01   1  2.9508e-01  4.3313e-01  2  8.4007e-01  8.5417e-01   1/1    5.0521e+02 -1.1834e-20   1/2   -2.6080e+01  1.0537e-13   2/1   -2.6080e+01 -1.0537e-13   2/2    4.9016e+00 -3.6022e-21
 8.0000e-01  2.7500e+00  1.0000e-02  2.0000e+00  2.0000e-01   1  2.9532e-01  4.3340e-01  2  8.4033e-01  8.5438e-01   1/1    5.2285e+02 -1.0759e-20   1/2   -2.9265e+01  1.2318e-13   2/1   -2.9265e+01 -1.2318e-13   2/2    5.2297e+00 -5.5959e-21
 8.0000e-01  2.7500e+00  1.5000e-02  2.0000e+00  2.0000e-01   1  2.9557e-01  4.3367e-01  2  8.4060e-01  8.5460e-01   1/1    5.4351e+02 -1.2518e-20   1/2   -3.2815e+01  1.4190e-13   2/1   -3.2815e+01 -1.4190e-13   2/2    5.6115e+00  3.6636e-21
 8.0000e-01  2.7500e+00  2.0000e-02  2.0000e+00  2.0000e-01   1  2.9583e-01  4.3395e-01  2  8.4087e-01  8.5482e-01   1/1    5.6779e+02 -1.8429e-20   1/2   -3.6816e+01  1.6803e-13   2/1   -3.6816e+01 -1.6803e-13   2/2    6.0580e+00 -1.8644e-20
 8.0000e-01  2.7500e+00  2.5000e-02  2.0000e+00  2.0000e-01   1  2.9609e-01  4.3424e-01  2  8.4114e-01  8.5505e-01   1/1    5.9650e+02 -3.1532e-20   1/2   -4.1379e+01  1.9870e-13   2/1   -4.1379e+01 -1.9870e-13   2/2    6.5840e+00 -4.1826e-21
 8.0000e-01  2.7500e+00  3.0000e-02  2.0000e+00  2.0000e-01   1  2.9637e-01  4.3453e-01  2  8.4142e-01  8.5528e-01   1/1    6.3074e+02 -1.8228e-20   1/2   -4.6653e+01  2.1010e-13   2/1   -4.6653e+01 -2.1010e-13   2/2    7.2089e+00  5.3656e-21
 8.0000e-01  2.7500e+00  3.5000e-02  2.0000e+00  2.0000e-01   1  2.9665e-01  4.3483e-01  2  8.4171e-01  8.5551e-01   1/1    6.7202e+02 -4.5115e-20   1/2   -5.2840e+01  2.5113e-13   2/1   -5.2840e+01 -2.5113e-13   2/2    7.9599e+00 -4.2886e-21
 8.0000e-01  2.7500e+00  4.0000e-02  2.0000e+00  2.0000e-01   1  2.9693e-01  4.3514e-01  2  8.4200e-01  8.5575e-01   1/1    7.2246e+02 -5.3408e-20   1/2   -6.0228e+01  2.8046e-13   2/1   -6.0227e+01 -2.8046e-13   2/2    8.8750e+00  9.5797e-21
 8.0000e-01  2.7500e+00  4.5000e-02  2.0000e+00  2.0000e-01   1  2.9722e-01  4.3545e-01  2  8.4230e-01  8.5599e-01   1/1    7.8516e+02 -3.2082e-20   1/2   -6.9233e+01  3.6430e-13   2/1   -6.9233e+01 -3.6430e-13   2/2    1.0010e+01 -5.7503e-21
 8.0000e-01  2.7500e+00  5.0000e-02  2.0000e+00  2.0000e-01   1  2.9752e-01  4.3577e-01  2  8.4260e-01  8.5623e-01   1/1    8.6485e+02 -4.2558e-20   1/2   -8.0490e+01  3.9532e-13   2/1   -8.0490e+01 -3.9532e-13   2/2    1.1449e+01  1.5118e-20
 8.0000e-01  2.7500e+00  5.5000e-02  2.0000e+00  2.0000e-01   1  2.9783e-01  4.3610e-01  2  8.4290e-01  8.5648e-01   1/1    9.6905e+02 -3.0598e-20   1/2   -9.5006e+01  5.1641e-13   2/1   -9.5006e+01 -5.1641e-13   2/2    1.3328e+01  4.9013e-21
 8.0000e-01  2.7500e+00  6.0000e-02  2.0000e+00  2.0000e-01   1  2.9814e-01  4.3643e-01  2  8.4321e-01  8.5673e-01   1/1    1.1105e+03 -5.9768e-20   1/2   -1.1449e+02  6.3074e-13   2/1   -1.1449e+02 -6.3074e-13   2/2    1.5876e+01  2.1904e-20
 8.0000e-01  2.7500e+00  6.5000e-02  2.0000e+00  2.0000e-01   1  2.9846e-01  4.3676e-01  2  8.4352e-01  8.5698e-01   1/1    1.3129e+03 -2.9455e-21   1/2   -1.4211e+02  8.0623e-13   2/1   -1.4211e+02 -8.0623e-13   2/2    1.9514e+01  2.1544e-20
 8.0000e-01  2.7500e+00  7.0000e-02  2.0000e+00  2.0000e-01   1  2.9878e-01  4.3710e-01  2  8.4384e-01  8.5723e-01   1/1    1.6250e+03 -5.0961e-20   1/2   -1.8441e+02  1.1664e-12   2/1   -1.8441e+02 -1.1664e-12   2/2    2.5121e+01  2.5794e-20
 8.0000e-01  2.7500e+00  7.5000e-02  2.0000e+00  2.0000e-01   1  2.9911e-01  4.3745e-01  2  8.4416e-01  8.5749e-01   1/1    2.1674e+03  4.5429e-21   1/2   -2.5753e+02  1.6662e-12   2/1   -2.5753e+02 -1.6662e-12   2/2    3.4857e+01  2.4045e-20
 8.0000e-01  2.7500e+00  7.7500e-02  2.0000e+00  2.0000e-01   1  2.9928e-01  4.3763e-01  2  8.4432e-01  8.5762e-01   1/1    2.6217e+03  4.6101e-20   1/2   -3.1860e+02  2.0146e-12   2/1   -3.1860e+02 -2.0146e-12   2/2    4.3008e+01 -4.4937e-21
 8.0000e-01  2.7500e+00  8.0000e-02  2.0000e+00  2.0000e-01   1  2.9945e-01  4.3780e-01  2  8.4448e-01  8.5775e-01   1/1    3.3390e+03  2.7453e-19   1/2   -4.1489e+02  2.8034e-12   2/1   -4.1489e+02 -2.8034e-12   2/2    5.5876e+01  8.2095e-20
 8.0000e-01  2.7500e+00  8.2500e-02  2.0000e+00  2.0000e-01   1  2.9961e-01  4.3798e-01  2  8.4464e-01  8.5788e-01   1/1    4.6401e+03  7.8671e-19   1/2   -5.8935e+02  3.8464e-12   2/1   -5.8934e+02 -3.8464e-12   2/2    7.9211e+01  2.5320e-20
 8.0000e-01  2.7500e+00  8.4000e-02  2.0000e+00  2.0000e-01   1  2.9972e-01  4.3809e-01  2  8.4474e-01  8.5795e-01   1/1    6.0924e+03  1.6695e-18   1/2   -7.8395e+02  5.1307e-12   2/1   -7.8394e+02 -5.1307e-12   2/2    1.0525e+02  1.2789e-19
 8.0000e-01  2.7500e+00  8.5000e-02  2.0000e+00  2.0000e-01   1  2.9979e-01  4.3816e-01  2  8.4480e-01  8.5801e-01   1/1    7.7233e+03  3.7372e-18   1/2   -1.0024e+03  6.6384e-12   2/1   -1.0024e+03 -6.6384e-12   2/2    1.3450e+02  1.3953e-19
 8.0000e-01  2.7500e+00  8.6000e-02  2.0000e+00  2.0000e-01   1  2.9985e-01  4.3823e-01  2  8.4487e-01  8.5806e-01   1/1    1.0584e+04  7.3316e-18   1/2   -1.3856e+03  8.9878e-12   2/1   -1.3856e+03 -8.9878e-12   2/2    1.8580e+02  3.9804e-19
 8.0000e-01  2.7500e+00  8.6500e-02  2.0000e+00  2.0000e-01   1  2.9989e-01  4.3826e-01  2  8.4490e-01  8.5808e-01   1/1    1.3011e+04  1.1573e-17   1/2   -1.7106e+03  1.1336e-11   2/1   -1.7106e+03 -1.1336e-11   2/2    2.2931e+02  4.2347e-19
 8.0000e-01  2.7500e+00  8.7000e-02  2.0000e+00  2.0000e-01   1  2.9992e-01  4.3830e-01  2  8.4493e-01  8.5811e-01   1/1    1.6905e+04  1.9657e-17   1/2   -2.2321e+03  1.4846e-11   2/1   -2.2321e+03 -1.4846e-11   2/2    2.9915e+02  4.1391e-19
 8.0000e-01  2.7500e+00  8.7500e-02  2.0000e+00  2.0000e-01   1  2.9996e-01  4.3834e-01  2  8.4497e-01  8.5814e-01   1/1    2.4177e+04  4.0497e-17   1/2   -3.2059e+03  2.1072e-11   2/1   -3.2059e+03 -2.1072e-11   2/2    4.2953e+02  8.5602e-19
