Circular: qc = 1.1, qa = 3.6, mu = 2.0, epsa = 0.2, bw = 1.2
 1.1000e+00  3.6000e+00  1.0000e-03  2.0000e+00  2.0000e-01  9.871e-01   3.118e-01   6.753e-01   2.537e+00   1.328e-01   9.472e-01  -1.739e+00   1.244e-01   1.031e+00
 1.1000e+00  3.6000e+00  1.0000e-02  2.0000e+00  2.0000e-01  9.890e-01   3.113e-01   6.777e-01   9.216e-01   1.381e+00   9.861e-01  -1.421e+00   1.230e+00   1.023e+00
 1.1000e+00  3.6000e+00  2.0000e-02  2.0000e+00  2.0000e-01  9.906e-01   3.102e-01   6.804e-01   4.635e-01   2.779e+00   9.944e-01  -1.238e+00   2.442e+00   1.018e+00
 1.1000e+00  3.6000e+00  3.0000e-02  2.0000e+00  2.0000e-01  9.917e-01   3.086e-01   6.832e-01   2.615e-01   4.172e+00   9.973e-01  -1.145e+00   3.642e+00   1.015e+00
 1.1000e+00  3.6000e+00  4.0000e-02  2.0000e+00  2.0000e-01  9.923e-01   3.063e-01   6.860e-01   1.446e-01   5.558e+00   9.987e-01  -1.103e+00   4.832e+00   1.014e+00
 1.1000e+00  3.6000e+00  5.0000e-02  2.0000e+00  2.0000e-01  9.923e-01   3.034e-01   6.889e-01   6.615e-02   6.938e+00   9.994e-01  -1.091e+00   6.014e+00   1.013e+00
 1.1000e+00  3.6000e+00  6.0000e-02  2.0000e+00  2.0000e-01  9.918e-01   2.998e-01   6.919e-01   8.188e-03   8.311e+00   9.999e-01  -1.098e+00   7.189e+00   1.012e+00
 1.1000e+00  3.6000e+00  7.0000e-02  2.0000e+00  2.0000e-01  9.905e-01   2.954e-01   6.951e-01  -3.759e-02   9.677e+00   1.000e+00  -1.118e+00   8.355e+00   1.012e+00
 1.1000e+00  3.6000e+00  8.0000e-02  2.0000e+00  2.0000e-01  9.886e-01   2.901e-01   6.985e-01  -7.551e-02   1.104e+01   1.001e+00  -1.147e+00   9.513e+00   1.012e+00
 1.1000e+00  3.6000e+00  9.0000e-02  2.0000e+00  2.0000e-01  9.860e-01   2.839e-01   7.022e-01  -1.081e-01   1.239e+01   1.001e+00  -1.182e+00   1.066e+01   1.011e+00
 1.1000e+00  3.6000e+00  1.0000e-01  2.0000e+00  2.0000e-01  9.827e-01   2.766e-01   7.061e-01  -1.369e-01   1.373e+01   1.001e+00  -1.221e+00   1.181e+01   1.011e+00
 1.1000e+00  3.6000e+00  1.1000e-01  2.0000e+00  2.0000e-01  9.787e-01   2.683e-01   7.104e-01  -1.629e-01   1.507e+01   1.001e+00  -1.264e+00   1.294e+01   1.011e+00
 1.1000e+00  3.6000e+00  1.2000e-01  2.0000e+00  2.0000e-01  9.739e-01   2.588e-01   7.151e-01  -1.868e-01   1.640e+01   1.001e+00  -1.308e+00   1.407e+01   1.011e+00
 1.1000e+00  3.6000e+00  1.3000e-01  2.0000e+00  2.0000e-01  9.684e-01   2.480e-01   7.203e-01  -2.091e-01   1.773e+01   1.001e+00  -1.354e+00   1.519e+01   1.011e+00
 1.1000e+00  3.6000e+00  1.4000e-01  2.0000e+00  2.0000e-01  9.621e-01   2.359e-01   7.261e-01  -2.300e-01   1.904e+01   1.001e+00  -1.401e+00   1.630e+01   1.012e+00
 1.1000e+00  3.6000e+00  1.5000e-01  2.0000e+00  2.0000e-01  9.549e-01   2.224e-01   7.325e-01  -2.499e-01   2.035e+01   1.001e+00  -1.448e+00   1.741e+01   1.012e+00
 1.1000e+00  3.6000e+00  1.6000e-01  2.0000e+00  2.0000e-01  9.4698e-01  2.0728e-01  7.3969e-01 -2.6886e-01  2.1659e+01  1.0013e+00 -1.4946e+00  1.8510e+01  1.0116e+00
 1.1000e+00  3.6000e+00  1.7000e-01  2.0000e+00  2.0000e-01  9.3820e-01  1.9059e-01  7.4761e-01 -2.8705e-01  2.2959e+01  1.0013e+00 -1.5411e+00  1.9603e+01  1.0117e+00
 1.1000e+00  3.6000e+00  1.8000e-01  2.0000e+00  2.0000e-01  9.2860e-01  1.7197e-01  7.5663e-01 -3.0459e-01  2.4252e+01  1.0014e+00 -1.5869e+00  2.0691e+01  1.0117e+00
 1.1000e+00  3.6000e+00  1.9000e-01  2.0000e+00  2.0000e-01  9.1814e-01  1.5149e-01  7.6665e-01 -3.2155e-01  2.5539e+01  1.0014e+00 -1.6317e+00  2.1772e+01  1.0118e+00
 1.1000e+00  3.6000e+00  2.0000e-01  2.0000e+00  2.0000e-01  9.0682e-01  1.2894e-01  7.7787e-01 -3.3794e-01  2.6822e+01  1.0014e+00 -1.6755e+00  2.2848e+01  1.0118e+00
 1.1000e+00  3.6000e+00  2.1000e-01  2.0000e+00  2.0000e-01  8.9461e-01  1.0417e-01  7.9045e-01 -3.5390e-01  2.8099e+01  1.0015e+00 -1.7182e+00  2.3919e+01  1.0118e+00
 1.1000e+00  3.6000e+00  2.2000e-01  2.0000e+00  2.0000e-01  8.8160e-01  8.3598e-02  7.9800e-01 -3.6937e-01  2.9372e+01  1.0015e+00 -1.7595e+00  2.4984e+01  1.0118e+00
 1.1000e+00  3.6000e+00  2.3000e-01  2.0000e+00  2.0000e-01  8.6753e-01  4.7213e-02  8.2031e-01 -3.8439e-01  3.0640e+01  1.0015e+00 -1.7987e+00  2.6044e+01  1.0118e+00
 1.1000e+00  3.6000e+00  2.4000e-01  2.0000e+00  2.0000e-01  8.5261e-01  1.4638e-02  8.3797e-01 -3.9900e-01  3.1903e+01  1.0015e+00 -1.8365e+00  2.7099e+01  1.0118e+00
 1.1000e+00  3.6000e+00  2.5000e-01  2.0000e+00  2.0000e-01  8.3677e-01 -2.0947e-02  8.5772e-01 -4.1319e-01  3.3163e+01  1.0015e+00 -1.8723e+00  2.8149e+01  1.0118e+00
 1.1000e+00  3.6000e+00  2.6000e-01  2.0000e+00  2.0000e-01  8.1999e-01 -5.9774e-02  8.7976e-01 -4.2704e-01  3.4418e+01  1.0015e+00 -1.9059e+00  2.9196e+01  1.0118e+00
 1.1000e+00  3.6000e+00  2.7000e-01  2.0000e+00  2.0000e-01  8.0226e-01 -1.0209e-01  9.0434e-01 -4.4043e-01  3.5670e+01  1.0015e+00 -1.9371e+00  3.0237e+01  1.0118e+00
 1.1000e+00  3.6000e+00  2.8000e-01  2.0000e+00  2.0000e-01  7.8357e-01 -1.4815e-01  9.3172e-01 -4.5355e-01  3.6919e+01  1.0015e+00 -1.9657e+00  3.1275e+01  1.0117e+00
 1.1000e+00  3.6000e+00  2.9000e-01  2.0000e+00  2.0000e-01  7.6391e-01 -1.9822e-01  9.6214e-01 -4.6607e-01  3.8164e+01  1.0015e+00 -1.9916e+00  3.2309e+01  1.0117e+00
 1.1000e+00  3.6000e+00  3.0000e-01  2.0000e+00  2.0000e-01  7.4330e-01 -2.5259e-01  9.9588e-01 -4.7832e-01  3.9407e+01  1.0015e+00 -2.0142e+00  3.3339e+01  1.0116e+00
 1.1000e+00  3.6000e+00  3.1000e-01  2.0000e+00  2.0000e-01  7.2171e-01 -3.1153e-01  1.0332e+00 -4.9010e-01  4.0646e+01  1.0015e+00 -2.0334e+00  3.4366e+01  1.0115e+00
 1.1000e+00  3.6000e+00  3.2000e-01  2.0000e+00  2.0000e-01  6.9914e-01 -3.7536e-01  1.0745e+00 -5.0148e-01  4.1884e+01  1.0015e+00 -2.0488e+00  3.5389e+01  1.0114e+00
 1.1000e+00  3.6000e+00  3.3000e-01  2.0000e+00  2.0000e-01  6.7556e-01 -4.4443e-01  1.1200e+00 -5.1240e-01  4.3119e+01  1.0015e+00 -2.0598e+00  3.6408e+01  1.0113e+00
 1.1000e+00  3.6000e+00  3.4000e-01  2.0000e+00  2.0000e-01  6.5087e-01 -5.1921e-01  1.1701e+00 -5.2280e-01  4.4351e+01  1.0015e+00 -2.0658e+00  3.7424e+01  1.0111e+00
 1.1000e+00  3.6000e+00  3.5000e-01  2.0000e+00  2.0000e-01  6.2483e-01 -6.0049e-01  1.2253e+00 -5.3250e-01  4.5582e+01  1.0015e+00 -2.0654e+00  3.8436e+01  1.0110e+00
 1.1000e+00  3.6000e+00  3.6000e-01  2.0000e+00  2.0000e-01  5.9680e-01 -6.8993e-01  1.2867e+00 -5.4118e-01  4.6811e+01  1.0015e+00 -2.0549e+00  3.9445e+01  1.0108e+00
 1.1000e+00  3.6000e+00  3.7000e-01  2.0000e+00  2.0000e-01  5.6511e-01 -7.9148e-01  1.3566e+00 -5.4798e-01  4.8038e+01  1.0015e+00 -2.0282e+00  4.0448e+01  1.0105e+00
 1.1000e+00  3.6000e+00  3.8000e-01  2.0000e+00  2.0000e-01  5.2524e-01 -9.1546e-01  1.4407e+00 -5.5019e-01  4.9264e+01  1.0015e+00 -1.9651e+00  4.1443e+01  1.0101e+00
 1.1000e+00  3.6000e+00  3.8100e-01  2.0000e+00  2.0000e-01  5.2042e-01 -9.2992e-01  1.4503e+00 -5.4992e-01  4.9386e+01  1.0015e+00 -1.9548e+00  4.1541e+01  1.0100e+00
 1.1000e+00  3.6000e+00  3.8200e-01  2.0000e+00  2.0000e-01  5.1539e-01 -9.4491e-01  1.4603e+00 -5.4948e-01  4.9509e+01  1.0014e+00 -1.9437e+00  4.1640e+01  1.0099e+00
 1.1000e+00  3.6000e+00  3.8300e-01  2.0000e+00  2.0000e-01  5.1011e-01 -9.6048e-01  1.4706e+00 -5.4948e-01  4.9509e+01  1.0014e+00 -1.9437e+00  4.1640e+01  1.0099e+00
 1.1000e+00  3.6000e+00  3.8400e-01  2.0000e+00  2.0000e-01  5.0455e-01 -9.7669e-01  1.4812e+00 -5.4820e-01  4.9753e+01  1.0014e+00 -1.9174e+00  4.1836e+01  1.0098e+00
 1.1000e+00  3.6000e+00  3.8500e-01  2.0000e+00  2.0000e-01  4.9869e-01 -9.9360e-01  1.4923e+00 -5.4722e-01  4.9876e+01  1.0014e+00 -1.9019e+00  4.1933e+01  1.0097e+00
 1.1000e+00  3.6000e+00  3.8600e-01  2.0000e+00  2.0000e-01  4.9247e-01 -1.0113e+00  1.5038e+00 -5.4604e-01  4.9998e+01  1.0014e+00 -1.8848e+00  4.2030e+01  1.0096e+00
 1.1000e+00  3.6000e+00  3.8700e-01  2.0000e+00  2.0000e-01  4.8586e-01 -1.0299e+00  1.5157e+00 -5.4457e-01  5.0120e+01  1.0014e+00 -1.8714e+00  4.2128e+01  1.0095e+00
 1.1000e+00  3.6000e+00  3.8800e-01  2.0000e+00  2.0000e-01  4.7880e-01 -1.0494e+00  1.5282e+00 -5.4276e-01  5.0242e+01  1.0014e+00 -1.8436e+00  4.2223e+01  1.0094e+00
 1.1000e+00  3.6000e+00  3.8900e-01  2.0000e+00  2.0000e-01  6.9722e-01  6.3066e-01  6.6561e-02 -6.3975e-01  5.0376e+01  1.0016e+00 -2.5230e+00  4.2447e+01  1.0123e+00
 1.1000e+00  3.6000e+00  3.9000e-01  2.0000e+00  2.0000e-01  6.6482e-01  1.7721e-01  4.8761e-01 -6.3064e-01  5.0497e+01  1.0016e+00 -2.4511e+00  4.2535e+01  1.0120e+00
 1.1000e+00  3.6000e+00  3.9100e-01  2.0000e+00  2.0000e-01  6.4267e-01 -8.6567e-02  7.2923e-01 -6.2472e-01  5.0619e+01  1.0016e+00 -2.4001e+00  4.2627e+01  1.0118e+00
 1.1000e+00  3.6000e+00  3.9200e-01  2.0000e+00  2.0000e-01  6.2634e-01 -2.5681e-01  8.8315e-01 -6.2068e-01  5.0741e+01  1.0016e+00 -2.3650e+00  4.2721e+01  1.0116e+00
 1.1000e+00  3.6000e+00  3.9300e-01  2.0000e+00  2.0000e-01  6.1362e-01 -3.7529e-01  9.8891e-01 -6.1780e-01  5.0863e+01  1.0016e+00 -2.3353e+00  4.2816e+01  1.0115e+00
 1.1000e+00  3.6000e+00  3.9400e-01  2.0000e+00  2.0000e-01  6.0330e-01 -4.6258e-01  1.0659e+00 -6.1586e-01  5.0985e+01  1.0016e+00 -2.3148e+00  4.2913e+01  1.0114e+00
 1.1000e+00  3.6000e+00  3.9500e-01  2.0000e+00  2.0000e-01  5.9466e-01 -5.2983e-01  1.1245e+00 -6.1445e-01  5.1107e+01  1.0016e+00 -2.2969e+00  4.3010e+01  1.0113e+00
 1.1000e+00  3.6000e+00  4.0000e-01  2.0000e+00  2.0000e-01  5.6473e-01 -7.2538e-01  1.2901e+00 -6.1262e-01  5.1718e+01  1.0015e+00 -2.2420e+00  4.3501e+01  1.0110e+00
 1.1000e+00  3.6000e+00  4.1000e-01  2.0000e+00  2.0000e-01  5.2917e-01 -9.0477e-01  1.4339e+00 -6.1869e-01  5.2941e+01  1.0015e+00 -2.1974e+00  4.4495e+01  1.0107e+00
 1.1000e+00  3.6000e+00  4.2000e-01  2.0000e+00  2.0000e-01  5.0378e-01 -1.0173e+00  1.5211e+00 -6.2920e-01  5.4164e+01  1.0015e+00 -2.1799e+00  4.5492e+01  1.0104e+00
 1.1000e+00  3.6000e+00  4.3000e-01  2.0000e+00  2.0000e-01  4.8294e-01 -1.1078e+00  1.5907e+00 -6.4198e-01  5.5387e+01  1.0015e+00 -2.1748e+00  4.6490e+01  1.0103e+00
 1.1000e+00  3.6000e+00  4.4000e-01  2.0000e+00  2.0000e-01  4.6531e-01 -1.1853e+00  1.6506e+00 -6.5650e-01  5.6610e+01  1.0015e+00 -2.1789e+00  4.7488e+01  1.0102e+00
