Circular: qc = 1.1, qa = 3.6, mu = 2.0, epsa = 0.2, bw = 1.2
 1.1000e+00  3.6000e+00  1.0000e-03  2.0000e+00  2.0000e-01   2  6.5661e-01  7.1374e-01  3  9.0866e-01  9.1587e-01   2/2    5.3768e+00 -2.3785e-22   2/3   -1.7104e+00  6.3752e-14   3/2   -1.7104e+00 -6.3751e-14   3/3   -3.2502e+00 -6.7023e-21
 1.1000e+00  3.6000e+00  1.0000e-02  2.0000e+00  2.0000e-01   2  6.5776e-01  7.1468e-01  3  9.0916e-01  9.1627e-01   2/2    5.4008e+00 -2.4242e-22   2/3   -1.8473e+00  6.7469e-14   3/2   -1.8473e+00 -6.7469e-14   3/3   -3.2206e+00  2.1459e-21
 1.1000e+00  3.6000e+00  2.0000e-02  2.0000e+00  2.0000e-01   2  6.5915e-01  7.1579e-01  3  9.0975e-01  9.1674e-01   2/2    5.4389e+00 -2.4318e-21   2/3   -2.0047e+00  6.5850e-14   3/2   -2.0047e+00 -6.5850e-14   3/3   -3.1730e+00  7.3071e-21
 1.1000e+00  3.6000e+00  3.0000e-02  2.0000e+00  2.0000e-01   2  6.6063e-01  7.1698e-01  3  9.1037e-01  9.1723e-01   2/2    5.4897e+00  4.4115e-21   2/3   -2.1686e+00  5.9108e-14   3/2   -2.1686e+00 -5.9109e-14   3/3   -3.1104e+00  2.5516e-20
 1.1000e+00  3.6000e+00  4.0000e-02  2.0000e+00  2.0000e-01   2  6.6219e-01  7.1822e-01  3  9.1101e-01  9.1773e-01   2/2    5.5530e+00  9.8411e-21   2/3   -2.3395e+00  6.1739e-14   3/2   -2.3395e+00 -6.1739e-14   3/3   -3.0332e+00  6.8785e-21
 1.1000e+00  3.6000e+00  5.0000e-02  2.0000e+00  2.0000e-01   2  6.6383e-01  7.1952e-01  3  9.1167e-01  9.1825e-01   2/2    5.6293e+00 -3.0540e-21   2/3   -2.5181e+00  6.0178e-14   3/2   -2.5182e+00 -6.0178e-14   3/3   -2.9416e+00  5.0649e-20
 1.1000e+00  3.6000e+00  6.0000e-02  2.0000e+00  2.0000e-01   2  6.6553e-01  7.2086e-01  3  9.1235e-01  9.1877e-01   2/2    5.7191e+00  1.9155e-20   2/3   -2.7052e+00  5.9415e-14   3/2   -2.7051e+00 -5.9415e-14   3/3   -2.8360e+00 -1.0298e-21
 1.1000e+00  3.6000e+00  7.0000e-02  2.0000e+00  2.0000e-01   2  6.6727e-01  7.2223e-01  3  9.1303e-01  9.1930e-01   2/2    5.8226e+00 -9.6758e-22   2/3   -2.9011e+00  5.1033e-14   3/2   -2.9011e+00 -5.1033e-14   3/3   -2.7165e+00 -6.9720e-20
 1.1000e+00  3.6000e+00  8.0000e-02  2.0000e+00  2.0000e-01   2  6.6906e-01  7.2362e-01  3  9.1371e-01  9.1982e-01   2/2    5.9404e+00  1.6526e-20   2/3   -3.1066e+00  4.8015e-14   3/2   -3.1066e+00 -4.8015e-14   3/3   -2.5832e+00  1.4755e-20
 1.1000e+00  3.6000e+00  9.0000e-02  2.0000e+00  2.0000e-01   2  6.7087e-01  7.2503e-01  3  9.1440e-01  9.2035e-01   2/2    6.0728e+00 -5.0812e-20   2/3   -3.3223e+00  3.7611e-14   3/2   -3.3223e+00 -3.7610e-14   3/3   -2.4361e+00 -4.9680e-20
 1.1000e+00  3.6000e+00  1.0000e-01  2.0000e+00  2.0000e-01   2  6.7271e-01  7.2645e-01  3  9.1509e-01  9.2087e-01   2/2    6.2207e+00 -1.4358e-20   2/3   -3.5488e+00  3.7077e-14   3/2   -3.5488e+00 -3.7077e-14   3/3   -2.2750e+00  7.8390e-21
 1.1000e+00  3.6000e+00  1.1000e-01  2.0000e+00  2.0000e-01   2  6.7455e-01  7.2787e-01  3  9.1578e-01  9.2139e-01   2/2    6.3843e+00 -5.5681e-20   2/3   -3.7867e+00  2.9388e-14   3/2   -3.7867e+00 -2.9387e-14   3/3   -2.0997e+00 -8.2141e-20
 1.1000e+00  3.6000e+00  1.2000e-01  2.0000e+00  2.0000e-01   2  6.7640e-01  7.2929e-01  3  9.1646e-01  9.2191e-01   2/2    6.5645e+00 -1.8480e-19   2/3   -4.0368e+00  3.6190e-15   3/2   -4.0368e+00 -3.6179e-15   3/3   -1.9097e+00 -2.0276e-19
 1.1000e+00  3.6000e+00  1.3000e-01  2.0000e+00  2.0000e-01   2  6.7824e-01  7.3071e-01  3  9.1713e-01  9.2241e-01   2/2    6.7621e+00 -4.9121e-20   2/3   -4.2999e+00 -1.6683e-14   3/2   -4.2999e+00  1.6684e-14   3/3   -1.7045e+00 -1.1347e-19
 1.1000e+00  3.6000e+00  1.4000e-01  2.0000e+00  2.0000e-01   2  6.8007e-01  7.3211e-01  3  9.1780e-01  9.2291e-01   2/2    6.9776e+00 -1.7352e-19   2/3   -4.5767e+00 -2.1220e-13   3/2   -4.5767e+00  2.1220e-13   3/3   -1.4833e+00 -5.0050e-18
 1.1000e+00  3.6000e+00  1.5000e-01  2.0000e+00  2.0000e-01   2  6.8189e-01  7.3349e-01  3  9.1845e-01  9.2339e-01   2/2    7.2120e+00  2.8563e-19   2/3   -4.8681e+00 -2.3927e-13   3/2   -4.8681e+00  2.3927e-13   3/3   -1.2451e+00 -8.5961e-19
 1.1000e+00  3.6000e+00  1.6000e-01  2.0000e+00  2.0000e-01   2  6.8369e-01  7.3485e-01  3  9.1909e-01  9.2387e-01   2/2    7.4660e+00  3.0480e-19   2/3   -5.1753e+00 -2.0062e-12   3/2   -5.1753e+00  2.0062e-12   3/3   -9.8898e-01  4.5047e-18
 1.1000e+00  3.6000e+00  1.7000e-01  2.0000e+00  2.0000e-01   2  6.8547e-01  7.3619e-01  3  9.1972e-01  9.2434e-01   2/2    7.7410e+00  1.5950e-18   2/3   -5.4995e+00  9.0298e-13   3/2   -5.4995e+00 -9.0298e-13   3/3   -7.1334e-01  3.7598e-18
 1.1000e+00  3.6000e+00  1.8000e-01  2.0000e+00  2.0000e-01   2  6.8722e-01  7.3751e-01  3  9.2034e-01  9.2479e-01   2/2    8.0373e+00  8.8075e-18   2/3   -5.8414e+00  1.7224e-11   3/2   -5.8414e+00 -1.7224e-11   3/3   -4.1714e-01 -1.5593e-16
 1.1000e+00  3.6000e+00  1.9000e-01  2.0000e+00  2.0000e-01   2  6.8894e-01  7.3879e-01  3  9.2094e-01  9.2523e-01   2/2    8.3568e+00 -1.1305e-18   2/3   -6.2031e+00  1.0127e-12   3/2   -6.2031e+00 -1.0127e-12   3/3   -9.8034e-02  2.3159e-18
 1.1000e+00  3.6000e+00  2.0000e-01  2.0000e+00  2.0000e-01   2  6.9062e-01  7.4005e-01  3  9.2153e-01  9.2566e-01   2/2    8.7006e+00  1.9920e-18   2/3   -6.5860e+00  5.3984e-12   3/2   -6.5860e+00 -5.3984e-12   3/3    2.4585e-01 -4.5107e-17
 1.1000e+00  3.6000e+00  2.1000e-01  2.0000e+00  2.0000e-01   2  6.9228e-01  7.4128e-01  3  9.2211e-01  9.2608e-01   2/2    9.0698e+00 -1.2803e-18   2/3   -6.9918e+00  5.9074e-12   3/2   -6.9918e+00 -5.9074e-12   3/3    6.1692e-01 -4.3488e-17
 1.1000e+00  3.6000e+00  2.2000e-01  2.0000e+00  2.0000e-01   2  6.9389e-01  7.4247e-01  3  9.2267e-01  9.2648e-01   2/2    9.4641e+00 -4.5301e-18   2/3   -7.4196e+00 -2.0586e-12   3/2   -7.4196e+00  2.0584e-12   3/3    1.0135e+00  2.7519e-16
 1.1000e+00  3.6000e+00  2.3000e-01  2.0000e+00  2.0000e-01   2  6.9547e-01  7.4363e-01  3  9.2322e-01  9.2687e-01   2/2    9.8908e+00 -8.7325e-18   2/3   -7.8803e+00 -1.4052e-11   3/2   -7.8803e+00  1.4052e-11   3/3    1.4516e+00  2.8680e-16
 1.1000e+00  3.6000e+00  2.4000e-01  2.0000e+00  2.0000e-01   2  6.9701e-01  7.4476e-01  3  9.2375e-01  9.2725e-01   2/2    1.0346e+01  2.9292e-17   2/3   -8.3680e+00 -8.1394e-11   3/2   -8.3679e+00  8.1394e-11   3/3    1.9221e+00 -1.5153e-16
 1.1000e+00  3.6000e+00  2.5000e-01  2.0000e+00  2.0000e-01   2  6.9851e-01  7.4585e-01  3  9.2427e-01  9.2762e-01   2/2    1.0834e+01  1.9929e-17   2/3   -8.8880e+00 -4.8693e-11   3/2   -8.8880e+00  4.8693e-11   3/3    2.4330e+00  1.9977e-16
 1.1000e+00  3.6000e+00  2.6000e-01  2.0000e+00  2.0000e-01   2  6.9997e-01  7.4691e-01  3  9.2478e-01  9.2798e-01   2/2    1.1355e+01  4.1488e-18   2/3   -9.4437e+00 -8.6414e-11   3/2   -9.4437e+00  8.6414e-11   3/3    2.9890e+00  2.0183e-16
 1.1000e+00  3.6000e+00  2.7000e-01  2.0000e+00  2.0000e-01   2  7.0139e-01  7.4794e-01  3  9.2527e-01  9.2832e-01   2/2    1.1914e+01 -1.6889e-17   2/3   -1.0039e+01 -3.3991e-10   3/2   -1.0039e+01  3.3991e-10   3/3    3.5954e+00 -4.7730e-17
 1.1000e+00  3.6000e+00  2.8000e-01  2.0000e+00  2.0000e-01   2  7.0277e-01  7.4893e-01  3  9.2575e-01  9.2866e-01   2/2    1.2511e+01  8.5536e-17   2/3   -1.0677e+01 -3.7488e-10   3/2   -1.0677e+01  3.7488e-10   3/3    4.2580e+00 -2.1311e-15
 1.1000e+00  3.6000e+00  2.9000e-01  2.0000e+00  2.0000e-01   2  7.0411e-01  7.4989e-01  3  9.2621e-01  9.2898e-01   2/2    1.3150e+01  1.8974e-16   2/3   -1.1362e+01 -6.9693e-10   3/2   -1.1362e+01  6.9694e-10   3/3    4.9838e+00 -5.2291e-15
 1.1000e+00  3.6000e+00  3.0000e-01  2.0000e+00  2.0000e-01   2  7.0541e-01  7.5081e-01  3  9.2666e-01  9.2929e-01   2/2    1.3833e+01  3.4159e-16   2/3   -1.2101e+01 -1.4888e-09   3/2   -1.2101e+01  1.4888e-09   3/3    5.7808e+00  7.8740e-15
 1.1000e+00  3.6000e+00  3.1000e-01  2.0000e+00  2.0000e-01   2  7.0666e-01  7.5170e-01  3  9.2710e-01  9.2959e-01   2/2    1.4564e+01  5.6045e-16   2/3   -1.2898e+01 -2.1027e-09   3/2   -1.2898e+01  2.1027e-09   3/3    6.6584e+00  8.8883e-15
 1.1000e+00  3.6000e+00  3.2000e-01  2.0000e+00  2.0000e-01   2  7.0788e-01  7.5255e-01  3  9.2753e-01  9.2988e-01   2/2    1.5349e+01  6.8679e-17   2/3   -1.3762e+01 -3.1887e-09   3/2   -1.3761e+01  3.1887e-09   3/3    7.6279e+00 -1.8645e-14
 1.1000e+00  3.6000e+00  3.3000e-01  2.0000e+00  2.0000e-01   2  7.0905e-01  7.5337e-01  3  9.2794e-01  9.3016e-01   2/2    1.6191e+01  5.3916e-16   2/3   -1.4701e+01 -5.4505e-09   3/2   -1.4701e+01  5.4504e-09   3/3    8.7044e+00  5.2347e-14
 1.1000e+00  3.6000e+00  3.4000e-01  2.0000e+00  2.0000e-01   2  7.1019e-01  7.5416e-01  3  9.2834e-01  9.3043e-01   2/2    1.7102e+01  3.8316e-15   2/3   -1.5732e+01 -8.1692e-09   3/2   -1.5732e+01  8.1691e-09   3/3    9.9091e+00  8.2299e-14
 1.1000e+00  3.6000e+00  3.5000e-01  2.0000e+00  2.0000e-01   2  7.1129e-01  7.5491e-01  3  9.2873e-01  9.3069e-01   2/2    1.8102e+01  8.0167e-15   2/3   -1.6881e+01 -1.9141e-08   3/2   -1.6881e+01  1.9141e-08   3/3    1.1278e+01 -8.4029e-14
 1.1000e+00  3.6000e+00  3.6000e-01  2.0000e+00  2.0000e-01   2  7.1234e-01  7.5564e-01  3  9.2911e-01  9.3094e-01   2/2    1.9239e+01  6.8359e-15   2/3   -1.8207e+01 -3.2652e-08   3/2   -1.8206e+01  3.2652e-08   3/3    1.2881e+01 -2.6864e-13
 1.1000e+00  3.6000e+00  3.7000e-01  2.0000e+00  2.0000e-01   2  7.1336e-01  7.5633e-01  3  9.2948e-01  9.3118e-01   2/2    2.0633e+01  3.4471e-14   2/3   -1.9850e+01 -7.0797e-08   3/2   -1.9850e+01  7.0796e-08   3/3    1.4887e+01 -4.0351e-13
 1.1000e+00  3.6000e+00  3.8000e-01  2.0000e+00  2.0000e-01   2  7.1434e-01  7.5699e-01  3  9.2983e-01  9.3141e-01   2/2    2.2645e+01  7.6530e-14   2/3   -2.2225e+01 -1.8095e-07   3/2   -2.2224e+01  1.8094e-07   3/3    1.7772e+01  5.5425e-13
 1.1000e+00  3.6000e+00  3.8100e-01  2.0000e+00  2.0000e-01   2  7.1444e-01  7.5706e-01  3  9.2987e-01  9.3144e-01   2/2    2.2913e+01  6.5773e-14   2/3   -2.2540e+01 -1.6091e-07   3/2   -2.2540e+01  1.6091e-07   3/3    1.8152e+01  2.3460e-13
 1.1000e+00  3.6000e+00  3.8200e-01  2.0000e+00  2.0000e-01   2  7.1454e-01  7.5712e-01  3  9.2990e-01  9.3146e-01   2/2    2.3200e+01  1.0812e-13   2/3   -2.2877e+01 -1.5990e-07   3/2   -2.2877e+01  1.5990e-07   3/3    1.8557e+01 -5.5102e-13
 1.1000e+00  3.6000e+00  3.8300e-01  2.0000e+00  2.0000e-01   2  7.1463e-01  7.5718e-01  3  9.2994e-01  9.3148e-01   2/2    2.3509e+01  1.0293e-13   2/3   -2.3239e+01 -2.6525e-07   3/2   -2.3239e+01  2.6524e-07   3/3    1.8991e+01  7.7155e-13
 1.1000e+00  3.6000e+00  3.8400e-01  2.0000e+00  2.0000e-01   2  7.1473e-01  7.5725e-01  3  9.2997e-01  9.3150e-01   2/2    2.3842e+01  1.1524e-13   2/3   -2.3630e+01 -2.0648e-07   3/2   -2.3630e+01  2.0648e-07   3/3    1.9459e+01  2.0638e-12
 1.1000e+00  3.6000e+00  3.8500e-01  2.0000e+00  2.0000e-01   2  7.1482e-01  7.5731e-01  3  9.3001e-01  9.3153e-01   2/2    2.4204e+01  9.3909e-14   2/3   -2.4053e+01 -1.9914e-07   3/2   -2.4053e+01  1.9914e-07   3/3    1.9964e+01 -1.7571e-12
 1.1000e+00  3.6000e+00  3.8600e-01  2.0000e+00  2.0000e-01   2  7.1492e-01  7.5737e-01  3  9.3004e-01  9.3155e-01   2/2    2.4598e+01  7.1252e-14   2/3   -2.4515e+01 -2.9885e-07   3/2   -2.4514e+01  2.9884e-07   3/3    2.0513e+01 -1.2067e-12
 1.1000e+00  3.6000e+00  3.8700e-01  2.0000e+00  2.0000e-01   2  7.1501e-01  7.5744e-01  3  9.3008e-01  9.3157e-01   2/2    2.5031e+01  1.7619e-13   2/3   -2.5020e+01 -3.4183e-07   3/2   -2.5019e+01  3.4183e-07   3/3    2.1112e+01  2.0078e-12
 1.1000e+00  3.6000e+00  3.8800e-01  2.0000e+00  2.0000e-01   2  7.1510e-01  7.5750e-01  3  9.3011e-01  9.3159e-01   2/2    2.5509e+01  1.6872e-13   2/3   -2.5577e+01 -2.9222e-07   3/2   -2.5577e+01  2.9222e-07   3/3    2.1772e+01  5.7182e-12
 1.1000e+00  3.6000e+00  3.8900e-01  2.0000e+00  2.0000e-01   2  7.1520e-01  7.5756e-01  3  9.3015e-01  9.3161e-01   2/2    1.2927e+01 -1.5302e-12   2/3   -1.1679e+01  1.1667e-06   3/2   -1.1679e+01 -1.1668e-06   3/3    6.4336e+00  5.8257e-12
 1.1000e+00  3.6000e+00  3.9000e-01  2.0000e+00  2.0000e-01   2  7.1529e-01  7.5762e-01  3  9.3018e-01  9.3164e-01   2/2    1.4338e+01 -4.0609e-13   2/3   -1.3245e+01  9.7455e-07   3/2   -1.3245e+01 -9.7457e-07   3/3    8.1835e+00  3.1103e-11
 1.1000e+00  3.6000e+00  3.9100e-01  2.0000e+00  2.0000e-01   2  7.1538e-01  7.5768e-01  3  9.3021e-01  9.3166e-01   2/2    1.5340e+01 -1.5120e-12   2/3   -1.4363e+01  7.3281e-07   3/2   -1.4364e+01 -7.3281e-07   3/3    9.4442e+00 -2.8092e-12
 1.1000e+00  3.6000e+00  3.9200e-01  2.0000e+00  2.0000e-01   2  7.1547e-01  7.5775e-01  3  9.3025e-01  9.3168e-01   2/2    1.6095e+01 -2.4116e-12   2/3   -1.5212e+01  4.5738e-07   3/2   -1.5213e+01 -4.5740e-07   3/3    1.0410e+01 -1.2096e-12
 1.1000e+00  3.6000e+00  3.9300e-01  2.0000e+00  2.0000e-01   2  7.1557e-01  7.5781e-01  3  9.3028e-01  9.3170e-01   2/2    1.6692e+01  5.0963e-14   2/3   -1.5886e+01  5.2785e-07   3/2   -1.5886e+01 -5.2784e-07   3/3    1.1184e+01 -7.0783e-12
 1.1000e+00  3.6000e+00  3.9400e-01  2.0000e+00  2.0000e-01   2  7.1566e-01  7.5787e-01  3  9.3031e-01  9.3172e-01   2/2    1.7178e+01  9.3067e-13   2/3   -1.6440e+01  7.8541e-07   3/2   -1.6440e+01 -7.8540e-07   3/3    1.1828e+01  4.3686e-12
 1.1000e+00  3.6000e+00  3.9500e-01  2.0000e+00  2.0000e-01   2  7.1575e-01  7.5793e-01  3  9.3035e-01  9.3174e-01   2/2    1.7584e+01  1.3263e-13   2/3   -1.6907e+01  6.1323e-07   3/2   -1.6907e+01 -6.1322e-07   3/3    1.2377e+01 -8.2240e-12
 1.1000e+00  3.6000e+00  4.0000e-01  2.0000e+00  2.0000e-01   2  7.1620e-01  7.5822e-01  3  9.3051e-01  9.3185e-01   2/2    1.8956e+01 -1.9730e-14   2/3   -1.8526e+01  6.6117e-07   3/2   -1.8526e+01 -6.6114e-07   3/3    1.4352e+01 -3.8349e-11
 1.1000e+00  3.6000e+00  4.1000e-01  2.0000e+00  2.0000e-01   2  7.1707e-01  7.5879e-01  3  9.3084e-01  9.3206e-01   2/2    2.0416e+01  6.0081e-13   2/3   -2.0392e+01  4.3586e-07   3/2   -2.0391e+01 -4.3585e-07   3/3    1.6855e+01 -2.5073e-12
 1.1000e+00  3.6000e+00  4.2000e-01  2.0000e+00  2.0000e-01   2  7.1790e-01  7.5934e-01  3  9.3115e-01  9.3225e-01   2/2    2.1267e+01  1.3219e-14   2/3   -2.1637e+01  3.9707e-07   3/2   -2.1637e+01 -3.9707e-07   3/3    1.8764e+01 -1.3665e-12
 1.1000e+00  3.6000e+00  4.3000e-01  2.0000e+00  2.0000e-01   2  7.1870e-01  7.5985e-01  3  9.3146e-01  9.3244e-01   2/2    2.1789e+01 -1.5509e-12   2/3   -2.2565e+01  3.8390e-07   3/2   -2.2566e+01 -3.8390e-07   3/3    2.0413e+01 -3.1128e-12
 1.1000e+00  3.6000e+00  4.4000e-01  2.0000e+00  2.0000e-01   2  7.1947e-01  7.6034e-01  3  9.3175e-01  9.3262e-01   2/2    2.2036e+01 -1.2604e-12   2/3   -2.3230e+01  5.5379e-07   3/2   -2.3230e+01 -5.5378e-07   3/3    2.1862e+01 -1.1353e-11
