  1   7  1.7857e+00 -3.3397e+00  1.7500e+00  0.0000e+00  2.1736e+00  2.2270e+00  2.2967e+00 -1  1  0.0000e+00
  1   7  1.7857e+00 -3.3397e+00  1.7500e+00  6.0000e-04  2.3016e+00  2.3616e+00  2.4400e+00 -1  1  1.6745e-03
  1   7  1.7857e+00 -3.3397e+00  1.7500e+00  1.2000e-03  2.4355e+00  2.5026e+00  2.5908e+00 -1  1  3.3432e-03
  1   7  1.7857e+00 -3.3397e+00  1.7500e+00  1.8000e-03  2.5753e+00  2.6504e+00  2.7493e+00 -1  1  5.0061e-03
  1   7  1.7857e+00 -3.3397e+00  1.7500e+00  2.4000e-03  2.7212e+00  2.8052e+00  2.9161e+00 -1  1  6.6634e-03
  1   7  1.7857e+00 -3.3397e+00  1.7500e+00  3.0000e-03  2.8736e+00  2.9674e+00  3.0916e+00 -1  1  8.3149e-03
  1   7  1.7857e+00 -3.3397e+00  1.7500e+00  3.6000e-03  3.0326e+00  3.1372e+00  3.2761e+00 -1  1  9.9607e-03
  1   7  1.7857e+00 -3.3397e+00  1.7500e+00  4.2000e-03  3.1985e+00  3.3150e+00  3.4702e+00 -1  1  1.1601e-02
  1   7  1.7857e+00 -3.3397e+00  1.7500e+00  4.8000e-03  3.3717e+00  3.5013e+00  3.6747e+00 -1  1  1.3235e-02
  1   7  1.7857e+00 -3.3397e+00  1.7500e+00  5.4000e-03  3.5525e+00  3.6966e+00  3.8900e+00 -1  1  1.4864e-02
  1   7  1.7857e+00 -3.3397e+00  1.7500e+00  6.0000e-03  3.7413e+00  3.9014e+00  4.1169e+00 -1  1  1.6487e-02
  1   7  1.7857e+00 -3.3397e+00  1.7500e+00  6.6000e-03  3.9385e+00  4.1162e+00  4.3564e+00 -1  1  1.8105e-02
  1   7  1.7857e+00 -3.3397e+00  1.7500e+00  7.2000e-03  4.1445e+00  4.3416e+00  4.6091e+00 -1  1  1.9717e-02
  1   7  1.7857e+00 -3.3397e+00  1.7500e+00  7.8000e-03  4.3600e+00  4.5785e+00  4.8762e+00 -1  1  2.1324e-02
  1   7  1.7857e+00 -3.3397e+00  1.7500e+00  8.4000e-03  4.5854e+00  4.8274e+00  5.1588e+00 -1  1  2.2925e-02
  1   7  1.7857e+00 -3.3397e+00  1.7500e+00  9.0000e-03  4.8213e+00  5.0894e+00  5.4581e+00 -1  1  2.4520e-02
  1   7  1.7857e+00 -3.3397e+00  1.7500e+00  9.6000e-03  5.0683e+00  5.3652e+00  5.7754e+00 -1  1  2.6110e-02
  1   7  1.7857e+00 -3.3397e+00  1.7500e+00  1.0200e-02  5.3273e+00  5.6559e+00  6.1123e+00 -1  1  2.7695e-02
  1   7  1.7857e+00 -3.3397e+00  1.7500e+00  1.0800e-02  5.5990e+00  5.9627e+00  6.4706e+00 -1  1  2.9274e-02
  1   7  1.7857e+00 -3.3397e+00  1.7500e+00  1.1400e-02  5.8841e+00  6.2867e+00  6.8520e+00 -1  1  3.0848e-02
  1   7  1.7857e+00 -3.3397e+00  1.7500e+00  1.2000e-02  6.1838e+00  6.6295e+00  7.2588e+00 -1  1  3.2416e-02
  1   7  1.7857e+00 -3.3397e+00  1.7500e+00  1.2600e-02  6.4990e+00  6.9924e+00  7.6935e+00 -1  1  3.3979e-02
  1   7  1.7857e+00 -3.3397e+00  1.7500e+00  1.3200e-02  6.8308e+00  7.3773e+00  8.1587e+00 -1  1  3.5536e-02
  1   7  1.7857e+00 -3.3397e+00  1.7500e+00  1.3800e-02  7.1805e+00  7.7861e+00  8.6577e+00 -1  1  3.7088e-02
  1   7  1.7857e+00 -3.3397e+00  1.7500e+00  1.4400e-02  7.5496e+00  8.2209e+00  9.1938e+00 -1  1  3.8635e-02
  1   7  1.7857e+00 -3.3397e+00  1.7500e+00  1.5000e-02  7.9395e+00  8.6841e+00  9.7714e+00 -1  1  4.0176e-02
  1   7  1.7857e+00 -3.3397e+00  1.7500e+00  1.5600e-02  8.3520e+00  9.1785e+00  1.0395e+01 -1  1  4.1712e-02
  1   7  1.7857e+00 -3.3397e+00  1.7500e+00  1.6200e-02  8.7890e+00  9.7073e+00  1.1070e+01 -1  1  4.3243e-02
  1   7  1.7857e+00 -3.3397e+00  1.7500e+00  1.6800e-02  9.2525e+00  1.0274e+01  1.1802e+01 -1  1  4.4768e-02
  1   7  1.7857e+00 -3.3397e+00  1.7500e+00  1.7400e-02  9.7452e+00  1.0882e+01  1.2599e+01 -1  1  4.6288e-02
  1   7  1.7857e+00 -3.3397e+00  1.7500e+00  1.8000e-02  1.0270e+01  1.1537e+01  1.3470e+01 -1  1  4.7803e-02
  1   7  1.7857e+00 -3.3397e+00  1.7500e+00  1.8600e-02  1.0829e+01  1.2244e+01  1.4424e+01 -1  1  4.9313e-02
  1   7  1.7857e+00 -3.3397e+00  1.7500e+00  1.9200e-02  1.1426e+01  1.3009e+01  1.5473e+01 -1  1  5.0818e-02
  1   7  1.7857e+00 -3.3397e+00  1.7500e+00  1.9800e-02  1.2065e+01  1.3839e+01  1.6630e+01 -1  1  5.2317e-02
  1   7  1.7857e+00 -3.3397e+00  1.7500e+00  2.0400e-02  1.2752e+01  1.4743e+01  1.7913e+01 -1  1  5.3811e-02
  1   7  1.7857e+00 -3.3397e+00  1.7500e+00  2.1000e-02  1.3489e+01  1.5730e+01  1.9342e+01 -1  1  5.5300e-02
  1   7  1.7857e+00 -3.3397e+00  1.7500e+00  2.1600e-02  1.4285e+01  1.6813e+01  2.0940e+01 -1  1  5.6784e-02
  1   7  1.7857e+00 -3.3397e+00  1.7500e+00  2.2200e-02  1.5145e+01  1.8005e+01  2.2737e+01 -1  1  5.8262e-02
  1   7  1.7857e+00 -3.3397e+00  1.7500e+00  2.2800e-02  1.6078e+01  1.9322e+01  2.4770e+01 -1  1  5.9736e-02
  1   7  1.7857e+00 -3.3397e+00  1.7500e+00  2.3400e-02  1.7093e+01  2.0787e+01  2.7083e+01 -1  1  6.1204e-02
  1   7  1.7857e+00 -3.3397e+00  1.7500e+00  2.4000e-02  1.8201e+01  2.2422e+01  2.9731e+01 -1  1  6.2667e-02
  1   7  1.7857e+00 -3.3397e+00  1.7500e+00  2.4600e-02  1.9415e+01  2.4260e+01  3.2785e+01 -1  1  6.4125e-02
  1   7  1.7857e+00 -3.3397e+00  1.7500e+00  2.5200e-02  2.0752e+01  2.6339e+01  3.6334e+01 -1  1  6.5578e-02
  1   7  1.7857e+00 -3.3397e+00  1.7500e+00  2.5800e-02  2.2229e+01  2.8706e+01  4.0489e+01 -1  1  6.7027e-02
  1   7  1.7857e+00 -3.3397e+00  1.7500e+00  2.6400e-02  2.3871e+01  3.1424e+01  4.5398e+01 -1  1  6.8470e-02
  1   7  1.7857e+00 -3.3397e+00  1.7500e+00  2.7000e-02  2.5707e+01  3.4574e+01  5.1248e+01 -1  1  6.9908e-02
  1   7  1.7857e+00 -3.3397e+00  1.7500e+00  2.7600e-02  2.7772e+01  3.8259e+01  5.8287e+01 -1  1  7.1340e-02
  1   7  1.7857e+00 -3.3397e+00  1.7500e+00  2.8200e-02  3.0111e+01  4.2621e+01  6.6844e+01 -1  1  7.2768e-02
  1   7  1.7857e+00 -3.3397e+00  1.7500e+00  2.8800e-02  3.2782e+01  4.7852e+01  7.7358e+01 -1  1  7.4191e-02
  1   7  1.7857e+00 -3.3397e+00  1.7500e+00  2.9400e-02  3.5861e+01  5.4216e+01  9.0424e+01 -1  1  7.5609e-02
  1   7  1.7857e+00 -3.3397e+00  1.7500e+00  3.0000e-02  3.9449e+01  6.2090e+01  1.0687e+02 -1  1  7.7022e-02
  1   7  1.7857e+00 -3.3397e+00  1.7500e+00  3.0600e-02  4.3680e+01  7.2021e+01  1.2784e+02 -1  1  7.8431e-02
  1   7  1.7857e+00 -3.3397e+00  1.7500e+00  3.1200e-02  4.8744e+01  8.4820e+01  1.5502e+02 -1  1  7.9834e-02
  1   7  1.7857e+00 -3.3397e+00  1.7500e+00  3.1800e-02  5.4911e+01  1.0173e+02  1.9089e+02 -1  1  8.1232e-02
  1   7  1.7857e+00 -3.3397e+00  1.7500e+00  3.2400e-02  6.2580e+01  1.2471e+02  2.3932e+02 -1  1  8.2625e-02
  1   7  1.7857e+00 -3.3397e+00  1.7500e+00  3.3000e-02  7.2372e+01  1.5696e+02  3.0652e+02 -1  1  8.4014e-02
  1   7  1.7857e+00 -3.3397e+00  1.7500e+00  3.3600e-02  8.5293e+01  2.0392e+02  4.0308e+02 -1  1  8.5397e-02
  1   7  1.7857e+00 -3.3397e+00  1.7500e+00  3.4200e-02  1.0310e+02  2.7533e+02  5.4816e+02 -1  1  8.6776e-02
  1   7  1.7857e+00 -3.3397e+00  1.7500e+00  3.4800e-02  1.2914e+02  3.9015e+02  7.7933e+02 -1  1  8.8150e-02
  1   7  1.7857e+00 -3.3397e+00  1.7500e+00  3.5400e-02  1.7056e+02  5.8937e+02  1.1785e+03 -1  1  8.9519e-02
  1   7  1.7857e+00 -3.3397e+00  1.7500e+00  3.6000e-02  2.4556e+02  9.7642e+02  1.9528e+03 -1  1  9.0883e-02
  1   7  1.7857e+00 -3.3397e+00  1.7500e+00  3.6600e-02  4.1419e+02  1.8788e+03  3.7576e+03 -1  1  9.2242e-02
  1   7  1.7857e+00 -3.3397e+00  1.7500e+00  3.7200e-02  9.7873e+02  4.8293e+03  9.6587e+03 -1  1  9.3596e-02
  1   7  1.7857e+00 -3.3397e+00  1.7500e+00  3.7800e-02  5.6469e+03  2.8234e+04  5.6469e+04 -1  1  9.4946e-02
