  1   7  1.7857e+00 -4.6470e+00  1.7500e+00  1.0010e+00  4.4918e+00  4.7719e+00  5.1615e+00 -1  1
  1   7  1.7857e+00 -4.6470e+00  1.7500e+00  1.0015e+00  4.5131e+00  4.7958e+00  5.1892e+00 -1  1
  1   7  1.7857e+00 -4.6470e+00  1.7500e+00  1.0020e+00  4.5345e+00  4.8198e+00  5.2170e+00 -1  1
  1   7  1.7857e+00 -4.6470e+00  1.7500e+00  1.0025e+00  4.5561e+00  4.8441e+00  5.2450e+00 -1  1
  1   7  1.7857e+00 -4.6470e+00  1.7500e+00  1.0030e+00  4.5778e+00  4.8684e+00  5.2733e+00 -1  1
  1   7  1.7857e+00 -4.6470e+00  1.7500e+00  1.0035e+00  4.5997e+00  4.8930e+00  5.3018e+00 -1  1
  1   7  1.7857e+00 -4.6470e+00  1.7500e+00  1.0040e+00  4.6217e+00  4.9178e+00  5.3305e+00 -1  1
  1   7  1.7857e+00 -4.6470e+00  1.7500e+00  1.0045e+00  4.6439e+00  4.9427e+00  5.3595e+00 -1  1
  1   7  1.7857e+00 -4.6470e+00  1.7500e+00  1.0050e+00  4.6662e+00  4.9678e+00  5.3887e+00 -1  1
  1   7  1.7857e+00 -4.6470e+00  1.7500e+00  1.0055e+00  4.6887e+00  4.9931e+00  5.4181e+00 -1  1
  1   7  1.7857e+00 -4.6470e+00  1.7500e+00  1.0060e+00  4.7113e+00  5.0186e+00  5.4478e+00 -1  1
  1   7  1.7857e+00 -4.6470e+00  1.7500e+00  1.0065e+00  4.7341e+00  5.0442e+00  5.4777e+00 -1  1
  1   7  1.7857e+00 -4.6470e+00  1.7500e+00  1.0070e+00  4.7571e+00  5.0701e+00  5.5078e+00 -1  1
  1   7  1.7857e+00 -4.6470e+00  1.7500e+00  1.0075e+00  4.7802e+00  5.0962e+00  5.5382e+00 -1  1
  1   7  1.7857e+00 -4.6470e+00  1.7500e+00  1.0080e+00  4.8034e+00  5.1224e+00  5.5689e+00 -1  1
  1   7  1.7857e+00 -4.6470e+00  1.7500e+00  1.0085e+00  4.8269e+00  5.1489e+00  5.5998e+00 -1  1
  1   7  1.7857e+00 -4.6470e+00  1.7500e+00  1.0090e+00  4.8505e+00  5.1755e+00  5.6309e+00 -1  1
  1   7  1.7857e+00 -4.6470e+00  1.7500e+00  1.0095e+00  4.8742e+00  5.2024e+00  5.6623e+00 -1  1
  1   7  1.7857e+00 -4.6470e+00  1.7500e+00  1.0100e+00  4.8981e+00  5.2294e+00  5.6940e+00 -1  1
  1   7  1.7857e+00 -4.6470e+00  1.7500e+00  1.0105e+00  4.9222e+00  5.2567e+00  5.7260e+00 -1  1
  1   7  1.7857e+00 -4.6470e+00  1.7500e+00  1.0110e+00  4.9465e+00  5.2842e+00  5.7582e+00 -1  1
  1   7  1.7857e+00 -4.6470e+00  1.7500e+00  1.0115e+00  4.9709e+00  5.3119e+00  5.7906e+00 -1  1
  1   7  1.7857e+00 -4.6470e+00  1.7500e+00  1.0120e+00  4.9956e+00  5.3398e+00  5.8234e+00 -1  1
  1   7  1.7857e+00 -4.6470e+00  1.7500e+00  1.0125e+00  5.0203e+00  5.3679e+00  5.8564e+00 -1  1
  1   7  1.7857e+00 -4.6470e+00  1.7500e+00  1.0130e+00  5.0453e+00  5.3962e+00  5.8897e+00 -1  1
  1   7  1.7857e+00 -4.6470e+00  1.7500e+00  1.0135e+00  5.0705e+00  5.4247e+00  5.9233e+00 -1  1
  1   7  1.7857e+00 -4.6470e+00  1.7500e+00  1.0140e+00  5.0958e+00  5.4535e+00  5.9572e+00 -1  1
  1   7  1.7857e+00 -4.6470e+00  1.7500e+00  1.0145e+00  5.1213e+00  5.4825e+00  5.9914e+00 -1  1
  1   7  1.7857e+00 -4.6470e+00  1.7500e+00  1.0150e+00  5.1470e+00  5.5117e+00  6.0259e+00 -1  1
  1   7  1.7857e+00 -4.6470e+00  1.7500e+00  1.0155e+00  5.1729e+00  5.5412e+00  6.0606e+00 -1  1
  1   7  1.7857e+00 -4.6470e+00  1.7500e+00  1.0160e+00  5.1989e+00  5.5709e+00  6.0957e+00 -1  1
  1   7  1.7857e+00 -4.6470e+00  1.7500e+00  1.0165e+00  5.2252e+00  5.6008e+00  6.1311e+00 -1  1
  1   7  1.7857e+00 -4.6470e+00  1.7500e+00  1.0170e+00  5.2517e+00  5.6310e+00  6.1668e+00 -1  1
  1   7  1.7857e+00 -4.6470e+00  1.7500e+00  1.0175e+00  5.2783e+00  5.6614e+00  6.2028e+00 -1  1
  1   7  1.7857e+00 -4.6470e+00  1.7500e+00  1.0180e+00  5.3052e+00  5.6920e+00  6.2391e+00 -1  1
  1   7  1.7857e+00 -4.6470e+00  1.7500e+00  1.0185e+00  5.3322e+00  5.7229e+00  6.2758e+00 -1  1
  1   7  1.7857e+00 -4.6470e+00  1.7500e+00  1.0190e+00  5.3595e+00  5.7541e+00  6.3127e+00 -1  1
  1   7  1.7857e+00 -4.6470e+00  1.7500e+00  1.0195e+00  5.3869e+00  5.7855e+00  6.3501e+00 -1  1
  1   7  1.7857e+00 -4.6470e+00  1.7500e+00  1.0200e+00  5.4146e+00  5.8171e+00  6.3877e+00 -1  1
  1   7  1.7857e+00 -4.6470e+00  1.7500e+00  1.0205e+00  5.4424e+00  5.8491e+00  6.4257e+00 -1  1
  1   7  1.7857e+00 -4.6470e+00  1.7500e+00  1.0210e+00  5.4705e+00  5.8812e+00  6.4640e+00 -1  1
  1   7  1.7857e+00 -4.6470e+00  1.7500e+00  1.0215e+00  5.4988e+00  5.9137e+00  6.5027e+00 -1  1
  1   7  1.7857e+00 -4.6470e+00  1.7500e+00  1.0220e+00  5.5273e+00  5.9464e+00  6.5417e+00 -1  1
  1   7  1.7857e+00 -4.6470e+00  1.7500e+00  1.0225e+00  5.5560e+00  5.9794e+00  6.5811e+00 -1  1
  1   7  1.7857e+00 -4.6470e+00  1.7500e+00  1.0230e+00  5.5850e+00  6.0126e+00  6.6208e+00 -1  1
  1   7  1.7857e+00 -4.6470e+00  1.7500e+00  1.0235e+00  5.6142e+00  6.0462e+00  6.6609e+00 -1  1
  1   7  1.7857e+00 -4.6470e+00  1.7500e+00  1.0240e+00  5.6435e+00  6.0800e+00  6.7014e+00 -1  1
  1   7  1.7857e+00 -4.6470e+00  1.7500e+00  1.0245e+00  5.6732e+00  6.1141e+00  6.7423e+00 -1  1
  1   7  1.7857e+00 -4.6470e+00  1.7500e+00  1.0250e+00  5.7030e+00  6.1485e+00  6.7835e+00 -1  1
  1   7  1.7857e+00 -4.6470e+00  1.7500e+00  1.0255e+00  5.7331e+00  6.1831e+00  6.8252e+00 -1  1
  1   7  1.7857e+00 -4.6470e+00  1.7500e+00  1.0260e+00  5.7634e+00  6.2181e+00  6.8672e+00 -1  1
  1   7  1.7857e+00 -4.6470e+00  1.7500e+00  1.0265e+00  5.7939e+00  6.2534e+00  6.9096e+00 -1  1
  1   7  1.7857e+00 -4.6470e+00  1.7500e+00  1.0270e+00  5.8247e+00  6.2890e+00  6.9524e+00 -1  1
  1   7  1.7857e+00 -4.6470e+00  1.7500e+00  1.0275e+00  5.8558e+00  6.3248e+00  6.9957e+00 -1  1
  1   7  1.7857e+00 -4.6470e+00  1.7500e+00  1.0280e+00  5.8870e+00  6.3610e+00  7.0393e+00 -1  1
  1   7  1.7857e+00 -4.6470e+00  1.7500e+00  1.0285e+00  5.9186e+00  6.3975e+00  7.0834e+00 -1  1
  1   7  1.7857e+00 -4.6470e+00  1.7500e+00  1.0290e+00  5.9503e+00  6.4344e+00  7.1279e+00 -1  1
  1   7  1.7857e+00 -4.6470e+00  1.7500e+00  1.0295e+00  5.9824e+00  6.4715e+00  7.1728e+00 -1  1
  1   7  1.7857e+00 -4.6470e+00  1.7500e+00  1.0300e+00  6.0147e+00  6.5090e+00  7.2182e+00 -1  1
  1   7  1.7857e+00 -4.6470e+00  1.7500e+00  1.0305e+00  6.0472e+00  6.5468e+00  7.2640e+00 -1  1
  1   7  1.7857e+00 -4.6470e+00  1.7500e+00  1.0310e+00  6.0800e+00  6.5849e+00  7.3102e+00 -1  1
  1   7  1.7857e+00 -4.6470e+00  1.7500e+00  1.0315e+00  6.1131e+00  6.6234e+00  7.3569e+00 -1  1
  1   7  1.7857e+00 -4.6470e+00  1.7500e+00  1.0320e+00  6.1464e+00  6.6622e+00  7.4041e+00 -1  1
  1   7  1.7857e+00 -4.6470e+00  1.7500e+00  1.0325e+00  6.1801e+00  6.7014e+00  7.4518e+00 -1  1
  1   7  1.7857e+00 -4.6470e+00  1.7500e+00  1.0330e+00  6.2139e+00  6.7409e+00  7.4999e+00 -1  1
  1   7  1.7857e+00 -4.6470e+00  1.7500e+00  1.0335e+00  6.2481e+00  6.7808e+00  7.5485e+00 -1  1
  1   7  1.7857e+00 -4.6470e+00  1.7500e+00  1.0340e+00  6.2826e+00  6.8210e+00  7.5976e+00 -1  1
  1   7  1.7857e+00 -4.6470e+00  1.7500e+00  1.0345e+00  6.3173e+00  6.8616e+00  7.6472e+00 -1  1
  1   7  1.7857e+00 -4.6470e+00  1.7500e+00  1.0350e+00  6.3523e+00  6.9026e+00  7.6973e+00 -1  1
  1   7  1.7857e+00 -4.6470e+00  1.7500e+00  1.0355e+00  6.3877e+00  6.9439e+00  7.7480e+00 -1  1
  1   7  1.7857e+00 -4.6470e+00  1.7500e+00  1.0360e+00  6.4233e+00  6.9856e+00  7.7991e+00 -1  1
  1   7  1.7857e+00 -4.6470e+00  1.7500e+00  1.0365e+00  6.4592e+00  7.0278e+00  7.8508e+00 -1  1
  1   7  1.7857e+00 -4.6470e+00  1.7500e+00  1.0370e+00  6.4954e+00  7.0703e+00  7.9030e+00 -1  1
  1   7  1.7857e+00 -4.6470e+00  1.7500e+00  1.0375e+00  6.5319e+00  7.1132e+00  7.9557e+00 -1  1
  1   7  1.7857e+00 -4.6470e+00  1.7500e+00  1.0380e+00  6.5688e+00  7.1565e+00  8.0090e+00 -1  1
  1   7  1.7857e+00 -4.6470e+00  1.7500e+00  1.0385e+00  6.6059e+00  7.2002e+00  8.0629e+00 -1  1
  1   7  1.7857e+00 -4.6470e+00  1.7500e+00  1.0390e+00  6.6434e+00  7.2443e+00  8.1173e+00 -1  1
  1   7  1.7857e+00 -4.6470e+00  1.7500e+00  1.0395e+00  6.6812e+00  7.2888e+00  8.1723e+00 -1  1
  1   7  1.7857e+00 -4.6470e+00  1.7500e+00  1.0400e+00  6.7193e+00  7.3338e+00  8.2279e+00 -1  1
  1   7  1.7857e+00 -4.6470e+00  1.7500e+00  1.0405e+00  6.7578e+00  7.3792e+00  8.2841e+00 -1  1
  1   7  1.7857e+00 -4.6470e+00  1.7500e+00  1.0410e+00  6.7966e+00  7.4250e+00  8.3409e+00 -1  1
  1   7  1.7857e+00 -4.6470e+00  1.7500e+00  1.0415e+00  6.8357e+00  7.4713e+00  8.3984e+00 -1  1
  1   7  1.7857e+00 -4.6470e+00  1.7500e+00  1.0420e+00  6.8752e+00  7.5180e+00  8.4564e+00 -1  1
  1   7  1.7857e+00 -4.6470e+00  1.7500e+00  1.0425e+00  6.9150e+00  7.5652e+00  8.5151e+00 -1  1
  1   7  1.7857e+00 -4.6470e+00  1.7500e+00  1.0430e+00  6.9551e+00  7.6129e+00  8.5744e+00 -1  1
  1   7  1.7857e+00 -4.6470e+00  1.7500e+00  1.0435e+00  6.9957e+00  7.6610e+00  8.6344e+00 -1  1
  1   7  1.7857e+00 -4.6470e+00  1.7500e+00  1.0440e+00  7.0365e+00  7.7096e+00  8.6950e+00 -1  1
  1   7  1.7857e+00 -4.6470e+00  1.7500e+00  1.0445e+00  7.0778e+00  7.7586e+00  8.7563e+00 -1  1
  1   7  1.7857e+00 -4.6470e+00  1.7500e+00  1.0450e+00  7.1194e+00  7.8082e+00  8.8184e+00 -1  1
  1   7  1.7857e+00 -4.6470e+00  1.7500e+00  1.0455e+00  7.1614e+00  7.8582e+00  8.8811e+00 -1  1
  1   7  1.7857e+00 -4.6470e+00  1.7500e+00  1.0460e+00  7.2038e+00  7.9088e+00  8.9445e+00 -1  1
  1   7  1.7857e+00 -4.6470e+00  1.7500e+00  1.0465e+00  7.2466e+00  7.9598e+00  9.0086e+00 -1  1
  1   7  1.7857e+00 -4.6470e+00  1.7500e+00  1.0470e+00  7.2897e+00  8.0114e+00  9.0735e+00 -1  1
  1   7  1.7857e+00 -4.6470e+00  1.7500e+00  1.0475e+00  7.3333e+00  8.0635e+00  9.1391e+00 -1  1
  1   7  1.7857e+00 -4.6470e+00  1.7500e+00  1.0480e+00  7.3772e+00  8.1162e+00  9.2055e+00 -1  1
  1   7  1.7857e+00 -4.6470e+00  1.7500e+00  1.0485e+00  7.4216e+00  8.1693e+00  9.2726e+00 -1  1
  1   7  1.7857e+00 -4.6470e+00  1.7500e+00  1.0490e+00  7.4663e+00  8.2231e+00  9.3406e+00 -1  1
  1   7  1.7857e+00 -4.6470e+00  1.7500e+00  1.0495e+00  7.5115e+00  8.2774e+00  9.4093e+00 -1  1
  1   7  1.7857e+00 -4.6470e+00  1.7500e+00  1.0500e+00  7.5571e+00  8.3322e+00  9.4788e+00 -1  1
  1   7  1.7857e+00 -4.6470e+00  1.7500e+00  1.0505e+00  7.6032e+00  8.3876e+00  9.5492e+00 -1  1
  1   7  1.7857e+00 -4.6470e+00  1.7500e+00  1.0510e+00  7.6497e+00  8.4437e+00  9.6204e+00 -1  1
  1   7  1.7857e+00 -4.6470e+00  1.7500e+00  1.0515e+00  7.6966e+00  8.5003e+00  9.6924e+00 -1  1
  1   7  1.7857e+00 -4.6470e+00  1.7500e+00  1.0520e+00  7.7440e+00  8.5575e+00  9.7654e+00 -1  1
  1   7  1.7857e+00 -4.6470e+00  1.7500e+00  1.0525e+00  7.7918e+00  8.6153e+00  9.8392e+00 -1  1
  1   7  1.7857e+00 -4.6470e+00  1.7500e+00  1.0530e+00  7.8400e+00  8.6737e+00  9.9139e+00 -1  1
  1   7  1.7857e+00 -4.6470e+00  1.7500e+00  1.0535e+00  7.8888e+00  8.7328e+00  9.9895e+00 -1  1
  1   7  1.7857e+00 -4.6470e+00  1.7500e+00  1.0540e+00  7.9380e+00  8.7925e+00  1.0066e+01 -1  1
  1   7  1.7857e+00 -4.6470e+00  1.7500e+00  1.0545e+00  7.9877e+00  8.8529e+00  1.0144e+01 -1  1
  1   7  1.7857e+00 -4.6470e+00  1.7500e+00  1.0550e+00  8.0379e+00  8.9139e+00  1.0222e+01 -1  1
  1   7  1.7857e+00 -4.6470e+00  1.7500e+00  1.0555e+00  8.0886e+00  8.9756e+00  1.0301e+01 -1  1
  1   7  1.7857e+00 -4.6470e+00  1.7500e+00  1.0560e+00  8.1398e+00  9.0380e+00  1.0382e+01 -1  1
  1   7  1.7857e+00 -4.6470e+00  1.7500e+00  1.0565e+00  8.1914e+00  9.1011e+00  1.0463e+01 -1  1
  1   7  1.7857e+00 -4.6470e+00  1.7500e+00  1.0570e+00  8.2436e+00  9.1648e+00  1.0546e+01 -1  1
  1   7  1.7857e+00 -4.6470e+00  1.7500e+00  1.0575e+00  8.2964e+00  9.2293e+00  1.0629e+01 -1  1
  1   7  1.7857e+00 -4.6470e+00  1.7500e+00  1.0580e+00  8.3496e+00  9.2946e+00  1.0714e+01 -1  1
  1   7  1.7857e+00 -4.6470e+00  1.7500e+00  1.0585e+00  8.4034e+00  9.3605e+00  1.0800e+01 -1  1
  1   7  1.7857e+00 -4.6470e+00  1.7500e+00  1.0590e+00  8.4578e+00  9.4273e+00  1.0887e+01 -1  1
  1   7  1.7857e+00 -4.6470e+00  1.7500e+00  1.0595e+00  8.5127e+00  9.4947e+00  1.0975e+01 -1  1
  1   7  1.7857e+00 -4.6470e+00  1.7500e+00  1.0600e+00  8.5681e+00  9.5630e+00  1.1064e+01 -1  1
  1   7  1.7857e+00 -4.6470e+00  1.7500e+00  1.0605e+00  8.6242e+00  9.6321e+00  1.1154e+01 -1  1
  1   7  1.7857e+00 -4.6470e+00  1.7500e+00  1.0610e+00  8.6808e+00  9.7019e+00  1.1246e+01 -1  1
  1   7  1.7857e+00 -4.6470e+00  1.7500e+00  1.0615e+00  8.7380e+00  9.7726e+00  1.1339e+01 -1  1
  1   7  1.7857e+00 -4.6470e+00  1.7500e+00  1.0620e+00  8.7958e+00  9.8441e+00  1.1433e+01 -1  1
  1   7  1.7857e+00 -4.6470e+00  1.7500e+00  1.0625e+00  8.8542e+00  9.9165e+00  1.1528e+01 -1  1
  1   7  1.7857e+00 -4.6470e+00  1.7500e+00  1.0630e+00  8.9132e+00  9.9897e+00  1.1624e+01 -1  1
  1   7  1.7857e+00 -4.6470e+00  1.7500e+00  1.0635e+00  8.9728e+00  1.0064e+01  1.1722e+01 -1  1
  1   7  1.7857e+00 -4.6470e+00  1.7500e+00  1.0640e+00  9.0331e+00  1.0139e+01  1.1822e+01 -1  1
  1   7  1.7857e+00 -4.6470e+00  1.7500e+00  1.0645e+00  9.0941e+00  1.0215e+01  1.1922e+01 -1  1
  1   7  1.7857e+00 -4.6470e+00  1.7500e+00  1.0650e+00  9.1556e+00  1.0292e+01  1.2024e+01 -1  1
  1   7  1.7857e+00 -4.6470e+00  1.7500e+00  1.0655e+00  9.2179e+00  1.0369e+01  1.2128e+01 -1  1
  1   7  1.7857e+00 -4.6470e+00  1.7500e+00  1.0660e+00  9.2808e+00  1.0448e+01  1.2233e+01 -1  1
  1   7  1.7857e+00 -4.6470e+00  1.7500e+00  1.0665e+00  9.3444e+00  1.0528e+01  1.2339e+01 -1  1
  1   7  1.7857e+00 -4.6470e+00  1.7500e+00  1.0670e+00  9.4088e+00  1.0609e+01  1.2447e+01 -1  1
  1   7  1.7857e+00 -4.6470e+00  1.7500e+00  1.0675e+00  9.4738e+00  1.0690e+01  1.2557e+01 -1  1
  1   7  1.7857e+00 -4.6470e+00  1.7500e+00  1.0680e+00  9.5395e+00  1.0773e+01  1.2668e+01 -1  1
  1   7  1.7857e+00 -4.6470e+00  1.7500e+00  1.0685e+00  9.6060e+00  1.0857e+01  1.2781e+01 -1  1
  1   7  1.7857e+00 -4.6470e+00  1.7500e+00  1.0690e+00  9.6732e+00  1.0942e+01  1.2896e+01 -1  1
  1   7  1.7857e+00 -4.6470e+00  1.7500e+00  1.0695e+00  9.7412e+00  1.1028e+01  1.3012e+01 -1  1
  1   7  1.7857e+00 -4.6470e+00  1.7500e+00  1.0700e+00  9.8100e+00  1.1115e+01  1.3130e+01 -1  1
  1   7  1.7857e+00 -4.6470e+00  1.7500e+00  1.0705e+00  9.8795e+00  1.1203e+01  1.3249e+01 -1  1
  1   7  1.7857e+00 -4.6470e+00  1.7500e+00  1.0710e+00  9.9499e+00  1.1292e+01  1.3371e+01 -1  1
  1   7  1.7857e+00 -4.6470e+00  1.7500e+00  1.0715e+00  1.0021e+01  1.1383e+01  1.3494e+01 -1  1
  1   7  1.7857e+00 -4.6470e+00  1.7500e+00  1.0720e+00  1.0093e+01  1.1475e+01  1.3619e+01 -1  1
  1   7  1.7857e+00 -4.6470e+00  1.7500e+00  1.0725e+00  1.0166e+01  1.1568e+01  1.3746e+01 -1  1
  1   7  1.7857e+00 -4.6470e+00  1.7500e+00  1.0730e+00  1.0239e+01  1.1662e+01  1.3876e+01 -1  1
  1   7  1.7857e+00 -4.6470e+00  1.7500e+00  1.0735e+00  1.0314e+01  1.1757e+01  1.4007e+01 -1  1
  1   7  1.7857e+00 -4.6470e+00  1.7500e+00  1.0740e+00  1.0389e+01  1.1854e+01  1.4140e+01 -1  1
  1   7  1.7857e+00 -4.6470e+00  1.7500e+00  1.0745e+00  1.0466e+01  1.1952e+01  1.4275e+01 -1  1
  1   7  1.7857e+00 -4.6470e+00  1.7500e+00  1.0750e+00  1.0543e+01  1.2052e+01  1.4413e+01 -1  1
  1   7  1.7857e+00 -4.6470e+00  1.7500e+00  1.0755e+00  1.0621e+01  1.2152e+01  1.4553e+01 -1  1
  1   7  1.7857e+00 -4.6470e+00  1.7500e+00  1.0760e+00  1.0700e+01  1.2255e+01  1.4695e+01 -1  1
  1   7  1.7857e+00 -4.6470e+00  1.7500e+00  1.0765e+00  1.0780e+01  1.2358e+01  1.4839e+01 -1  1
  1   7  1.7857e+00 -4.6470e+00  1.7500e+00  1.0770e+00  1.0861e+01  1.2463e+01  1.4986e+01 -1  1
  1   7  1.7857e+00 -4.6470e+00  1.7500e+00  1.0775e+00  1.0943e+01  1.2570e+01  1.5135e+01 -1  1
  1   7  1.7857e+00 -4.6470e+00  1.7500e+00  1.0780e+00  1.1026e+01  1.2678e+01  1.5286e+01 -1  1
  1   7  1.7857e+00 -4.6470e+00  1.7500e+00  1.0785e+00  1.1111e+01  1.2788e+01  1.5440e+01 -1  1
  1   7  1.7857e+00 -4.6470e+00  1.7500e+00  1.0790e+00  1.1196e+01  1.2899e+01  1.5597e+01 -1  1
  1   7  1.7857e+00 -4.6470e+00  1.7500e+00  1.0795e+00  1.1282e+01  1.3012e+01  1.5757e+01 -1  1
  1   7  1.7857e+00 -4.6470e+00  1.7500e+00  1.0800e+00  1.1369e+01  1.3127e+01  1.5919e+01 -1  1
  1   7  1.7857e+00 -4.6470e+00  1.7500e+00  1.0805e+00  1.1458e+01  1.3243e+01  1.6084e+01 -1  1
  1   7  1.7857e+00 -4.6470e+00  1.7500e+00  1.0810e+00  1.1547e+01  1.3361e+01  1.6252e+01 -1  1
  1   7  1.7857e+00 -4.6470e+00  1.7500e+00  1.0815e+00  1.1638e+01  1.3481e+01  1.6423e+01 -1  1
  1   7  1.7857e+00 -4.6470e+00  1.7500e+00  1.0820e+00  1.1730e+01  1.3603e+01  1.6596e+01 -1  1
  1   7  1.7857e+00 -4.6470e+00  1.7500e+00  1.0825e+00  1.1823e+01  1.3726e+01  1.6773e+01 -1  1
  1   7  1.7857e+00 -4.6470e+00  1.7500e+00  1.0830e+00  1.1918e+01  1.3851e+01  1.6953e+01 -1  1
  1   7  1.7857e+00 -4.6470e+00  1.7500e+00  1.0835e+00  1.2013e+01  1.3979e+01  1.7137e+01 -1  1
  1   7  1.7857e+00 -4.6470e+00  1.7500e+00  1.0840e+00  1.2110e+01  1.4108e+01  1.7324e+01 -1  1
  1   7  1.7857e+00 -4.6470e+00  1.7500e+00  1.0845e+00  1.2208e+01  1.4239e+01  1.7514e+01 -1  1
  1   7  1.7857e+00 -4.6470e+00  1.7500e+00  1.0850e+00  1.2308e+01  1.4373e+01  1.7708e+01 -1  1
  1   7  1.7857e+00 -4.6470e+00  1.7500e+00  1.0855e+00  1.2409e+01  1.4508e+01  1.7905e+01 -1  1
  1   7  1.7857e+00 -4.6470e+00  1.7500e+00  1.0860e+00  1.2511e+01  1.4646e+01  1.8106e+01 -1  1
  1   7  1.7857e+00 -4.6470e+00  1.7500e+00  1.0865e+00  1.2614e+01  1.4786e+01  1.8311e+01 -1  1
  1   7  1.7857e+00 -4.6470e+00  1.7500e+00  1.0870e+00  1.2720e+01  1.4928e+01  1.8520e+01 -1  1
  1   7  1.7857e+00 -4.6470e+00  1.7500e+00  1.0875e+00  1.2826e+01  1.5073e+01  1.8733e+01 -1  1
  1   7  1.7857e+00 -4.6470e+00  1.7500e+00  1.0880e+00  1.2934e+01  1.5219e+01  1.8950e+01 -1  1
  1   7  1.7857e+00 -4.6470e+00  1.7500e+00  1.0885e+00  1.3044e+01  1.5369e+01  1.9171e+01 -1  1
  1   7  1.7857e+00 -4.6470e+00  1.7500e+00  1.0890e+00  1.3155e+01  1.5521e+01  1.9397e+01 -1  1
  1   7  1.7857e+00 -4.6470e+00  1.7500e+00  1.0895e+00  1.3268e+01  1.5675e+01  1.9627e+01 -1  1
  1   7  1.7857e+00 -4.6470e+00  1.7500e+00  1.0900e+00  1.3382e+01  1.5832e+01  1.9862e+01 -1  1
  1   7  1.7857e+00 -4.6470e+00  1.7500e+00  1.0905e+00  1.3498e+01  1.5992e+01  2.0101e+01 -1  1
  1   7  1.7857e+00 -4.6470e+00  1.7500e+00  1.0910e+00  1.3616e+01  1.6155e+01  2.0346e+01 -1  1
  1   7  1.7857e+00 -4.6470e+00  1.7500e+00  1.0915e+00  1.3735e+01  1.6320e+01  2.0595e+01 -1  1
  1   7  1.7857e+00 -4.6470e+00  1.7500e+00  1.0920e+00  1.3857e+01  1.6488e+01  2.0850e+01 -1  1
  1   7  1.7857e+00 -4.6470e+00  1.7500e+00  1.0925e+00  1.3980e+01  1.6660e+01  2.1110e+01 -1  1
  1   7  1.7857e+00 -4.6470e+00  1.7500e+00  1.0930e+00  1.4105e+01  1.6834e+01  2.1376e+01 -1  1
  1   7  1.7857e+00 -4.6470e+00  1.7500e+00  1.0935e+00  1.4232e+01  1.7012e+01  2.1647e+01 -1  1
  1   7  1.7857e+00 -4.6470e+00  1.7500e+00  1.0940e+00  1.4360e+01  1.7192e+01  2.1924e+01 -1  1
  1   7  1.7857e+00 -4.6470e+00  1.7500e+00  1.0945e+00  1.4491e+01  1.7377e+01  2.2208e+01 -1  1
  1   7  1.7857e+00 -4.6470e+00  1.7500e+00  1.0950e+00  1.4624e+01  1.7564e+01  2.2497e+01 -1  1
  1   7  1.7857e+00 -4.6470e+00  1.7500e+00  1.0955e+00  1.4759e+01  1.7755e+01  2.2793e+01 -1  1
  1   7  1.7857e+00 -4.6470e+00  1.7500e+00  1.0960e+00  1.4896e+01  1.7950e+01  2.3096e+01 -1  1
  1   7  1.7857e+00 -4.6470e+00  1.7500e+00  1.0965e+00  1.5035e+01  1.8148e+01  2.3405e+01 -1  1
  1   7  1.7857e+00 -4.6470e+00  1.7500e+00  1.0970e+00  1.5176e+01  1.8350e+01  2.3722e+01 -1  1
  1   7  1.7857e+00 -4.6470e+00  1.7500e+00  1.0975e+00  1.5320e+01  1.8556e+01  2.4045e+01 -1  1
  1   7  1.7857e+00 -4.6470e+00  1.7500e+00  1.0980e+00  1.5466e+01  1.8767e+01  2.4377e+01 -1  1
  1   7  1.7857e+00 -4.6470e+00  1.7500e+00  1.0985e+00  1.5614e+01  1.8981e+01  2.4716e+01 -1  1
  1   7  1.7857e+00 -4.6470e+00  1.7500e+00  1.0990e+00  1.5765e+01  1.9199e+01  2.5063e+01 -1  1
  1   7  1.7857e+00 -4.6470e+00  1.7500e+00  1.0995e+00  1.5919e+01  1.9422e+01  2.5418e+01 -1  1
  1   7  1.7857e+00 -4.6470e+00  1.7500e+00  1.1000e+00  1.6075e+01  1.9650e+01  2.5782e+01 -1  1
  1   7  1.7857e+00 -4.6470e+00  1.7500e+00  1.1005e+00  1.6233e+01  1.9882e+01  2.6155e+01 -1  1
  1   7  1.7857e+00 -4.6470e+00  1.7500e+00  1.1010e+00  1.6395e+01  2.0119e+01  2.6538e+01 -1  1
  1   7  1.7857e+00 -4.6470e+00  1.7500e+00  1.1015e+00  1.6559e+01  2.0361e+01  2.6929e+01 -1  1
  1   7  1.7857e+00 -4.6470e+00  1.7500e+00  1.1020e+00  1.6726e+01  2.0608e+01  2.7331e+01 -1  1
  1   7  1.7857e+00 -4.6470e+00  1.7500e+00  1.1025e+00  1.6896e+01  2.0860e+01  2.7742e+01 -1  1
  1   7  1.7857e+00 -4.6470e+00  1.7500e+00  1.1030e+00  1.7068e+01  2.1118e+01  2.8165e+01 -1  1
  1   7  1.7857e+00 -4.6470e+00  1.7500e+00  1.1035e+00  1.7244e+01  2.1382e+01  2.8598e+01 -1  1
  1   7  1.7857e+00 -4.6470e+00  1.7500e+00  1.1040e+00  1.7424e+01  2.1651e+01  2.9042e+01 -1  1
  1   7  1.7857e+00 -4.6470e+00  1.7500e+00  1.1045e+00  1.7606e+01  2.1926e+01  2.9498e+01 -1  1
  1   7  1.7857e+00 -4.6470e+00  1.7500e+00  1.1050e+00  1.7792e+01  2.2207e+01  2.9967e+01 -1  1
  1   7  1.7857e+00 -4.6470e+00  1.7500e+00  1.1055e+00  1.7981e+01  2.2495e+01  3.0448e+01 -1  1
  1   7  1.7857e+00 -4.6470e+00  1.7500e+00  1.1060e+00  1.8173e+01  2.2789e+01  3.0942e+01 -1  1
  1   7  1.7857e+00 -4.6470e+00  1.7500e+00  1.1065e+00  1.8370e+01  2.3090e+01  3.1450e+01 -1  1
  1   7  1.7857e+00 -4.6470e+00  1.7500e+00  1.1070e+00  1.8570e+01  2.3399e+01  3.1972e+01 -1  1
  1   7  1.7857e+00 -4.6470e+00  1.7500e+00  1.1075e+00  1.8774e+01  2.3714e+01  3.2509e+01 -1  1
  1   7  1.7857e+00 -4.6470e+00  1.7500e+00  1.1080e+00  1.8981e+01  2.4037e+01  3.3061e+01 -1  1
  1   7  1.7857e+00 -4.6470e+00  1.7500e+00  1.1085e+00  1.9193e+01  2.4368e+01  3.3628e+01 -1  1
  1   7  1.7857e+00 -4.6470e+00  1.7500e+00  1.1090e+00  1.9409e+01  2.4707e+01  3.4213e+01 -1  1
  1   7  1.7857e+00 -4.6470e+00  1.7500e+00  1.1095e+00  1.9629e+01  2.5055e+01  3.4814e+01 -1  1
  1   7  1.7857e+00 -4.6470e+00  1.7500e+00  1.1100e+00  1.9854e+01  2.5411e+01  3.5434e+01 -1  1
  1   7  1.7857e+00 -4.6470e+00  1.7500e+00  1.1105e+00  2.0083e+01  2.5776e+01  3.6071e+01 -1  1
  1   7  1.7857e+00 -4.6470e+00  1.7500e+00  1.1110e+00  2.0317e+01  2.6150e+01  3.6729e+01 -1  1
  1   7  1.7857e+00 -4.6470e+00  1.7500e+00  1.1115e+00  2.0556e+01  2.6535e+01  3.7406e+01 -1  1
  1   7  1.7857e+00 -4.6470e+00  1.7500e+00  1.1120e+00  2.0800e+01  2.6929e+01  3.8105e+01 -1  1
  1   7  1.7857e+00 -4.6470e+00  1.7500e+00  1.1125e+00  2.1049e+01  2.7334e+01  3.8825e+01 -1  1
  1   7  1.7857e+00 -4.6470e+00  1.7500e+00  1.1130e+00  2.1303e+01  2.7749e+01  3.9568e+01 -1  1
  1   7  1.7857e+00 -4.6470e+00  1.7500e+00  1.1135e+00  2.1563e+01  2.8176e+01  4.0335e+01 -1  1
  1   7  1.7857e+00 -4.6470e+00  1.7500e+00  1.1140e+00  2.1829e+01  2.8615e+01  4.1127e+01 -1  1
  1   7  1.7857e+00 -4.6470e+00  1.7500e+00  1.1145e+00  2.2100e+01  2.9066e+01  4.1945e+01 -1  1
  1   7  1.7857e+00 -4.6470e+00  1.7500e+00  1.1150e+00  2.2377e+01  2.9530e+01  4.2791e+01 -1  1
  1   7  1.7857e+00 -4.6470e+00  1.7500e+00  1.1155e+00  2.2661e+01  3.0008e+01  4.3664e+01 -1  1
  1   7  1.7857e+00 -4.6470e+00  1.7500e+00  1.1160e+00  2.2951e+01  3.0499e+01  4.4568e+01 -1  1
  1   7  1.7857e+00 -4.6470e+00  1.7500e+00  1.1165e+00  2.3248e+01  3.1004e+01  4.5502e+01 -1  1
  1   7  1.7857e+00 -4.6470e+00  1.7500e+00  1.1170e+00  2.3551e+01  3.1525e+01  4.6469e+01 -1  1
  1   7  1.7857e+00 -4.6470e+00  1.7500e+00  1.1175e+00  2.3862e+01  3.2061e+01  4.7470e+01 -1  1
  1   7  1.7857e+00 -4.6470e+00  1.7500e+00  1.1180e+00  2.4180e+01  3.2614e+01  4.8506e+01 -1  1
  1   7  1.7857e+00 -4.6470e+00  1.7500e+00  1.1185e+00  2.4506e+01  3.3184e+01  4.9580e+01 -1  1
  1   7  1.7857e+00 -4.6470e+00  1.7500e+00  1.1190e+00  2.4840e+01  3.3772e+01  5.0693e+01 -1  1
  1   7  1.7857e+00 -4.6470e+00  1.7500e+00  1.1195e+00  2.5182e+01  3.4379e+01  5.1847e+01 -1  1
  1   7  1.7857e+00 -4.6470e+00  1.7500e+00  1.1200e+00  2.5533e+01  3.5005e+01  5.3044e+01 -1  1
  1   7  1.7857e+00 -4.6470e+00  1.7500e+00  1.1205e+00  2.5892e+01  3.5652e+01  5.4287e+01 -1  1
  1   7  1.7857e+00 -4.6470e+00  1.7500e+00  1.1210e+00  2.6261e+01  3.6321e+01  5.5577e+01 -1  1
  1   7  1.7857e+00 -4.6470e+00  1.7500e+00  1.1215e+00  2.6639e+01  3.7013e+01  5.6917e+01 -1  1
  1   7  1.7857e+00 -4.6470e+00  1.7500e+00  1.1220e+00  2.7028e+01  3.7728e+01  5.8310e+01 -1  1
  1   7  1.7857e+00 -4.6470e+00  1.7500e+00  1.1225e+00  2.7426e+01  3.8468e+01  5.9758e+01 -1  1
  1   7  1.7857e+00 -4.6470e+00  1.7500e+00  1.1230e+00  2.7836e+01  3.9235e+01  6.1264e+01 -1  1
  1   7  1.7857e+00 -4.6470e+00  1.7500e+00  1.1235e+00  2.8256e+01  4.0029e+01  6.2831e+01 -1  1
  1   7  1.7857e+00 -4.6470e+00  1.7500e+00  1.1240e+00  2.8689e+01  4.0852e+01  6.4463e+01 -1  1
  1   7  1.7857e+00 -4.6470e+00  1.7500e+00  1.1245e+00  2.9133e+01  4.1706e+01  6.6163e+01 -1  1
  1   7  1.7857e+00 -4.6470e+00  1.7500e+00  1.1250e+00  2.9590e+01  4.2592e+01  6.7935e+01 -1  1
  1   7  1.7857e+00 -4.6470e+00  1.7500e+00  1.1255e+00  3.0061e+01  4.3513e+01  6.9783e+01 -1  1
  1   7  1.7857e+00 -4.6470e+00  1.7500e+00  1.1260e+00  3.0545e+01  4.4469e+01  7.1711e+01 -1  1
  1   7  1.7857e+00 -4.6470e+00  1.7500e+00  1.1265e+00  3.1044e+01  4.5463e+01  7.3723e+01 -1  1
  1   7  1.7857e+00 -4.6470e+00  1.7500e+00  1.1270e+00  3.1557e+01  4.6498e+01  7.5826e+01 -1  1
  1   7  1.7857e+00 -4.6470e+00  1.7500e+00  1.1275e+00  3.2087e+01  4.7575e+01  7.8023e+01 -1  1
  1   7  1.7857e+00 -4.6470e+00  1.7500e+00  1.1280e+00  3.2633e+01  4.8697e+01  8.0320e+01 -1  1
  1   7  1.7857e+00 -4.6470e+00  1.7500e+00  1.1285e+00  3.3196e+01  4.9867e+01  8.2724e+01 -1  1
  1   7  1.7857e+00 -4.6470e+00  1.7500e+00  1.1290e+00  3.3777e+01  5.1088e+01  8.5240e+01 -1  1
  1   7  1.7857e+00 -4.6470e+00  1.7500e+00  1.1295e+00  3.4378e+01  5.2363e+01  8.7876e+01 -1  1
  1   7  1.7857e+00 -4.6470e+00  1.7500e+00  1.1300e+00  3.4998e+01  5.3695e+01  9.0640e+01 -1  1
  1   7  1.7857e+00 -4.6470e+00  1.7500e+00  1.1305e+00  3.5639e+01  5.5089e+01  9.3538e+01 -1  1
  1   7  1.7857e+00 -4.6470e+00  1.7500e+00  1.1310e+00  3.6302e+01  5.6547e+01  9.6581e+01 -1  1
  1   7  1.7857e+00 -4.6470e+00  1.7500e+00  1.1315e+00  3.6989e+01  5.8075e+01  9.9776e+01 -1  1
  1   7  1.7857e+00 -4.6470e+00  1.7500e+00  1.1320e+00  3.7699e+01  5.9677e+01  1.0313e+02 -1  1
  1   7  1.7857e+00 -4.6470e+00  1.7500e+00  1.1325e+00  3.8436e+01  6.1359e+01  1.0667e+02 -1  1
  1   7  1.7857e+00 -4.6470e+00  1.7500e+00  1.1330e+00  3.9199e+01  6.3125e+01  1.1038e+02 -1  1
  1   7  1.7857e+00 -4.6470e+00  1.7500e+00  1.1335e+00  3.9992e+01  6.4983e+01  1.1430e+02 -1  1
  1   7  1.7857e+00 -4.6470e+00  1.7500e+00  1.1340e+00  4.0814e+01  6.6938e+01  1.1843e+02 -1  1
  1   7  1.7857e+00 -4.6470e+00  1.7500e+00  1.1345e+00  4.1669e+01  6.8998e+01  1.2279e+02 -1  1
  1   7  1.7857e+00 -4.6470e+00  1.7500e+00  1.1350e+00  4.2557e+01  7.1171e+01  1.2739e+02 -1  1
  1   7  1.7857e+00 -4.6470e+00  1.7500e+00  1.1355e+00  4.3481e+01  7.3466e+01  1.3225e+02 -1  1
  1   7  1.7857e+00 -4.6470e+00  1.7500e+00  1.1360e+00  4.4444e+01  7.5891e+01  1.3739e+02 -1  1
  1   7  1.7857e+00 -4.6470e+00  1.7500e+00  1.1365e+00  4.5447e+01  7.8459e+01  1.4283e+02 -1  1
  1   7  1.7857e+00 -4.6470e+00  1.7500e+00  1.1370e+00  4.6494e+01  8.1179e+01  1.4860e+02 -1  1
  1   7  1.7857e+00 -4.6470e+00  1.7500e+00  1.1375e+00  4.7586e+01  8.4066e+01  1.5473e+02 -1  1
  1   7  1.7857e+00 -4.6470e+00  1.7500e+00  1.1380e+00  4.8728e+01  8.7133e+01  1.6123e+02 -1  1
  1   7  1.7857e+00 -4.6470e+00  1.7500e+00  1.1385e+00  4.9922e+01  9.0395e+01  1.6814e+02 -1  1
  1   7  1.7857e+00 -4.6470e+00  1.7500e+00  1.1390e+00  5.1172e+01  9.3870e+01  1.7550e+02 -1  1
  1   7  1.7857e+00 -4.6470e+00  1.7500e+00  1.1395e+00  5.2483e+01  9.7578e+01  1.8333e+02 -1  1
  1   7  1.7857e+00 -4.6470e+00  1.7500e+00  1.1400e+00  5.3858e+01  1.0154e+02  1.9170e+02 -1  1
  1   7  1.7857e+00 -4.6470e+00  1.7500e+00  1.1405e+00  5.5303e+01  1.0578e+02  2.0063e+02 -1  1
  1   7  1.7857e+00 -4.6470e+00  1.7500e+00  1.1410e+00  5.6823e+01  1.1032e+02  2.1019e+02 -1  1
  1   7  1.7857e+00 -4.6470e+00  1.7500e+00  1.1415e+00  5.8424e+01  1.1519e+02  2.2043e+02 -1  1
  1   7  1.7857e+00 -4.6470e+00  1.7500e+00  1.1420e+00  6.0112e+01  1.2043e+02  2.3142e+02 -1  1
  1   7  1.7857e+00 -4.6470e+00  1.7500e+00  1.1425e+00  6.1895e+01  1.2608e+02  2.4322e+02 -1  1
  1   7  1.7857e+00 -4.6470e+00  1.7500e+00  1.1430e+00  6.3781e+01  1.3217e+02  2.5593e+02 -1  1
  1   7  1.7857e+00 -4.6470e+00  1.7500e+00  1.1435e+00  6.5779e+01  1.3875e+02  2.6963e+02 -1  1
  1   7  1.7857e+00 -4.6470e+00  1.7500e+00  1.1440e+00  6.7899e+01  1.4588e+02  2.8443e+02 -1  1
  1   7  1.7857e+00 -4.6470e+00  1.7500e+00  1.1445e+00  7.0153e+01  1.5362e+02  3.0045e+02 -1  1
  1   7  1.7857e+00 -4.6470e+00  1.7500e+00  1.1450e+00  7.2554e+01  1.6203e+02  3.1782e+02 -1  1
  1   7  1.7857e+00 -4.6470e+00  1.7500e+00  1.1455e+00  7.5117e+01  1.7120e+02  3.3670e+02 -1  1
  1   7  1.7857e+00 -4.6470e+00  1.7500e+00  1.1460e+00  7.7858e+01  1.8122e+02  3.5726e+02 -1  1
  1   7  1.7857e+00 -4.6470e+00  1.7500e+00  1.1465e+00  8.0795e+01  1.9219e+02  3.7971e+02 -1  1
  1   7  1.7857e+00 -4.6470e+00  1.7500e+00  1.1470e+00  8.3952e+01  2.0422e+02  4.0429e+02 -1  1
  1   7  1.7857e+00 -4.6470e+00  1.7500e+00  1.1475e+00  8.7354e+01  2.1747e+02  4.3128e+02 -1  1
  1   7  1.7857e+00 -4.6470e+00  1.7500e+00  1.1480e+00  9.1028e+01  2.3209e+02  4.6098e+02 -1  1
  1   7  1.7857e+00 -4.6470e+00  1.7500e+00  1.1485e+00  9.5010e+01  2.4827e+02  4.9378e+02 -1  1
  1   7  1.7857e+00 -4.6470e+00  1.7500e+00  1.1490e+00  9.9339e+01  2.6624e+02  5.3013e+02 -1  1
  1   7  1.7857e+00 -4.6470e+00  1.7500e+00  1.1495e+00  1.0406e+02  2.8625e+02  5.7053e+02 -1  1
  1   7  1.7857e+00 -4.6470e+00  1.7500e+00  1.1500e+00  1.0923e+02  3.0863e+02  6.1563e+02 -1  1
  1   7  1.7857e+00 -4.6470e+00  1.7500e+00  1.1505e+00  1.1492e+02  3.3374e+02  6.6617e+02 -1  1
  1   7  1.7857e+00 -4.6470e+00  1.7500e+00  1.1510e+00  1.2120e+02  3.6205e+02  7.2305e+02 -1  1
  1   7  1.7857e+00 -4.6470e+00  1.7500e+00  1.1515e+00  1.2818e+02  3.9410e+02  7.8739e+02 -1  1
  1   7  1.7857e+00 -4.6470e+00  1.7500e+00  1.1520e+00  1.3596e+02  4.3056e+02  8.6052e+02 -1  1
  1   7  1.7857e+00 -4.6470e+00  1.7500e+00  1.1525e+00  1.4470e+02  4.7228e+02  9.4413e+02 -1  1
  1   7  1.7857e+00 -4.6470e+00  1.7500e+00  1.1530e+00  1.5458e+02  5.2030e+02  1.0403e+03 -1  1
  1   7  1.7857e+00 -4.6470e+00  1.7500e+00  1.1535e+00  1.6583e+02  5.7593e+02  1.1517e+03 -1  1
  1   7  1.7857e+00 -4.6470e+00  1.7500e+00  1.1540e+00  1.7874e+02  6.4085e+02  1.2816e+03 -1  1
  1   7  1.7857e+00 -4.6470e+00  1.7500e+00  1.1545e+00  1.9371e+02  7.1723e+02  1.4344e+03 -1  1
  1   7  1.7857e+00 -4.6470e+00  1.7500e+00  1.1550e+00  2.1123e+02  8.0792e+02  1.6158e+03 -1  1
  1   7  1.7857e+00 -4.6470e+00  1.7500e+00  1.1555e+00  2.3200e+02  9.1669e+02  1.8334e+03 -1  1
  1   7  1.7857e+00 -4.6470e+00  1.7500e+00  1.1560e+00  2.5694e+02  1.0487e+03  2.0973e+03 -1  1
  1   7  1.7857e+00 -4.6470e+00  1.7500e+00  1.1565e+00  2.8737e+02  1.2109e+03  2.4218e+03 -1  1
  1   7  1.7857e+00 -4.6470e+00  1.7500e+00  1.1570e+00  3.2517e+02  1.4134e+03  2.8269e+03 -1  1
  1   7  1.7857e+00 -4.6470e+00  1.7500e+00  1.1575e+00  3.7311e+02  1.6707e+03  3.3413e+03 -1  1
  1   7  1.7857e+00 -4.6470e+00  1.7500e+00  1.1580e+00  4.3542e+02  2.0042e+03  4.0084e+03 -1  1
  1   7  1.7857e+00 -4.6470e+00  1.7500e+00  1.1585e+00  5.1874e+02  2.4473e+03  4.8947e+03 -1  1
  1   7  1.7857e+00 -4.6470e+00  1.7500e+00  1.1590e+00  6.3392e+02  3.0538e+03  6.1077e+03 -1  1
  1   7  1.7857e+00 -4.6470e+00  1.7500e+00  1.1595e+00  7.9954e+02  3.9148e+03  7.8296e+03 -1  1
  1   7  1.7857e+00 -4.6470e+00  1.7500e+00  1.1600e+00  1.0492e+03  5.1950e+03  1.0390e+04 -1  1
  1   7  1.7857e+00 -4.6470e+00  1.7500e+00  1.1605e+00  1.4484e+03  7.2174e+03  1.4435e+04 -1  1
  1   7  1.7857e+00 -4.6470e+00  1.7500e+00  1.1610e+00  2.1393e+03  1.0689e+04  2.1377e+04 -1  1
  1   7  1.7857e+00 -4.6470e+00  1.7500e+00  1.1615e+00  3.4820e+03  1.7409e+04  3.4818e+04 -1  1
  1   7  1.7857e+00 -4.6470e+00  1.7500e+00  1.1620e+00  6.6346e+03  3.3173e+04  6.6346e+04 -1  1
