  0   1  1.7857e+00 -3.3397e+00  1.2500e-01 -1.0284e+00 -1.0168e+00 -1.0025e+00  0  0
  0   2  1.7857e+00 -3.3397e+00  2.5000e-01 -1.1327e+00 -1.1186e+00 -1.1013e+00  0  0
  0   3  1.7857e+00 -3.3397e+00  3.7500e-01 -1.2666e+00 -1.2490e+00 -1.2275e+00  0  0
  0   4  1.7857e+00 -3.3397e+00  5.0000e-01 -1.4223e+00 -1.4001e+00 -1.3731e+00  0  0
  0   5  1.7857e+00 -3.3397e+00  6.2500e-01 -1.5957e+00 -1.5677e+00 -1.5339e+00  0  0
  0   6  1.7857e+00 -3.3397e+00  7.5000e-01 -1.7842e+00 -1.7493e+00 -1.7072e+00  0  0
  0   7  1.7857e+00 -3.3397e+00  8.7500e-01 -1.9861e+00 -1.9430e+00 -1.8911e+00  0  0
  0   8  1.7857e+00 -3.3397e+00  1.0000e+00 -2.2002e+00 -2.1473e+00 -2.0841e+00  0  0
  0   9  1.7857e+00 -3.3397e+00  1.1250e+00 -2.4252e+00 -2.3611e+00 -2.2847e+00  0  0
  0  10  1.7857e+00 -3.3397e+00  1.2500e+00 -2.6603e+00 -2.5833e+00 -2.4920e+00  0  0
  0  11  1.7857e+00 -3.3397e+00  1.3750e+00 -2.9044e+00 -2.8128e+00 -2.7047e+00  0  0
  0  12  1.7857e+00 -3.3397e+00  1.5000e+00 -3.1569e+00 -3.0488e+00 -2.9220e+00  0  0
  0  13  1.7857e+00 -3.3397e+00  1.6250e+00 -3.4168e+00 -3.2905e+00 -3.1430e+00  0  0
  0  14  1.7857e+00 -3.3397e+00  1.7500e+00 -3.6835e+00 -3.5370e+00 -3.3669e+00  0  0
  0  15  1.7857e+00 -3.3397e+00  1.8750e+00 -3.9563e+00 -3.7876e+00 -3.5929e+00  0  0
  0  16  1.7857e+00 -3.3397e+00  2.0000e+00 -4.2344e+00 -4.0417e+00 -3.8203e+00  0  0
  0  17  1.7857e+00 -3.3397e+00  2.1250e+00 -4.5174e+00 -4.2985e+00 -4.0485e+00  0  0
  0  18  1.7857e+00 -3.3397e+00  2.2500e+00 -4.8045e+00 -4.5574e+00 -4.2769e+00  0  0
  0  19  1.7857e+00 -3.3397e+00  2.3750e+00 -5.0951e+00 -4.8179e+00 -4.5049e+00  0  0
  0  20  1.7857e+00 -3.3397e+00  2.5000e+00 -5.3889e+00 -5.0795e+00 -4.7322e+00  0  0
  0  21  1.7857e+00 -3.3397e+00  2.6250e+00 -5.6853e+00 -5.3417e+00 -4.9584e+00  0  0
  0  22  1.7857e+00 -3.3397e+00  2.7500e+00 -5.9838e+00 -5.6041e+00 -5.1829e+00  0  0
  0  23  1.7857e+00 -3.3397e+00  2.8750e+00 -6.2841e+00 -5.8663e+00 -5.4056e+00  0  0
  0  24  1.7857e+00 -3.3397e+00  3.0000e+00 -6.5857e+00 -6.1280e+00 -5.6261e+00  0  0
  0  25  1.7857e+00 -3.3397e+00  3.1250e+00 -6.8884e+00 -6.3888e+00 -5.8443e+00  0  0
  0  26  1.7857e+00 -3.3397e+00  3.2500e+00 -7.1918e+00 -6.6485e+00 -6.0599e+00  0  0
  0  27  1.7857e+00 -3.3397e+00  3.3750e+00 -7.4956e+00 -6.9068e+00 -6.2728e+00  0  0
  0  28  1.7857e+00 -3.3397e+00  3.5000e+00 -7.7997e+00 -7.1636e+00 -6.4828e+00  0  0
  0  29  1.7857e+00 -3.3397e+00  3.6250e+00 -8.1037e+00 -7.4187e+00 -6.6899e+00  0  0
  0  30  1.7857e+00 -3.3397e+00  3.7500e+00 -8.4075e+00 -7.6720e+00 -6.8940e+00  0  0
  0  31  1.7857e+00 -3.3397e+00  3.8750e+00 -8.7110e+00 -7.9233e+00 -7.0950e+00  0  0
  0  32  1.7857e+00 -3.3397e+00  4.0000e+00 -9.0140e+00 -8.1725e+00 -7.2929e+00  0  0
  0  33  1.7857e+00 -3.3397e+00  4.1250e+00 -9.3164e+00 -8.4196e+00 -7.4877e+00  0  0
  0  34  1.7857e+00 -3.3397e+00  4.2500e+00 -9.6180e+00 -8.6645e+00 -7.6794e+00  0  0
  0  35  1.7857e+00 -3.3397e+00  4.3750e+00 -9.9188e+00 -8.9071e+00 -7.8679e+00  0  0
  0  36  1.7857e+00 -3.3397e+00  4.5000e+00 -1.0219e+01 -9.1474e+00 -8.0534e+00  0  0
  0  37  1.7857e+00 -3.3397e+00  4.6250e+00 -1.0518e+01 -9.3855e+00 -8.2358e+00  0  0
  0  38  1.7857e+00 -3.3397e+00  4.7500e+00 -1.0816e+01 -9.6212e+00 -8.4153e+00  0  0
  0  39  1.7857e+00 -3.3397e+00  4.8750e+00 -1.1113e+01 -9.8547e+00 -8.5917e+00  0  0
  0  40  1.7857e+00 -3.3397e+00  5.0000e+00 -1.1409e+01 -1.0086e+01 -8.7652e+00  0  0
