  1   0  1.7857e+00 -3.3397e+00  0.0000e+00 -2.0428e-11 -2.0428e-11 -2.0428e-11 -1  0
  1   1  1.7857e+00 -3.3397e+00  1.2500e-01 -5.5951e-02 -5.5916e-02 -5.5873e-02 -1  0
  1   2  1.7857e+00 -3.3397e+00  2.5000e-01 -7.1643e-02 -7.1586e-02 -7.1515e-02 -1  0
  1   3  1.7857e+00 -3.3397e+00  3.7500e-01 -7.5211e-02 -7.5148e-02 -7.5070e-02 -1  0
  1   4  1.7857e+00 -3.3397e+00  5.0000e-01 -7.4197e-02 -7.4136e-02 -7.4060e-02 -1  0
  1   5  1.7857e+00 -3.3397e+00  6.2500e-01 -7.0158e-02 -7.0103e-02 -7.0035e-02 -1  0
  1   6  1.7857e+00 -3.3397e+00  7.5000e-01 -6.1917e-02 -6.1874e-02 -6.1821e-02 -1  0
  1   7  1.7857e+00 -3.3397e+00  8.7500e-01 -4.6033e-02 -4.6010e-02 -4.5980e-02 -1  0
  1   8  1.7857e+00 -3.3397e+00  1.0000e+00 -1.5894e-02 -1.5891e-02 -1.5887e-02 -1  0
  1   9  1.7857e+00 -3.3397e+00  1.1250e+00  4.0764e-02  4.0782e-02  4.0805e-02 -1  1
  1  10  1.7857e+00 -3.3397e+00  1.2500e+00  1.4769e-01  1.4793e-01  1.4824e-01 -1  1
  1  11  1.7857e+00 -3.3397e+00  1.3750e+00  3.5576e-01  3.5717e-01  3.5895e-01 -1  1
  1  12  1.7857e+00 -3.3397e+00  1.5000e+00  7.9646e-01  8.0355e-01  8.1256e-01 -1  1
  1  13  1.7857e+00 -3.3397e+00  1.6250e+00  1.9704e+00  2.0142e+00  2.0711e+00 -1  1
  1  14  1.7857e+00 -3.3397e+00  1.7500e+00  1.2574e+01  1.4508e+01  1.7577e+01 -1  1
  1  15  1.7857e+00 -3.3397e+00  1.8750e+00  2.9910e+01  4.2238e+01  6.6085e+01  0  1
  1  16  1.7857e+00 -3.3397e+00  2.0000e+00 -1.3679e+00 -1.3474e+00 -1.3224e+00  0  0
  1  17  1.7857e+00 -3.3397e+00  2.1250e+00 -2.8793e+00 -2.7892e+00 -2.6829e+00  0  0
  1  18  1.7857e+00 -3.3397e+00  2.2500e+00 -3.7290e+00 -3.5789e+00 -3.4048e+00  0  0
  1  19  1.7857e+00 -3.3397e+00  2.3750e+00 -4.3559e+00 -4.1521e+00 -3.9186e+00  0  0
  1  20  1.7857e+00 -3.3397e+00  2.5000e+00 -4.8759e+00 -4.6216e+00 -4.3332e+00  0  0
  1  21  1.7857e+00 -3.3397e+00  2.6250e+00 -5.3350e+00 -5.0316e+00 -4.6908e+00  0  0
  1  22  1.7857e+00 -3.3397e+00  2.7500e+00 -5.7554e+00 -5.4035e+00 -5.0114e+00  0  0
  1  23  1.7857e+00 -3.3397e+00  2.8750e+00 -6.1494e+00 -5.7489e+00 -5.3061e+00  0  0
  1  24  1.7857e+00 -3.3397e+00  3.0000e+00 -6.5244e+00 -6.0749e+00 -5.5816e+00  0  0
  1  25  1.7857e+00 -3.3397e+00  3.1250e+00 -6.8851e+00 -6.3859e+00 -5.8420e+00  0  0
  1  26  1.7857e+00 -3.3397e+00  3.2500e+00 -7.2347e+00 -6.6850e+00 -6.0902e+00  0  0
  1  27  1.7857e+00 -3.3397e+00  3.3750e+00 -7.5754e+00 -6.9743e+00 -6.3282e+00  0  0
  1  28  1.7857e+00 -3.3397e+00  3.5000e+00 -7.9088e+00 -7.2554e+00 -6.5575e+00  0  0
  1  29  1.7857e+00 -3.3397e+00  3.6250e+00 -8.2361e+00 -7.5293e+00 -6.7792e+00  0  0
  1  30  1.7857e+00 -3.3397e+00  3.7500e+00 -8.5583e+00 -7.7970e+00 -6.9942e+00  0  0
  1  31  1.7857e+00 -3.3397e+00  3.8750e+00 -8.8760e+00 -8.0592e+00 -7.2031e+00  0  0
  1  32  1.7857e+00 -3.3397e+00  4.0000e+00 -9.1899e+00 -8.3164e+00 -7.4066e+00  0  0
  1  33  1.7857e+00 -3.3397e+00  4.1250e+00 -9.5004e+00 -8.5692e+00 -7.6049e+00  0  0
  1  34  1.7857e+00 -3.3397e+00  4.2500e+00 -9.8078e+00 -8.8177e+00 -7.7986e+00  0  0
  1  35  1.7857e+00 -3.3397e+00  4.3750e+00 -1.0113e+01 -9.0625e+00 -7.9880e+00  0  0
  1  36  1.7857e+00 -3.3397e+00  4.5000e+00 -1.0415e+01 -9.3036e+00 -8.1732e+00  0  0
  1  37  1.7857e+00 -3.3397e+00  4.6250e+00 -1.0715e+01 -9.5414e+00 -8.3546e+00  0  0
  1  38  1.7857e+00 -3.3397e+00  4.7500e+00 -1.1013e+01 -9.7760e+00 -8.5324e+00  0  0
  1  39  1.7857e+00 -3.3397e+00  4.8750e+00 -1.1309e+01 -1.0008e+01 -8.7067e+00  0  0
  1  40  1.7857e+00 -3.3397e+00  5.0000e+00 -1.1603e+01 -1.0236e+01 -8.8777e+00  0  0
