 -1   0  1.7857e+00 -3.3397e+00  0.0000e+00 -2.0428e-11 -2.0428e-11 -2.0428e-11 -1  0
 -1   1  1.7857e+00 -3.3397e+00  1.2500e-01  1.6528e-01  1.6559e-01  1.6597e-01 -1  1
 -1   2  1.7857e+00 -3.3397e+00  2.5000e-01  4.0428e-01  4.0610e-01  4.0840e-01 -1  1
 -1   3  1.7857e+00 -3.3397e+00  3.7500e-01  7.1970e-01  7.2548e-01  7.3282e-01 -1  1
 -1   4  1.7857e+00 -3.3397e+00  5.0000e-01  1.1225e+00  1.1366e+00  1.1547e+00 -1  1
 -1   5  1.7857e+00 -3.3397e+00  6.2500e-01  1.5878e+00  1.6162e+00  1.6528e+00 -1  1
 -1   6  1.7857e+00 -3.3397e+00  7.5000e-01  1.9888e+00  2.0334e+00  2.0915e+00 -1  1
 -1   7  1.7857e+00 -3.3397e+00  8.7500e-01  2.0378e+00  2.0847e+00  2.1457e+00 -1  1
 -1   8  1.7857e+00 -3.3397e+00  1.0000e+00  1.4153e+00  1.4378e+00  1.4667e+00 -1  1
 -1   9  1.7857e+00 -3.3397e+00  1.1250e+00  1.4797e-01  1.4821e-01  1.4852e-01 -1  1
 -1  10  1.7857e+00 -3.3397e+00  1.2500e+00 -1.3335e+00 -1.3140e+00 -1.2902e+00 -1  0
 -1  11  1.7857e+00 -3.3397e+00  1.3750e+00 -2.6445e+00 -2.5684e+00 -2.4781e+00 -1  0
 -1  12  1.7857e+00 -3.3397e+00  1.5000e+00 -3.6699e+00 -3.5245e+00 -3.3555e+00 -1  0
 -1  13  1.7857e+00 -3.3397e+00  1.6250e+00 -4.4505e+00 -4.2379e+00 -3.9948e+00 -1  0
 -1  14  1.7857e+00 -3.3397e+00  1.7500e+00 -5.0591e+00 -4.7857e+00 -4.4768e+00 -1  0
 -1  15  1.7857e+00 -3.3397e+00  1.8750e+00 -5.5553e+00 -5.2270e+00 -4.8596e+00 -1  0
 -1  16  1.7857e+00 -3.3397e+00  2.0000e+00 -5.9798e+00 -5.6006e+00 -5.1799e+00 -1  0
 -1  17  1.7857e+00 -3.3397e+00  2.1250e+00 -6.3588e+00 -5.9313e+00 -5.4605e+00 -1  0
 -1  18  1.7857e+00 -3.3397e+00  2.2500e+00 -6.7090e+00 -6.2344e+00 -5.7153e+00 -1  0
 -1  19  1.7857e+00 -3.3397e+00  2.3750e+00 -7.0413e+00 -6.5199e+00 -5.9534e+00 -1  0
 -1  20  1.7857e+00 -3.3397e+00  2.5000e+00 -7.3633e+00 -6.7945e+00 -6.1805e+00 -1  0
 -1  21  1.7857e+00 -3.3397e+00  2.6250e+00 -7.6804e+00 -7.0631e+00 -6.4008e+00 -1  0
 -1  22  1.7857e+00 -3.3397e+00  2.7500e+00 -7.9969e+00 -7.3293e+00 -6.6175e+00 -1  0
 -1  23  1.7857e+00 -3.3397e+00  2.8750e+00 -8.3176e+00 -7.5972e+00 -6.8339e+00 -1  0
 -1  24  1.7857e+00 -3.3397e+00  3.0000e+00 -8.6482e+00 -7.8714e+00 -7.0537e+00 -1  0
 -1  25  1.7857e+00 -3.3397e+00  3.1250e+00 -8.9992e+00 -8.1604e+00 -7.2833e+00 -1  0
 -1  26  1.7857e+00 -3.3397e+00  3.2500e+00 -9.3973e+00 -8.4854e+00 -7.5394e+00 -1  0
 -1  27  1.7857e+00 -3.3397e+00  3.3750e+00 -1.0715e+01 -9.5415e+00 -8.3547e+00  0  0
 -1  28  1.7857e+00 -3.3397e+00  3.5000e+00 -1.0539e+01 -9.4019e+00 -8.2484e+00  0  0
 -1  29  1.7857e+00 -3.3397e+00  3.6250e+00 -1.0445e+01 -9.3276e+00 -8.1916e+00  0  0
 -1  30  1.7857e+00 -3.3397e+00  3.7500e+00 -1.0419e+01 -9.3071e+00 -8.1759e+00  0  0
 -1  31  1.7857e+00 -3.3397e+00  3.8750e+00 -1.0448e+01 -9.3300e+00 -8.1935e+00  0  0
 -1  32  1.7857e+00 -3.3397e+00  4.0000e+00 -1.0520e+01 -9.3875e+00 -8.2374e+00  0  0
 -1  33  1.7857e+00 -3.3397e+00  4.1250e+00 -1.0628e+01 -9.4726e+00 -8.3023e+00  0  0
 -1  34  1.7857e+00 -3.3397e+00  4.2500e+00 -1.0764e+01 -9.5800e+00 -8.3839e+00  0  0
 -1  35  1.7857e+00 -3.3397e+00  4.3750e+00 -1.0923e+01 -9.7052e+00 -8.4789e+00  0  0
 -1  36  1.7857e+00 -3.3397e+00  4.5000e+00 -1.1101e+01 -9.8450e+00 -8.5844e+00  0  0
 -1  37  1.7857e+00 -3.3397e+00  4.6250e+00 -1.1295e+01 -9.9966e+00 -8.6984e+00  0  0
 -1  38  1.7857e+00 -3.3397e+00  4.7500e+00 -1.1502e+01 -1.0158e+01 -8.8191e+00  0  0
 -1  39  1.7857e+00 -3.3397e+00  4.8750e+00 -1.1720e+01 -1.0327e+01 -8.9451e+00  0  0
 -1  40  1.7857e+00 -3.3397e+00  5.0000e+00 -1.1947e+01 -1.0502e+01 -9.0751e+00  0  0
