-20   6  1.7857e+00 -4.6470e+00  1.5000e+00 -3.5773e+01 -2.4391e+01 -1.7170e+01 -1  0
-19   6  1.7857e+00 -4.6470e+00  1.5000e+00 -3.4185e+01 -2.3663e+01 -1.6819e+01 -1  0
-18   6  1.7857e+00 -4.6470e+00  1.5000e+00 -3.2580e+01 -2.2903e+01 -1.6445e+01 -1  0
-17   6  1.7857e+00 -4.6470e+00  1.5000e+00 -3.0958e+01 -2.2108e+01 -1.6045e+01 -1  0
-16   6  1.7857e+00 -4.6470e+00  1.5000e+00 -2.9318e+01 -2.1278e+01 -1.5617e+01 -1  0
-15   6  1.7857e+00 -4.6470e+00  1.5000e+00 -2.7660e+01 -2.0409e+01 -1.5158e+01 -1  0
-14   6  1.7857e+00 -4.6470e+00  1.5000e+00 -2.5985e+01 -1.9500e+01 -1.4664e+01 -1  0
-13   6  1.7857e+00 -4.6470e+00  1.5000e+00 -2.4293e+01 -1.8547e+01 -1.4133e+01 -1  0
-12   6  1.7857e+00 -4.6470e+00  1.5000e+00 -2.2583e+01 -1.7549e+01 -1.3561e+01 -1  0
-11   6  1.7857e+00 -4.6470e+00  1.5000e+00 -2.0857e+01 -1.6502e+01 -1.2941e+01 -1  0
-10   6  1.7857e+00 -4.6470e+00  1.5000e+00 -1.9115e+01 -1.5405e+01 -1.2271e+01 -1  0
 -9   6  1.7857e+00 -4.6470e+00  1.5000e+00 -1.7358e+01 -1.4254e+01 -1.1543e+01 -1  0
 -8   6  1.7857e+00 -4.6470e+00  1.5000e+00 -1.5589e+01 -1.3048e+01 -1.0752e+01 -1  0
 -7   6  1.7857e+00 -4.6470e+00  1.5000e+00 -1.3809e+01 -1.1786e+01 -9.8922e+00 -1  0
 -6   6  1.7857e+00 -4.6470e+00  1.5000e+00 -1.2026e+01 -1.0469e+01 -8.9577e+00 -1  0
 -5   6  1.7857e+00 -4.6470e+00  1.5000e+00 -1.0248e+01 -9.1000e+00 -7.9453e+00 -1  0
 -4   6  1.7857e+00 -4.6470e+00  1.5000e+00 -8.4925e+00 -7.6927e+00 -6.8581e+00 -1  0
 -3   6  1.7857e+00 -4.6470e+00  1.5000e+00 -6.8000e+00 -6.2800e+00 -5.7177e+00 -1  0
 -2   6  1.7857e+00 -4.6470e+00  1.5000e+00 -5.2711e+00 -4.9546e+00 -4.6011e+00 -1  0
 -1   6  1.7857e+00 -4.6470e+00  1.5000e+00 -3.1282e+00 -3.0147e+00 -2.8820e+00 -1  0
  0   6  1.7857e+00 -4.6470e+00  1.5000e+00 -2.5473e+00 -2.4717e+00 -2.3822e+00  0  0
  1   6  1.7857e+00 -4.6470e+00  1.5000e+00  1.8855e+00  1.9285e+00  1.9844e+00 -1  1
  2   6  1.7857e+00 -4.6470e+00  1.5000e+00 -4.6080e+00 -4.3648e+00 -4.0893e+00 -1  0
  3   6  1.7857e+00 -4.6470e+00  1.5000e+00 -6.5368e+00 -6.0552e+00 -5.5315e+00 -1  0
  4   6  1.7857e+00 -4.6470e+00  1.5000e+00 -8.3656e+00 -7.5887e+00 -6.7759e+00 -1  0
  5   6  1.7857e+00 -4.6470e+00  1.5000e+00 -1.0180e+01 -9.0472e+00 -7.9053e+00 -1  0
  6   6  1.7857e+00 -4.6470e+00  1.5000e+00 -1.1988e+01 -1.0440e+01 -8.9370e+00 -1  0
  7   6  1.7857e+00 -4.6470e+00  1.5000e+00 -1.3787e+01 -1.1770e+01 -9.8811e+00 -1  0
  8   6  1.7857e+00 -4.6470e+00  1.5000e+00 -1.5575e+01 -1.3039e+01 -1.0746e+01 -1  0
  9   6  1.7857e+00 -4.6470e+00  1.5000e+00 -1.7350e+01 -1.4249e+01 -1.1539e+01 -1  0
 10   6  1.7857e+00 -4.6470e+00  1.5000e+00 -1.9110e+01 -1.5401e+01 -1.2269e+01 -1  0
 11   6  1.7857e+00 -4.6470e+00  1.5000e+00 -2.0854e+01 -1.6500e+01 -1.2940e+01 -1  0
 12   6  1.7857e+00 -4.6470e+00  1.5000e+00 -2.2581e+01 -1.7547e+01 -1.3560e+01 -1  0
 13   6  1.7857e+00 -4.6470e+00  1.5000e+00 -2.4292e+01 -1.8546e+01 -1.4133e+01 -1  0
 14   6  1.7857e+00 -4.6470e+00  1.5000e+00 -2.5984e+01 -1.9499e+01 -1.4664e+01 -1  0
 15   6  1.7857e+00 -4.6470e+00  1.5000e+00 -2.7660e+01 -2.0409e+01 -1.5157e+01 -1  0
 16   6  1.7857e+00 -4.6470e+00  1.5000e+00 -2.9318e+01 -2.1278e+01 -1.5616e+01 -1  0
 17   6  1.7857e+00 -4.6470e+00  1.5000e+00 -3.0958e+01 -2.2108e+01 -1.6044e+01 -1  0
 18   6  1.7857e+00 -4.6470e+00  1.5000e+00 -3.2580e+01 -2.2903e+01 -1.6444e+01 -1  0
 19   6  1.7857e+00 -4.6470e+00  1.5000e+00 -3.4185e+01 -2.3663e+01 -1.6819e+01 -1  0
 20   6  1.7857e+00 -4.6470e+00  1.5000e+00 -3.5773e+01 -2.4391e+01 -1.7170e+01 -1  0
