  1   7  1.9231e+00 -1.5448e+00  1.7500e+00  1.3000e-01 -2.0827e+00 -2.0352e+00 -1.9784e+00 -1  0 -1.9479e+00  3.0091e+00
  1   7  1.9222e+00 -1.5510e+00  1.7500e+00  1.3006e-01 -2.0698e+00 -2.0229e+00 -1.9668e+00 -1  0 -1.9331e+00  2.9982e+00
  1   7  1.9213e+00 -1.5572e+00  1.7500e+00  1.3012e-01 -2.0568e+00 -2.0105e+00 -1.9550e+00 -1  0 -1.9185e+00  2.9873e+00
  1   7  1.9204e+00 -1.5634e+00  1.7500e+00  1.3018e-01 -2.0437e+00 -1.9980e+00 -1.9432e+00 -1  0 -1.9040e+00  2.9766e+00
  1   7  1.9195e+00 -1.5696e+00  1.7500e+00  1.3024e-01 -2.0304e+00 -1.9853e+00 -1.9312e+00 -1  0 -1.8896e+00  2.9660e+00
  1   7  1.9186e+00 -1.5759e+00  1.7500e+00  1.3030e-01 -2.0171e+00 -1.9726e+00 -1.9191e+00 -1  0 -1.8754e+00  2.9554e+00
  1   7  1.9178e+00 -1.5822e+00  1.7500e+00  1.3036e-01 -2.0036e+00 -1.9597e+00 -1.9069e+00 -1  0 -1.8614e+00  2.9450e+00
  1   7  1.9169e+00 -1.5885e+00  1.7500e+00  1.3042e-01 -1.9900e+00 -1.9466e+00 -1.8946e+00 -1  0 -1.8474e+00  2.9347e+00
  1   7  1.9160e+00 -1.5949e+00  1.7500e+00  1.3048e-01 -1.9762e+00 -1.9335e+00 -1.8822e+00 -1  0 -1.8336e+00  2.9245e+00
  1   7  1.9151e+00 -1.6013e+00  1.7500e+00  1.3054e-01 -1.9624e+00 -1.9202e+00 -1.8696e+00 -1  0 -1.8200e+00  2.9143e+00
  1   7  1.9142e+00 -1.6077e+00  1.7500e+00  1.3060e-01 -1.9484e+00 -1.9068e+00 -1.8569e+00 -1  0 -1.8064e+00  2.9043e+00
  1   7  1.9134e+00 -1.6142e+00  1.7500e+00  1.3066e-01 -1.9342e+00 -1.8933e+00 -1.8440e+00 -1  0 -1.7930e+00  2.8943e+00
  1   7  1.9125e+00 -1.6207e+00  1.7500e+00  1.3072e-01 -1.9200e+00 -1.8796e+00 -1.8311e+00 -1  0 -1.7797e+00  2.8844e+00
  1   7  1.9116e+00 -1.6273e+00  1.7500e+00  1.3078e-01 -1.9055e+00 -1.8658e+00 -1.8180e+00 -1  0 -1.7666e+00  2.8747e+00
  1   7  1.9107e+00 -1.6338e+00  1.7500e+00  1.3084e-01 -1.8910e+00 -1.8518e+00 -1.8047e+00 -1  0 -1.7535e+00  2.8650e+00
  1   7  1.9099e+00 -1.6404e+00  1.7500e+00  1.3090e-01 -1.8763e+00 -1.8378e+00 -1.7913e+00 -1  0 -1.7406e+00  2.8554e+00
  1   7  1.9090e+00 -1.6471e+00  1.7500e+00  1.3096e-01 -1.8615e+00 -1.8235e+00 -1.7778e+00 -1  0 -1.7278e+00  2.8459e+00
  1   7  1.9081e+00 -1.6537e+00  1.7500e+00  1.3102e-01 -1.8465e+00 -1.8091e+00 -1.7642e+00 -1  0 -1.7152e+00  2.8364e+00
  1   7  1.9072e+00 -1.6605e+00  1.7500e+00  1.3108e-01 -1.8313e+00 -1.7946e+00 -1.7503e+00 -1  0 -1.7026e+00  2.8271e+00
  1   7  1.9064e+00 -1.6672e+00  1.7500e+00  1.3114e-01 -1.8161e+00 -1.7799e+00 -1.7364e+00 -1  0 -1.6901e+00  2.8178e+00
  1   7  1.9055e+00 -1.6740e+00  1.7500e+00  1.3120e-01 -1.8006e+00 -1.7651e+00 -1.7223e+00 -1  0 -1.6778e+00  2.8086e+00
  1   7  1.9046e+00 -1.6808e+00  1.7500e+00  1.3126e-01 -1.7850e+00 -1.7501e+00 -1.7080e+00 -1  0 -1.6656e+00  2.7995e+00
  1   7  1.9037e+00 -1.6877e+00  1.7500e+00  1.3132e-01 -1.7693e+00 -1.7350e+00 -1.6936e+00 -1  0 -1.6535e+00  2.7905e+00
  1   7  1.9029e+00 -1.6945e+00  1.7500e+00  1.3138e-01 -1.7533e+00 -1.7196e+00 -1.6790e+00 -1  0 -1.6415e+00  2.7816e+00
  1   7  1.9020e+00 -1.7015e+00  1.7500e+00  1.3144e-01 -1.7372e+00 -1.7042e+00 -1.6642e+00 -1  0 -1.6296e+00  2.7727e+00
  1   7  1.9011e+00 -1.7084e+00  1.7500e+00  1.3150e-01 -1.7210e+00 -1.6885e+00 -1.6493e+00 -1  0 -1.6178e+00  2.7639e+00
  1   7  1.9003e+00 -1.7154e+00  1.7500e+00  1.3156e-01 -1.7046e+00 -1.6727e+00 -1.6342e+00 -1  0 -1.6061e+00  2.7552e+00
  1   7  1.8994e+00 -1.7225e+00  1.7500e+00  1.3162e-01 -1.6880e+00 -1.6567e+00 -1.6190e+00 -1  0 -1.5945e+00  2.7465e+00
  1   7  1.8985e+00 -1.7296e+00  1.7500e+00  1.3168e-01 -1.6712e+00 -1.6406e+00 -1.6035e+00 -1  0 -1.5830e+00  2.7379e+00
  1   7  1.8977e+00 -1.7367e+00  1.7500e+00  1.3174e-01 -1.6542e+00 -1.6242e+00 -1.5879e+00 -1  0 -1.5716e+00  2.7294e+00
  1   7  1.8968e+00 -1.7438e+00  1.7500e+00  1.3180e-01 -1.6371e+00 -1.6077e+00 -1.5721e+00 -1  0 -1.5603e+00  2.7210e+00
  1   7  1.8960e+00 -1.7510e+00  1.7500e+00  1.3186e-01 -1.6197e+00 -1.5910e+00 -1.5561e+00 -1  0 -1.5492e+00  2.7126e+00
  1   7  1.8951e+00 -1.7583e+00  1.7500e+00  1.3192e-01 -1.6022e+00 -1.5741e+00 -1.5400e+00 -1  0 -1.5381e+00  2.7043e+00
  1   7  1.8942e+00 -1.7656e+00  1.7500e+00  1.3198e-01 -1.5845e+00 -1.5570e+00 -1.5236e+00 -1  0 -1.5271e+00  2.6961e+00
  1   7  1.8934e+00 -1.7729e+00  1.7500e+00  1.3204e-01 -1.5666e+00 -1.5397e+00 -1.5070e+00 -1  0 -1.5162e+00  2.6880e+00
  1   7  1.8925e+00 -1.7802e+00  1.7500e+00  1.3210e-01 -1.5485e+00 -1.5222e+00 -1.4903e+00 -1  0 -1.5053e+00  2.6799e+00
  1   7  1.8916e+00 -1.7876e+00  1.7500e+00  1.3216e-01 -1.5302e+00 -1.5045e+00 -1.4733e+00 -1  0 -1.4946e+00  2.6718e+00
  1   7  1.8908e+00 -1.7951e+00  1.7500e+00  1.3222e-01 -1.5116e+00 -1.4865e+00 -1.4561e+00 -1  0 -1.4840e+00  2.6639e+00
  1   7  1.8899e+00 -1.8026e+00  1.7500e+00  1.3228e-01 -1.4929e+00 -1.4684e+00 -1.4387e+00 -1  0 -1.4734e+00  2.6560e+00
  1   7  1.8891e+00 -1.8101e+00  1.7500e+00  1.3234e-01 -1.4739e+00 -1.4501e+00 -1.4211e+00 -1  0 -1.4630e+00  2.6481e+00
  1   7  1.8882e+00 -1.8177e+00  1.7500e+00  1.3240e-01 -1.4548e+00 -1.4315e+00 -1.4033e+00 -1  0 -1.4526e+00  2.6404e+00
  1   7  1.8874e+00 -1.8253e+00  1.7500e+00  1.3246e-01 -1.4354e+00 -1.4127e+00 -1.3852e+00 -1  0 -1.4423e+00  2.6327e+00
  1   7  1.8865e+00 -1.8329e+00  1.7500e+00  1.3252e-01 -1.4157e+00 -1.3937e+00 -1.3669e+00 -1  0 -1.4321e+00  2.6250e+00
  1   7  1.8857e+00 -1.8406e+00  1.7500e+00  1.3258e-01 -1.3959e+00 -1.3744e+00 -1.3484e+00 -1  0 -1.4220e+00  2.6174e+00
  1   7  1.8848e+00 -1.8484e+00  1.7500e+00  1.3264e-01 -1.3757e+00 -1.3549e+00 -1.3296e+00 -1  0 -1.4120e+00  2.6099e+00
  1   7  1.8839e+00 -1.8562e+00  1.7500e+00  1.3270e-01 -1.3554e+00 -1.3352e+00 -1.3106e+00 -1  0 -1.4020e+00  2.6024e+00
  1   7  1.8831e+00 -1.8640e+00  1.7500e+00  1.3276e-01 -1.3348e+00 -1.3152e+00 -1.2914e+00 -1  0 -1.3922e+00  2.5950e+00
  1   7  1.8822e+00 -1.8719e+00  1.7500e+00  1.3282e-01 -1.3140e+00 -1.2950e+00 -1.2719e+00 -1  0 -1.3824e+00  2.5876e+00
  1   7  1.8814e+00 -1.8798e+00  1.7500e+00  1.3288e-01 -1.2929e+00 -1.2745e+00 -1.2521e+00 -1  0 -1.3727e+00  2.5803e+00
  1   7  1.8805e+00 -1.8878e+00  1.7500e+00  1.3294e-01 -1.2715e+00 -1.2537e+00 -1.2320e+00 -1  0 -1.3630e+00  2.5731e+00
  1   7  1.8797e+00 -1.8958e+00  1.7500e+00  1.3300e-01 -1.2498e+00 -1.2327e+00 -1.2117e+00 -1  0 -1.3535e+00  2.5659e+00
  1   7  1.8789e+00 -1.9039e+00  1.7500e+00  1.3306e-01 -1.2279e+00 -1.2113e+00 -1.1911e+00 -1  0 -1.3440e+00  2.5588e+00
  1   7  1.8780e+00 -1.9120e+00  1.7500e+00  1.3312e-01 -1.2057e+00 -1.1897e+00 -1.1702e+00 -1  0 -1.3346e+00  2.5517e+00
  1   7  1.8772e+00 -1.9201e+00  1.7500e+00  1.3318e-01 -1.1833e+00 -1.1679e+00 -1.1490e+00 -1  0 -1.3252e+00  2.5446e+00
  1   7  1.8763e+00 -1.9284e+00  1.7500e+00  1.3324e-01 -1.1605e+00 -1.1457e+00 -1.1276e+00 -1  0 -1.3160e+00  2.5377e+00
  1   7  1.8755e+00 -1.9366e+00  1.7500e+00  1.3330e-01 -1.1374e+00 -1.1232e+00 -1.1058e+00 -1  0 -1.3068e+00  2.5307e+00
  1   7  1.8746e+00 -1.9449e+00  1.7500e+00  1.3336e-01 -1.1141e+00 -1.1004e+00 -1.0837e+00 -1  0 -1.2977e+00  2.5239e+00
  1   7  1.8738e+00 -1.9533e+00  1.7500e+00  1.3342e-01 -1.0904e+00 -1.0773e+00 -1.0613e+00 -1  0 -1.2886e+00  2.5171e+00
  1   7  1.8729e+00 -1.9617e+00  1.7500e+00  1.3348e-01 -1.0664e+00 -1.0539e+00 -1.0385e+00 -1  0 -1.2796e+00  2.5103e+00
  1   7  1.8721e+00 -1.9702e+00  1.7500e+00  1.3354e-01 -1.0421e+00 -1.0301e+00 -1.0154e+00 -1  0 -1.2707e+00  2.5036e+00
  1   7  1.8713e+00 -1.9787e+00  1.7500e+00  1.3360e-01 -1.0174e+00 -1.0060e+00 -9.9202e-01 -1  0 -1.2619e+00  2.4969e+00
  1   7  1.8704e+00 -1.9872e+00  1.7500e+00  1.3366e-01 -9.9241e-01 -9.8155e-01 -9.6825e-01 -1  0 -1.2531e+00  2.4903e+00
  1   7  1.8696e+00 -1.9959e+00  1.7500e+00  1.3372e-01 -9.6707e-01 -9.5676e-01 -9.4411e-01 -1  0 -1.2444e+00  2.4837e+00
  1   7  1.8687e+00 -2.0045e+00  1.7500e+00  1.3378e-01 -9.4138e-01 -9.3160e-01 -9.1961e-01 -1  0 -1.2358e+00  2.4771e+00
  1   7  1.8679e+00 -2.0133e+00  1.7500e+00  1.3384e-01 -9.1532e-01 -9.0608e-01 -8.9473e-01 -1  0 -1.2272e+00  2.4707e+00
  1   7  1.8671e+00 -2.0220e+00  1.7500e+00  1.3390e-01 -8.8889e-01 -8.8017e-01 -8.6947e-01 -1  0 -1.2187e+00  2.4642e+00
  1   7  1.8662e+00 -2.0309e+00  1.7500e+00  1.3396e-01 -8.6208e-01 -8.5388e-01 -8.4380e-01 -1  0 -1.2102e+00  2.4578e+00
  1   7  1.8654e+00 -2.0398e+00  1.7500e+00  1.3402e-01 -8.3489e-01 -8.2719e-01 -8.1773e-01 -1  0 -1.2018e+00  2.4515e+00
  1   7  1.8646e+00 -2.0487e+00  1.7500e+00  1.3408e-01 -8.0729e-01 -8.0010e-01 -7.9125e-01 -1  0 -1.1935e+00  2.4452e+00
  1   7  1.8637e+00 -2.0577e+00  1.7500e+00  1.3414e-01 -7.7929e-01 -7.7258e-01 -7.6433e-01 -1  0 -1.1853e+00  2.4389e+00
  1   7  1.8629e+00 -2.0668e+00  1.7500e+00  1.3420e-01 -7.5087e-01 -7.4465e-01 -7.3698e-01 -1  0 -1.1771e+00  2.4327e+00
  1   7  1.8621e+00 -2.0759e+00  1.7500e+00  1.3426e-01 -7.2203e-01 -7.1627e-01 -7.0917e-01 -1  0 -1.1689e+00  2.4265e+00
  1   7  1.8612e+00 -2.0851e+00  1.7500e+00  1.3432e-01 -6.9275e-01 -6.8744e-01 -6.8090e-01 -1  0 -1.1608e+00  2.4204e+00
  1   7  1.8604e+00 -2.0943e+00  1.7500e+00  1.3438e-01 -6.6301e-01 -6.5815e-01 -6.5216e-01 -1  0 -1.1528e+00  2.4143e+00
  1   7  1.8596e+00 -2.1036e+00  1.7500e+00  1.3444e-01 -6.3282e-01 -6.2840e-01 -6.2293e-01 -1  0 -1.1448e+00  2.4083e+00
  1   7  1.8587e+00 -2.1129e+00  1.7500e+00  1.3450e-01 -6.0216e-01 -5.9815e-01 -5.9320e-01 -1  0 -1.1369e+00  2.4023e+00
  1   7  1.8579e+00 -2.1224e+00  1.7500e+00  1.3456e-01 -5.7102e-01 -5.6741e-01 -5.6295e-01 -1  0 -1.1291e+00  2.3963e+00
  1   7  1.8571e+00 -2.1318e+00  1.7500e+00  1.3462e-01 -5.3937e-01 -5.3616e-01 -5.3218e-01 -1  0 -1.1213e+00  2.3904e+00
  1   7  1.8563e+00 -2.1414e+00  1.7500e+00  1.3468e-01 -5.0723e-01 -5.0438e-01 -5.0085e-01 -1  0 -1.1136e+00  2.3845e+00
  1   7  1.8554e+00 -2.1510e+00  1.7500e+00  1.3474e-01 -4.7455e-01 -4.7206e-01 -4.6897e-01 -1  0 -1.1059e+00  2.3787e+00
  1   7  1.8546e+00 -2.1606e+00  1.7500e+00  1.3480e-01 -4.4135e-01 -4.3919e-01 -4.3652e-01 -1  0 -1.0982e+00  2.3729e+00
  1   7  1.8538e+00 -2.1703e+00  1.7500e+00  1.3486e-01 -4.0759e-01 -4.0575e-01 -4.0347e-01 -1  0 -1.0907e+00  2.3671e+00
  1   7  1.8529e+00 -2.1801e+00  1.7500e+00  1.3492e-01 -3.7327e-01 -3.7173e-01 -3.6981e-01 -1  0 -1.0831e+00  2.3614e+00
  1   7  1.8521e+00 -2.1900e+00  1.7500e+00  1.3498e-01 -3.3837e-01 -3.3710e-01 -3.3553e-01 -1  0 -1.0757e+00  2.3557e+00
  1   7  1.8513e+00 -2.1999e+00  1.7500e+00  1.3504e-01 -3.0287e-01 -3.0186e-01 -3.0059e-01 -1  0 -1.0683e+00  2.3500e+00
  1   7  1.8505e+00 -2.2099e+00  1.7500e+00  1.3510e-01 -2.6676e-01 -2.6598e-01 -2.6499e-01 -1  0 -1.0609e+00  2.3444e+00
  1   7  1.8497e+00 -2.2199e+00  1.7500e+00  1.3516e-01 -2.3003e-01 -2.2944e-01 -2.2871e-01 -1  0 -1.0536e+00  2.3389e+00
  1   7  1.8488e+00 -2.2301e+00  1.7500e+00  1.3522e-01 -1.9264e-01 -1.9223e-01 -1.9172e-01 -1  0 -1.0463e+00  2.3333e+00
  1   7  1.8480e+00 -2.2402e+00  1.7500e+00  1.3528e-01 -1.5459e-01 -1.5432e-01 -1.5399e-01 -1  0 -1.0391e+00  2.3278e+00
  1   7  1.8472e+00 -2.2505e+00  1.7500e+00  1.3534e-01 -1.1585e-01 -1.1570e-01 -1.1552e-01 -1  0 -1.0319e+00  2.3223e+00
  1   7  1.8464e+00 -2.2608e+00  1.7500e+00  1.3540e-01 -7.6408e-02 -7.6343e-02 -7.6262e-02 -1  0 -1.0248e+00  2.3169e+00
  1   7  1.8456e+00 -2.2712e+00  1.7500e+00  1.3546e-01 -3.6239e-02 -3.6225e-02 -3.6206e-02 -1  0 -1.0177e+00  2.3115e+00
  1   7  1.8447e+00 -2.2817e+00  1.7500e+00  1.3552e-01  4.6773e-03  4.6775e-03  4.6778e-03 -1  1 -1.0107e+00  2.3062e+00
  1   7  1.8439e+00 -2.2922e+00  1.7500e+00  1.3558e-01  4.6364e-02  4.6388e-02  4.6418e-02 -1  1 -1.0038e+00  2.3008e+00
  1   7  1.8431e+00 -2.3028e+00  1.7500e+00  1.3564e-01  8.8845e-02  8.8933e-02  8.9043e-02 -1  1 -9.9683e-01  2.2955e+00
  1   7  1.8423e+00 -2.3135e+00  1.7500e+00  1.3570e-01  1.3214e-01  1.3234e-01  1.3258e-01 -1  1 -9.8995e-01  2.2903e+00
  1   7  1.8415e+00 -2.3243e+00  1.7500e+00  1.3576e-01  1.7629e-01  1.7663e-01  1.7707e-01 -1  1 -9.8312e-01  2.2850e+00
  1   7  1.8407e+00 -2.3351e+00  1.7500e+00  1.3582e-01  2.2130e-01  2.2185e-01  2.2253e-01 -1  1 -9.7633e-01  2.2799e+00
  1   7  1.8399e+00 -2.3460e+00  1.7500e+00  1.3588e-01  2.6721e-01  2.6801e-01  2.6901e-01 -1  1 -9.6959e-01  2.2747e+00
  1   7  1.8390e+00 -2.3570e+00  1.7500e+00  1.3594e-01  3.1405e-01  3.1515e-01  3.1653e-01 -1  1 -9.6289e-01  2.2696e+00
  1   7  1.8382e+00 -2.3681e+00  1.7500e+00  1.3600e-01  3.6185e-01  3.6331e-01  3.6515e-01 -1  1 -9.5624e-01  2.2645e+00
  1   7  1.8374e+00 -2.3792e+00  1.7500e+00  1.3606e-01  4.1064e-01  4.1252e-01  4.1489e-01 -1  1 -9.4963e-01  2.2594e+00
  1   7  1.8366e+00 -2.3905e+00  1.7500e+00  1.3612e-01  4.6045e-01  4.6281e-01  4.6580e-01 -1  1 -9.4307e-01  2.2544e+00
  1   7  1.8358e+00 -2.4018e+00  1.7500e+00  1.3618e-01  5.1132e-01  5.1423e-01  5.1792e-01 -1  1 -9.3654e-01  2.2494e+00
  1   7  1.8350e+00 -2.4132e+00  1.7500e+00  1.3624e-01  5.6328e-01  5.6682e-01  5.7130e-01 -1  1 -9.3006e-01  2.2444e+00
  1   7  1.8342e+00 -2.4246e+00  1.7500e+00  1.3630e-01  6.1637e-01  6.2061e-01  6.2598e-01 -1  1 -9.2363e-01  2.2394e+00
  1   7  1.8334e+00 -2.4362e+00  1.7500e+00  1.3636e-01  6.7064e-01  6.7566e-01  6.8202e-01 -1  1 -9.1723e-01  2.2345e+00
  1   7  1.8326e+00 -2.4478e+00  1.7500e+00  1.3642e-01  7.2612e-01  7.3201e-01  7.3948e-01 -1  1 -9.1087e-01  2.2296e+00
  1   7  1.8318e+00 -2.4595e+00  1.7500e+00  1.3648e-01  7.8285e-01  7.8970e-01  7.9840e-01 -1  1 -9.0456e-01  2.2248e+00
  1   7  1.8310e+00 -2.4713e+00  1.7500e+00  1.3654e-01  8.4089e-01  8.4880e-01  8.5885e-01 -1  1 -8.9829e-01  2.2200e+00
  1   7  1.8302e+00 -2.4832e+00  1.7500e+00  1.3660e-01  9.0028e-01  9.0935e-01  9.2089e-01 -1  1 -8.9205e-01  2.2152e+00
  1   7  1.8294e+00 -2.4952e+00  1.7500e+00  1.3666e-01  9.6108e-01  9.7142e-01  9.8459e-01 -1  1 -8.8586e-01  2.2104e+00
  1   7  1.8286e+00 -2.5073e+00  1.7500e+00  1.3672e-01  1.0233e+00  1.0351e+00  1.0500e+00 -1  1 -8.7970e-01  2.2057e+00
  1   7  1.8278e+00 -2.5194e+00  1.7500e+00  1.3678e-01  1.0871e+00  1.1003e+00  1.1173e+00 -1  1 -8.7359e-01  2.2010e+00
  1   7  1.8270e+00 -2.5317e+00  1.7500e+00  1.3684e-01  1.1524e+00  1.1673e+00  1.1864e+00 -1  1 -8.6751e-01  2.1963e+00
  1   7  1.8262e+00 -2.5440e+00  1.7500e+00  1.3690e-01  1.2194e+00  1.2361e+00  1.2574e+00 -1  1 -8.6147e-01  2.1916e+00
  1   7  1.8254e+00 -2.5565e+00  1.7500e+00  1.3696e-01  1.2881e+00  1.3067e+00  1.3306e+00 -1  1 -8.5547e-01  2.1870e+00
  1   7  1.8246e+00 -2.5690e+00  1.7500e+00  1.3702e-01  1.3585e+00  1.3792e+00  1.4059e+00 -1  1 -8.4951e-01  2.1824e+00
  1   7  1.8238e+00 -2.5816e+00  1.7500e+00  1.3708e-01  1.4308e+00  1.4538e+00  1.4834e+00 -1  1 -8.4358e-01  2.1778e+00
  1   7  1.8230e+00 -2.5944e+00  1.7500e+00  1.3714e-01  1.5050e+00  1.5305e+00  1.5633e+00 -1  1 -8.3769e-01  2.1733e+00
  1   7  1.8222e+00 -2.6072e+00  1.7500e+00  1.3720e-01  1.5812e+00  1.6093e+00  1.6456e+00 -1  1 -8.3184e-01  2.1688e+00
  1   7  1.8214e+00 -2.6201e+00  1.7500e+00  1.3726e-01  1.6595e+00  1.6905e+00  1.7306e+00 -1  1 -8.2602e-01  2.1643e+00
  1   7  1.8206e+00 -2.6331e+00  1.7500e+00  1.3732e-01  1.7400e+00  1.7741e+00  1.8182e+00 -1  1 -8.2024e-01  2.1598e+00
  1   7  1.8198e+00 -2.6462e+00  1.7500e+00  1.3738e-01  1.8228e+00  1.8602e+00  1.9087e+00 -1  1 -8.1449e-01  2.1554e+00
  1   7  1.8190e+00 -2.6595e+00  1.7500e+00  1.3744e-01  1.9079e+00  1.9490e+00  2.0023e+00 -1  1 -8.0878e-01  2.1509e+00
  1   7  1.8182e+00 -2.6728e+00  1.7500e+00  1.3750e-01  1.9956e+00  2.0405e+00  2.0990e+00 -1  1 -8.0311e-01  2.1465e+00
  1   7  1.8174e+00 -2.6862e+00  1.7500e+00  1.3756e-01  2.0858e+00  2.1350e+00  2.1990e+00 -1  1 -7.9747e-01  2.1422e+00
  1   7  1.8166e+00 -2.6998e+00  1.7500e+00  1.3762e-01  2.1788e+00  2.2325e+00  2.3025e+00 -1  1 -7.9186e-01  2.1378e+00
  1   7  1.8158e+00 -2.7134e+00  1.7500e+00  1.3768e-01  2.2747e+00  2.3332e+00  2.4098e+00 -1  1 -7.8628e-01  2.1335e+00
  1   7  1.8150e+00 -2.7272e+00  1.7500e+00  1.3774e-01  2.3736e+00  2.4374e+00  2.5209e+00 -1  1 -7.8074e-01  2.1292e+00
  1   7  1.8142e+00 -2.7410e+00  1.7500e+00  1.3780e-01  2.4756e+00  2.5451e+00  2.6362e+00 -1  1 -7.7524e-01  2.1250e+00
  1   7  1.8134e+00 -2.7550e+00  1.7500e+00  1.3786e-01  2.5810e+00  2.6566e+00  2.7559e+00 -1  1 -7.6976e-01  2.1207e+00
  1   7  1.8126e+00 -2.7691e+00  1.7500e+00  1.3792e-01  2.6899e+00  2.7720e+00  2.8803e+00 -1  1 -7.6432e-01  2.1165e+00
  1   7  1.8119e+00 -2.7833e+00  1.7500e+00  1.3798e-01  2.8025e+00  2.8917e+00  3.0096e+00 -1  1 -7.5891e-01  2.1123e+00
  1   7  1.8111e+00 -2.7976e+00  1.7500e+00  1.3804e-01  2.9190e+00  3.0159e+00  3.1442e+00 -1  1 -7.5354e-01  2.1081e+00
  1   7  1.8103e+00 -2.8121e+00  1.7500e+00  1.3810e-01  3.0396e+00  3.1447e+00  3.2843e+00 -1  1 -7.4819e-01  2.1040e+00
  1   7  1.8095e+00 -2.8266e+00  1.7500e+00  1.3816e-01  3.1646e+00  3.2786e+00  3.4304e+00 -1  1 -7.4288e-01  2.0998e+00
  1   7  1.8087e+00 -2.8413e+00  1.7500e+00  1.3822e-01  3.2941e+00  3.4178e+00  3.5829e+00 -1  1 -7.3759e-01  2.0957e+00
  1   7  1.8079e+00 -2.8561e+00  1.7500e+00  1.3828e-01  3.4285e+00  3.5626e+00  3.7421e+00 -1  1 -7.3234e-01  2.0916e+00
  1   7  1.8071e+00 -2.8710e+00  1.7500e+00  1.3834e-01  3.5681e+00  3.7135e+00  3.9086e+00 -1  1 -7.2712e-01  2.0876e+00
  1   7  1.8064e+00 -2.8861e+00  1.7500e+00  1.3840e-01  3.7131e+00  3.8708e+00  4.0830e+00 -1  1 -7.2193e-01  2.0835e+00
  1   7  1.8056e+00 -2.9012e+00  1.7500e+00  1.3846e-01  3.8640e+00  4.0349e+00  4.2656e+00 -1  1 -7.1677e-01  2.0795e+00
  1   7  1.8048e+00 -2.9165e+00  1.7500e+00  1.3852e-01  4.0210e+00  4.2064e+00  4.4573e+00 -1  1 -7.1164e-01  2.0755e+00
  1   7  1.8040e+00 -2.9320e+00  1.7500e+00  1.3858e-01  4.1847e+00  4.3857e+00  4.6587e+00 -1  1 -7.0654e-01  2.0715e+00
  1   7  1.8032e+00 -2.9475e+00  1.7500e+00  1.3864e-01  4.3554e+00  4.5734e+00  4.8705e+00 -1  1 -7.0147e-01  2.0676e+00
  1   7  1.8025e+00 -2.9632e+00  1.7500e+00  1.3870e-01  4.5337e+00  4.7702e+00  5.0937e+00 -1  1 -6.9642e-01  2.0636e+00
  1   7  1.8017e+00 -2.9790e+00  1.7500e+00  1.3876e-01  4.7200e+00  4.9768e+00  5.3292e+00 -1  1 -6.9141e-01  2.0597e+00
  1   7  1.8009e+00 -2.9950e+00  1.7500e+00  1.3882e-01  4.9150e+00  5.1938e+00  5.5780e+00 -1  1 -6.8642e-01  2.0558e+00
  1   7  1.8001e+00 -3.0111e+00  1.7500e+00  1.3888e-01  5.1193e+00  5.4222e+00  5.8413e+00 -1  1 -6.8147e-01  2.0520e+00
  1   7  1.7993e+00 -3.0274e+00  1.7500e+00  1.3894e-01  5.3336e+00  5.6629e+00  6.1205e+00 -1  1 -6.7654e-01  2.0481e+00
  1   7  1.7986e+00 -3.0437e+00  1.7500e+00  1.3900e-01  5.5586e+00  5.9170e+00  6.4171e+00 -1  1 -6.7164e-01  2.0443e+00
  1   7  1.7978e+00 -3.0603e+00  1.7500e+00  1.3906e-01  5.7954e+00  6.1857e+00  6.7327e+00 -1  1 -6.6676e-01  2.0405e+00
  1   7  1.7970e+00 -3.0770e+00  1.7500e+00  1.3912e-01  6.0448e+00  6.4702e+00  7.0693e+00 -1  1 -6.6192e-01  2.0367e+00
  1   7  1.7962e+00 -3.0938e+00  1.7500e+00  1.3918e-01  6.3079e+00  6.7720e+00  7.4291e+00 -1  1 -6.5710e-01  2.0329e+00
  1   7  1.7955e+00 -3.1108e+00  1.7500e+00  1.3924e-01  6.5859e+00  7.0929e+00  7.8146e+00 -1  1 -6.5230e-01  2.0292e+00
  1   7  1.7947e+00 -3.1279e+00  1.7500e+00  1.3930e-01  6.8801e+00  7.4348e+00  8.2286e+00 -1  1 -6.4754e-01  2.0254e+00
  1   7  1.7939e+00 -3.1452e+00  1.7500e+00  1.3936e-01  7.1922e+00  7.7998e+00  8.6745e+00 -1  1 -6.4280e-01  2.0217e+00
  1   7  1.7931e+00 -3.1626e+00  1.7500e+00  1.3942e-01  7.5238e+00  8.1904e+00  9.1561e+00 -1  1 -6.3809e-01  2.0180e+00
  1   7  1.7924e+00 -3.1802e+00  1.7500e+00  1.3948e-01  7.8769e+00  8.6094e+00  9.6778e+00 -1  1 -6.3340e-01  2.0143e+00
  1   7  1.7916e+00 -3.1980e+00  1.7500e+00  1.3954e-01  8.2536e+00  9.0602e+00  1.0245e+01 -1  1 -6.2874e-01  2.0107e+00
  1   7  1.7908e+00 -3.2159e+00  1.7500e+00  1.3960e-01  8.6567e+00  9.5467e+00  1.0864e+01 -1  1 -6.2410e-01  2.0070e+00
  1   7  1.7901e+00 -3.2340e+00  1.7500e+00  1.3966e-01  9.0888e+00  1.0073e+01  1.1542e+01 -1  1 -6.1949e-01  2.0034e+00
  1   7  1.7893e+00 -3.2522e+00  1.7500e+00  1.3972e-01  9.5536e+00  1.0645e+01  1.2287e+01 -1  1 -6.1491e-01  1.9998e+00
  1   7  1.7885e+00 -3.2707e+00  1.7500e+00  1.3978e-01  1.0055e+01  1.1268e+01  1.3111e+01 -1  1 -6.1035e-01  1.9962e+00
  1   7  1.7878e+00 -3.2893e+00  1.7500e+00  1.3984e-01  1.0597e+01  1.1951e+01  1.4026e+01 -1  1 -6.0581e-01  1.9927e+00
  1   7  1.7870e+00 -3.3080e+00  1.7500e+00  1.3990e-01  1.1186e+01  1.2701e+01  1.5048e+01 -1  1 -6.0130e-01  1.9891e+00
  1   7  1.7862e+00 -3.3270e+00  1.7500e+00  1.3996e-01  1.1828e+01  1.3529e+01  1.6196e+01 -1  1 -5.9681e-01  1.9856e+00
  1   7  1.7855e+00 -3.3461e+00  1.7500e+00  1.4002e-01  1.2530e+01  1.4450e+01  1.7494e+01 -1  1 -5.9235e-01  1.9821e+00
  1   7  1.7847e+00 -3.3654e+00  1.7500e+00  1.4008e-01  1.3302e+01  1.5478e+01  1.8974e+01 -1  1 -5.8791e-01  1.9786e+00
  1   7  1.7839e+00 -3.3849e+00  1.7500e+00  1.4014e-01  1.4155e+01  1.6635e+01  2.0675e+01 -1  1 -5.8350e-01  1.9751e+00
  1   7  1.7832e+00 -3.4046e+00  1.7500e+00  1.4020e-01  1.5103e+01  1.7945e+01  2.2647e+01 -1  1 -5.7911e-01  1.9717e+00
  1   7  1.7824e+00 -3.4245e+00  1.7500e+00  1.4026e-01  1.6162e+01  1.9443e+01  2.4958e+01 -1  1 -5.7474e-01  1.9682e+00
  1   7  1.7816e+00 -3.4446e+00  1.7500e+00  1.4032e-01  1.7355e+01  2.1170e+01  2.7697e+01 -1  1 -5.7040e-01  1.9648e+00
  1   7  1.7809e+00 -3.4649e+00  1.7500e+00  1.4038e-01  1.8708e+01  2.3183e+01  3.0986e+01 -1  1 -5.6607e-01  1.9614e+00
  1   7  1.7801e+00 -3.4853e+00  1.7500e+00  1.4044e-01  2.0256e+01  2.5561e+01  3.4994e+01 -1  1 -5.6178e-01  1.9580e+00
  1   7  1.7794e+00 -3.5060e+00  1.7500e+00  1.4050e-01  2.2046e+01  2.8408e+01  3.9959e+01 -1  1 -5.5750e-01  1.9546e+00
  1   7  1.7786e+00 -3.5269e+00  1.7500e+00  1.4056e-01  2.4139e+01  3.1877e+01  4.6228e+01 -1  1 -5.5325e-01  1.9512e+00
  1   7  1.7778e+00 -3.5480e+00  1.7500e+00  1.4062e-01  2.6623e+01  3.6190e+01  5.4311e+01 -1  1 -5.4901e-01  1.9479e+00
  1   7  1.7771e+00 -3.5693e+00  1.7500e+00  1.4068e-01  2.9617e+01  4.1684e+01  6.4988e+01 -1  1 -5.4481e-01  1.9446e+00
  1   7  1.7763e+00 -3.5908e+00  1.7500e+00  1.4074e-01  3.3299e+01  4.8895e+01  7.9481e+01 -1  1 -5.4062e-01  1.9413e+00
  1   7  1.7756e+00 -3.6125e+00  1.7500e+00  1.4080e-01  3.7938e+01  5.8713e+01  9.9786e+01 -1  1 -5.3645e-01  1.9380e+00
  1   7  1.7748e+00 -3.6345e+00  1.7500e+00  1.4086e-01  4.3966e+01  7.2716e+01  1.2931e+02 -1  1 -5.3231e-01  1.9347e+00
  1   7  1.7741e+00 -3.6567e+00  1.7500e+00  1.4092e-01  5.2118e+01  9.3894e+01  1.7429e+02 -1  1 -5.2819e-01  1.9314e+00
  1   7  1.7733e+00 -3.6791e+00  1.7500e+00  1.4098e-01  6.3757e+01  1.2842e+02  2.4709e+02 -1  1 -5.2409e-01  1.9282e+00
  1   7  1.7725e+00 -3.7017e+00  1.7500e+00  1.4104e-01  8.1718e+01  1.9047e+02  3.7555e+02 -1  1 -5.2000e-01  1.9249e+00
  1   7  1.7718e+00 -3.7246e+00  1.7500e+00  1.4110e-01  1.1299e+02  3.1768e+02  6.3361e+02 -1  1 -5.1595e-01  1.9217e+00
  1   7  1.7710e+00 -3.7477e+00  1.7500e+00  1.4116e-01  1.8029e+02  6.3816e+02  1.2761e+03 -1  1 -5.1191e-01  1.9185e+00
  1   7  1.7703e+00 -3.7711e+00  1.7500e+00  1.4122e-01  4.1097e+02  1.8615e+03  3.7230e+03 -1  1 -5.0789e-01  1.9153e+00
  1   7  1.7695e+00 -3.7947e+00  1.7500e+00  1.4128e-01  4.1582e+03  2.0790e+04  4.1580e+04 -1  1 -5.0389e-01  1.9121e+00
