Circular: qc = 0.8, qa = 2.8, mu = 2.0, epsa = 0.2
 8.0000e-01  2.8000e+00  0.0000e-04  2.0000e+00  2.0000e-01  2.1460e-01  7.3534e-02  1.4106e-01  4.5418e+01  6.9268e-03  1.5302e-01  2.3636e+00  5.1429e-02  9.5780e-01
 8.0000e-01  2.8000e+00  2.5000e-03  2.0000e+00  2.0000e-01  2.1451e-01  7.3318e-02  1.4120e-01  3.4148e+01  5.3664e-02  2.3712e-01  2.0637e+00  2.5898e-01  9.6495e-01
 8.0000e-01  2.8000e+00  5.0000e-03  2.0000e+00  2.0000e-01  2.1438e-01  7.3018e-02  1.4137e-01  2.6518e+01  1.4980e-01  3.3098e-01  1.7860e+00  5.2116e-01  9.7133e-01
 8.0000e-01  2.8000e+00  7.5000e-03  2.0000e+00  2.0000e-01  2.1422e-01  7.2680e-02  1.4154e-01  2.1831e+01  2.7904e-01  4.1106e-01  1.5775e+00  7.8511e-01  9.7594e-01
 8.0000e-01  2.8000e+00  1.0000e-02  2.0000e+00  2.0000e-01  2.1402e-01  7.2301e-02  1.4172e-01  1.8618e+01  4.3295e-01  4.7841e-01  1.4169e+00  1.0500e+00  9.7937e-01
 8.0000e-01  2.8000e+00  1.5000e-02  2.0000e+00  2.0000e-01  2.1350e-01  7.1405e-02  1.4209e-01  1.4475e+01  7.8986e-01  5.8197e-01  1.1887e+00  1.5812e+00  9.8405e-01
 8.0000e-01  2.8000e+00  2.0000e-02  2.0000e+00  2.0000e-01  2.1278e-01  7.0292e-02  1.4249e-01  1.1927e+01  1.1849e+00  6.5494e-01  1.0392e+00  2.1127e+00  9.8700e-01
 8.0000e-01  2.8000e+00  2.5000e-02  2.0000e+00  2.0000e-01  2.1182e-01  6.8911e-02  1.4291e-01  1.0217e+01  1.5990e+00  7.0721e-01  9.3906e-01  2.6437e+00  9.8895e-01
 8.0000e-01  2.8000e+00  3.0000e-02  2.0000e+00  2.0000e-01  2.1057e-01  6.7199e-02  1.4337e-01  9.0042e+00  2.0218e+00  7.4530e-01  8.7345e-01  3.1737e+00  9.9026e-01
 8.0000e-01  2.8000e+00  3.5000e-02  2.0000e+00  2.0000e-01  2.0895e-01  6.5072e-02  1.4388e-01  8.1133e+00  2.4472e+00  7.7343e-01  8.3479e-01  3.7025e+00  9.9113e-01
 8.0000e-01  2.8000e+00  4.0000e-02  2.0000e+00  2.0000e-01  2.0686e-01  6.2415e-02  1.4445e-01  7.4434e+00  2.8718e+00  7.9433e-01  8.1908e-01  4.2297e+00  9.9167e-01
 8.0000e-01  2.8000e+00  4.5000e-02  2.0000e+00  2.0000e-01  2.0416e-01  5.9069e-02  1.4510e-01  6.9320e+00  3.2931e+00  8.0985e-01  8.2580e-01  4.7550e+00  9.9192e-01
 8.0000e-01  2.8000e+00  5.0000e-02  2.0000e+00  2.0000e-01  2.0066e-01  5.4807e-02  1.4585e-01  6.5407e+00  3.7092e+00  8.2115e-01  8.5683e-01  5.2782e+00  9.9191e-01
 8.0000e-01  2.8000e+00  5.5000e-02  2.0000e+00  2.0000e-01  1.9606e-01  4.9290e-02  1.4677e-01  6.2431e+00  4.1183e+00  8.2903e-01  9.1745e-01  5.7986e+00  9.9161e-01
 8.0000e-01  2.8000e+00  6.0000e-02  2.0000e+00  2.0000e-01  1.8992e-01  4.1994e-02  1.4792e-01  6.0227e+00  4.5184e+00  8.3396e-01  1.0186e+00  6.3152e+00  9.9094e-01
 8.0000e-01  2.8000e+00  6.5000e-02  2.0000e+00  2.0000e-01  1.8152e-01  3.2059e-02  1.4947e-01  5.8669e+00  4.9073e+00  8.3627e-01  1.1814e+00  6.8264e+00  9.8975e-01
 8.0000e-01  2.8000e+00  6.7500e-02  2.0000e+00  2.0000e-01  1.7613e-01  2.5670e-02  1.5046e-01  5.8113e+00  5.0966e+00  8.3646e-01  1.2981e+00  7.0789e+00  9.8885e-01
 8.0000e-01  2.8000e+00  7.0000e-02  2.0000e+00  2.0000e-01  1.6965e-01  1.7972e-02  1.5167e-01  5.7689e+00  5.2820e+00  8.3603e-01  1.4503e+00  7.3285e+00  9.8765e-01
 8.0000e-01  2.8000e+00  7.2500e-02  2.0000e+00  2.0000e-01  1.6175e-01  8.5527e-03  1.5319e-01  5.7400e+00  5.4629e+00  8.3495e-01  1.6533e+00  7.5738e+00  9.8602e-01
 8.0000e-01  2.8000e+00  7.5000e-02  2.0000e+00  2.0000e-01  1.5196e-01 -3.1933e-03  1.5515e-01  5.7233e+00  5.6390e+00  8.3324e-01  1.9335e+00  7.8126e+00  9.8371e-01
 8.0000e-01  2.8000e+00  7.6000e-02  2.0000e+00  2.0000e-01  1.4737e-01 -8.7348e-03  1.5610e-01  5.7203e+00  5.7078e+00  8.3235e-01  2.0771e+00  7.9055e+00  9.8250e-01
 8.0000e-01  2.8000e+00  7.7000e-02  2.0000e+00  2.0000e-01  1.4231e-01 -1.4870e-02  1.5717e-01  5.7194e+00  5.7756e+00  8.3135e-01  2.2453e+00  7.9962e+00  9.8107e-01
 8.0000e-01  2.8000e+00  7.8000e-02  2.0000e+00  2.0000e-01  1.3670e-01 -2.1694e-02  1.5840e-01  5.7206e+00  5.8425e+00  8.3023e-01  2.4446e+00  8.0842e+00  9.7935e-01
 8.0000e-01  2.8000e+00  7.9000e-02  2.0000e+00  2.0000e-01  1.3047e-01 -2.9326e-02  1.5980e-01  5.7235e+00  5.9084e+00  8.2901e-01  2.6844e+00  8.1686e+00  9.7725e-01
 8.0000e-01  2.8000e+00  8.0000e-02  2.0000e+00  2.0000e-01  1.2350e-01 -3.7912e-02  1.6141e-01  5.7281e+00  5.9733e+00  8.2768e-01  2.9776e+00  8.2482e+00  9.7464e-01
 8.0000e-01  2.8000e+00  8.1000e-02  2.0000e+00  2.0000e-01  1.1566e-01 -4.7636e-02  1.6330e-01  5.7353e+00  6.0368e+00  8.2619e-01  3.3438e+00  8.3210e+00  9.7130e-01
 8.0000e-01  2.8000e+00  8.2000e-02  2.0000e+00  2.0000e-01  1.0678e-01 -5.8732e-02  1.6552e-01  5.7440e+00  6.0993e+00  8.2461e-01  3.8139e+00  8.3837e+00  9.6689e-01
 8.0000e-01  2.8000e+00  8.3000e-02  2.0000e+00  2.0000e-01  9.6660e-02 -7.1501e-02  1.6816e-01  5.7549e+00  6.1604e+00  8.2288e-01  4.4374e+00  8.4311e+00  9.6084e-01
 8.0000e-01  2.8000e+00  8.4000e-02  2.0000e+00  2.0000e-01  8.5014e-02 -8.6337e-02  1.7135e-01  5.7682e+00  6.2200e+00  8.2099e-01  5.3028e+00  8.4527e+00  9.5203e-01
 8.0000e-01  2.8000e+00  8.5000e-02  2.0000e+00  2.0000e-01  7.1488e-02 -1.0377e-01  1.7526e-01  5.7830e+00  6.2784e+00  8.1899e-01  6.5824e+00  8.4268e+00  9.3814e-01
 8.0000e-01  2.8000e+00  8.6000e-02  2.0000e+00  2.0000e-01  5.5599e-02 -1.2452e-01  1.8012e-01  5.7997e+00  6.3353e+00  8.1685e-01  8.6561e+00  8.2992e+00  9.1338e-01
 8.0000e-01  2.8000e+00  8.7000e-02  2.0000e+00  2.0000e-01  3.6689e-02 -1.4959e-01  1.8628e-01  5.8187e+00  6.3906e+00  8.1455e-01  1.2555e+01  7.8965e+00  8.5925e-01
 8.0000e-01  2.8000e+00  8.7500e-02  2.0000e+00  2.0000e-01  2.5826e-02 -1.6418e-01  1.9000e-01  5.8290e+00  6.4176e+00  8.1334e-01  1.6095e+01  7.4109e+00  8.0189e-01
 8.0000e-01  2.8000e+00  8.8000e-02  2.0000e+00  2.0000e-01  1.3832e-02 -1.8043e-01  1.9427e-01  5.8401e+00  6.4441e+00  8.1207e-01  2.2089e+01  6.4087e+00  6.8957e-01
 8.0000e-01  2.8000e+00  8.8250e-02  2.0000e+00  2.0000e-01  7.3561e-03 -1.8928e-01  1.9663e-01  5.8456e+00  6.4573e+00  8.1144e-01  2.6799e+01  5.5160e+00  5.9187e-01
 8.0000e-01  2.8000e+00  8.8500e-02  2.0000e+00  2.0000e-01  5.2612e-04 -1.9866e-01  1.9918e-01  5.8615e+00  6.4976e+00  8.0959e-01  3.3437e+01  4.1942e+00  4.4879e-01
