Circular: qc = 0.8, qa = 2.8, mu = 2.0, epsa = 0.2
 8.0000e-01  2.8000e+00  0.0000e-04  2.0000e+00  2.0000e-01   1  2.9084e-01  4.2786e-01  2  8.3186e-01  8.4618e-01   1/1    5.0171e+02 -6.0461e-21   1/2   -2.3554e+01  8.2002e-14   2/1   -2.3554e+01 -8.2001e-14   2/2    4.5508e+00 -6.9886e-21
 8.0000e-01  2.8000e+00  2.5000e-03  2.0000e+00  2.0000e-01   1  2.9093e-01  4.2797e-01  2  8.3197e-01  8.4627e-01   1/1    5.0768e+02 -1.5034e-20   1/2   -2.4693e+01  8.2420e-14   2/1   -2.4693e+01 -8.2420e-14   2/2    4.6591e+00 -3.5185e-21
 8.0000e-01  2.8000e+00  5.0000e-03  2.0000e+00  2.0000e-01   1  2.9106e-01  4.2810e-01  2  8.3211e-01  8.4638e-01   1/1    5.1567e+02 -1.0623e-20   1/2   -2.6178e+01  9.4701e-14   2/1   -2.6178e+01 -9.4701e-14   2/2    4.8038e+00 -1.2936e-21
 8.0000e-01  2.8000e+00  7.5000e-03  2.0000e+00  2.0000e-01   1  2.9118e-01  4.2824e-01  2  8.3225e-01  8.4650e-01   1/1    5.2432e+02 -7.6914e-21   1/2   -2.7738e+01  1.0475e-13   2/1   -2.7738e+01 -1.0475e-13   2/2    4.9597e+00 -1.7399e-21
 8.0000e-01  2.8000e+00  1.0000e-02  2.0000e+00  2.0000e-01   1  2.9131e-01  4.2838e-01  2  8.3239e-01  8.4661e-01   1/1    5.3366e+02 -1.7388e-20   1/2   -2.9381e+01  1.1906e-13   2/1   -2.9381e+01 -1.1906e-13   2/2    5.1277e+00 -8.0265e-21
 8.0000e-01  2.8000e+00  1.5000e-02  2.0000e+00  2.0000e-01   1  2.9157e-01  4.2866e-01  2  8.3268e-01  8.4685e-01   1/1    5.5472e+02 -1.2783e-20   1/2   -3.2953e+01  1.3160e-13   2/1   -3.2953e+01 -1.3160e-13   2/2    5.5048e+00 -6.8897e-21
 8.0000e-01  2.8000e+00  2.0000e-02  2.0000e+00  2.0000e-01   1  2.9183e-01  4.2895e-01  2  8.3297e-01  8.4709e-01   1/1    5.7948e+02 -1.3853e-20   1/2   -3.6979e+01  1.4926e-13   2/1   -3.6979e+01 -1.4926e-13   2/2    5.9461e+00 -3.2277e-21
 8.0000e-01  2.8000e+00  2.5000e-02  2.0000e+00  2.0000e-01   1  2.9211e-01  4.2925e-01  2  8.3327e-01  8.4734e-01   1/1    6.0878e+02 -2.6421e-20   1/2   -4.1571e+01  1.8207e-13   2/1   -4.1571e+01 -1.8207e-13   2/2    6.4661e+00  4.2951e-21
 8.0000e-01  2.8000e+00  3.0000e-02  2.0000e+00  2.0000e-01   1  2.9239e-01  4.2956e-01  2  8.3358e-01  8.4759e-01   1/1    6.4373e+02 -3.2387e-20   1/2   -4.6878e+01  2.1743e-13   2/1   -4.6878e+01 -2.1743e-13   2/2    7.0844e+00 -1.6342e-20
 8.0000e-01  2.8000e+00  3.5000e-02  2.0000e+00  2.0000e-01   1  2.9268e-01  4.2987e-01  2  8.3389e-01  8.4785e-01   1/1    6.8589e+02 -1.1124e-20   1/2   -5.3107e+01  2.4865e-13   2/1   -5.3107e+01 -2.4865e-13   2/2    7.8278e+00  2.4007e-20
 8.0000e-01  2.8000e+00  4.0000e-02  2.0000e+00  2.0000e-01   1  2.9298e-01  4.3019e-01  2  8.3421e-01  8.4810e-01   1/1    7.3743e+02 -3.4709e-20   1/2   -6.0547e+01  3.3073e-13   2/1   -6.0547e+01 -3.3073e-13   2/2    8.7343e+00  3.8891e-21
 8.0000e-01  2.8000e+00  4.5000e-02  2.0000e+00  2.0000e-01   1  2.9328e-01  4.3052e-01  2  8.3453e-01  8.4837e-01   1/1    8.0154e+02 -4.6913e-20   1/2   -6.9620e+01  3.3280e-13   2/1   -6.9620e+01 -3.3280e-13   2/2    9.8594e+00  5.3226e-21
 8.0000e-01  2.8000e+00  5.0000e-02  2.0000e+00  2.0000e-01   1  2.9359e-01  4.3085e-01  2  8.3486e-01  8.4863e-01   1/1    8.8309e+02 -1.3335e-20   1/2   -8.0968e+01  4.2229e-13   2/1   -8.0968e+01 -4.2229e-13   2/2    1.1288e+01  2.9505e-21
 8.0000e-01  2.8000e+00  5.5000e-02  2.0000e+00  2.0000e-01   1  2.9391e-01  4.3119e-01  2  8.3519e-01  8.4890e-01   1/1    9.8981e+02 -4.2973e-20   1/2   -9.5615e+01  5.3825e-13   2/1   -9.5615e+01 -5.3825e-13   2/2    1.3154e+01  4.0704e-21
 8.0000e-01  2.8000e+00  6.0000e-02  2.0000e+00  2.0000e-01   1  2.9423e-01  4.3153e-01  2  8.3553e-01  8.4917e-01   1/1    1.1349e+03 -3.0922e-20   1/2   -1.1530e+02  6.4613e-13   2/1   -1.1530e+02 -6.4613e-13   2/2    1.5687e+01  3.5553e-21
 8.0000e-01  2.8000e+00  6.5000e-02  2.0000e+00  2.0000e-01   1  2.9456e-01  4.3188e-01  2  8.3587e-01  8.4945e-01   1/1    1.3428e+03 -1.9872e-20   1/2   -1.4325e+02  8.0314e-13   2/1   -1.4325e+02 -8.0314e-13   2/2    1.9313e+01 -1.5997e-20
 8.0000e-01  2.8000e+00  6.7500e-02  2.0000e+00  2.0000e-01   1  2.9473e-01  4.3206e-01  2  8.3604e-01  8.4959e-01   1/1    1.4842e+03  8.6015e-20   1/2   -1.6216e+02  9.1684e-13   2/1   -1.6216e+02 -9.1684e-13   2/2    2.1778e+01 -2.9029e-21
 8.0000e-01  2.8000e+00  7.0000e-02  2.0000e+00  2.0000e-01   1  2.9490e-01  4.3224e-01  2  8.3621e-01  8.4973e-01   1/1    1.6642e+03  2.8583e-20   1/2   -1.8615e+02  1.0335e-12   2/1   -1.8615e+02 -1.0335e-12   2/2    2.4913e+01  1.8840e-20
 8.0000e-01  2.8000e+00  7.2500e-02  2.0000e+00  2.0000e-01   1  2.9507e-01  4.3242e-01  2  8.3639e-01  8.4987e-01   1/1    1.9008e+03  2.3727e-19   1/2   -2.1760e+02  1.3257e-12   2/1   -2.1760e+02 -1.3257e-12   2/2    2.9032e+01 -2.3927e-20
 8.0000e-01  2.8000e+00  7.5000e-02  2.0000e+00  2.0000e-01   1  2.9524e-01  4.3260e-01  2  8.3656e-01  8.5001e-01   1/1    2.2252e+03  1.6921e-19   1/2   -2.6063e+02  1.5321e-12   2/1   -2.6063e+02 -1.5321e-12   2/2    3.4680e+01 -4.9119e-22
 8.0000e-01  2.8000e+00  7.6000e-02  2.0000e+00  2.0000e-01   1  2.9531e-01  4.3267e-01  2  8.3663e-01  8.5006e-01   1/1    2.3913e+03  4.0507e-19   1/2   -2.8264e+02  1.7191e-12   2/1   -2.8264e+02 -1.7191e-12   2/2    3.7572e+01  5.4987e-20
 8.0000e-01  2.8000e+00  7.7000e-02  2.0000e+00  2.0000e-01   1  2.9538e-01  4.3274e-01  2  8.3670e-01  8.5012e-01   1/1    2.5864e+03  2.8380e-19   1/2   -3.0847e+02  1.8377e-12   2/1   -3.0847e+02 -1.8377e-12   2/2    4.0967e+01  6.5521e-20
 8.0000e-01  2.8000e+00  7.8000e-02  2.0000e+00  2.0000e-01   1  2.9545e-01  4.3282e-01  2  8.3677e-01  8.5018e-01   1/1    2.8187e+03  6.7125e-19   1/2   -3.3920e+02  2.0409e-12   2/1   -3.3920e+02 -2.0409e-12   2/2    4.5010e+01  8.3760e-20
 8.0000e-01  2.8000e+00  7.9000e-02  2.0000e+00  2.0000e-01   1  2.9552e-01  4.3289e-01  2  8.3684e-01  8.5023e-01   1/1    3.0999e+03  7.9541e-19   1/2   -3.7637e+02  2.2541e-12   2/1   -3.7637e+02 -2.2541e-12   2/2    4.9902e+01  1.4676e-20
 8.0000e-01  2.8000e+00  8.0000e-02  2.0000e+00  2.0000e-01   1  2.9559e-01  4.3296e-01  2  8.3691e-01  8.5029e-01   1/1    3.4472e+03  9.9832e-19   1/2   -4.2227e+02  2.6231e-12   2/1   -4.2227e+02 -2.6231e-12   2/2    5.5945e+01 -4.4432e-20
 8.0000e-01  2.8000e+00  8.1000e-02  2.0000e+00  2.0000e-01   1  2.9566e-01  4.3304e-01  2  8.3698e-01  8.5035e-01   1/1    3.8869e+03  1.3525e-18   1/2   -4.8036e+02  3.0234e-12   2/1   -4.8036e+02 -3.0234e-12   2/2    6.3596e+01  3.3318e-20
 8.0000e-01  2.8000e+00  8.2000e-02  2.0000e+00  2.0000e-01   1  2.9573e-01  4.3311e-01  2  8.3705e-01  8.5040e-01   1/1    4.4618e+03  1.7450e-18   1/2   -5.5627e+02  3.4157e-12   2/1   -5.5627e+02 -3.4157e-12   2/2    7.3596e+01 -3.6836e-20
 8.0000e-01  2.8000e+00  8.3000e-02  2.0000e+00  2.0000e-01   1  2.9580e-01  4.3318e-01  2  8.3712e-01  8.5046e-01   1/1    5.2451e+03  2.8925e-18   1/2   -6.5967e+02  4.2796e-12   2/1   -6.5967e+02 -4.2796e-12   2/2    8.7223e+01  7.5655e-20
 8.0000e-01  2.8000e+00  8.4000e-02  2.0000e+00  2.0000e-01   1  2.9587e-01  4.3326e-01  2  8.3720e-01  8.5052e-01   1/1    6.3752e+03  4.1511e-18   1/2   -8.0881e+02  5.3549e-12   2/1   -8.0881e+02 -5.3549e-12   2/2    1.0688e+02  8.9965e-20
 8.0000e-01  2.8000e+00  8.5000e-02  2.0000e+00  2.0000e-01   1  2.9594e-01  4.3333e-01  2  8.3727e-01  8.5057e-01   1/1    8.1480e+03  7.7843e-18   1/2   -1.0427e+03  6.7727e-12   2/1   -1.0427e+03 -6.7727e-12   2/2    1.3772e+02  2.7657e-19
 8.0000e-01  2.8000e+00  8.6000e-02  2.0000e+00  2.0000e-01   1  2.9601e-01  4.3341e-01  2  8.3734e-01  8.5063e-01   1/1    1.1329e+04  1.4693e-17   1/2   -1.4623e+03  9.5615e-12   2/1   -1.4623e+03 -9.5615e-12   2/2    1.9305e+02  4.7945e-19
 8.0000e-01  2.8000e+00  8.7000e-02  2.0000e+00  2.0000e-01   1  2.9608e-01  4.3348e-01  2  8.3741e-01  8.5069e-01   1/1    1.8699e+04  4.3470e-17   1/2   -2.4344e+03  1.6211e-11   2/1   -2.4344e+03 -1.6211e-11   2/2    3.2125e+02  6.6332e-19
 8.0000e-01  2.8000e+00  8.7500e-02  2.0000e+00  2.0000e-01   1  2.9612e-01  4.3352e-01  2  8.3744e-01  8.5072e-01   1/1    2.7810e+04  9.7385e-17   1/2   -3.6361e+03  2.3356e-11   2/1   -3.6361e+03 -2.3356e-11   2/2    4.7973e+02  1.7773e-18
 8.0000e-01  2.8000e+00  8.8000e-02  2.0000e+00  2.0000e-01   1  2.9615e-01  4.3356e-01  2  8.3748e-01  8.5074e-01   1/1    5.4488e+04  4.0432e-16   1/2   -7.1545e+03  4.6590e-11   2/1   -7.1545e+03 -4.6590e-11   2/2    9.4376e+02  7.5063e-18
 8.0000e-01  2.8000e+00  8.8500e-02  2.0000e+00  2.0000e-01   1  2.9619e-01  4.3360e-01  2  8.3752e-01  8.5077e-01   1/1    1.5072e+06  2.9428e-13   1/2   -1.9874e+05  1.2341e-09   2/1   -1.9874e+05 -1.2341e-09   2/2    2.6212e+04  5.1237e-15
 8.0000e-01  2.8000e+00  8.8250e-02  2.0000e+00  2.0000e-01   1  2.9617e-01  4.3358e-01  2  8.3750e-01  8.5076e-01   1/1    1.0506e+05  1.5556e-15   1/2   -1.3824e+04  9.3640e-11   2/1   -1.3824e+04 -9.3640e-11   2/2    1.8234e+03  2.8068e-17
